[0.236s] DEBUG:colcon:Command line arguments: ['/usr/bin/colcon', 'build']
[0.236s] DEBUG:colcon:Parsed command line arguments: Namespace(log_base=None, log_level=None, verb_name='build', build_base='build', install_base='install', merge_install=False, symlink_install=False, test_result_base=None, continue_on_error=False, executor='parallel', parallel_workers=4, event_handlers=None, ignore_user_meta=False, metas=['./colcon.meta'], base_paths=['.'], packages_ignore=None, packages_ignore_regex=None, paths=None, packages_up_to=None, packages_up_to_regex=None, packages_above=None, packages_above_and_dependencies=None, packages_above_depth=None, packages_select_by_dep=None, packages_skip_by_dep=None, packages_skip_up_to=None, packages_select_build_failed=False, packages_skip_build_finished=False, packages_select_test_failures=False, packages_skip_test_passed=False, packages_select=None, packages_skip=None, packages_select_regex=None, packages_skip_regex=None, packages_start=None, packages_end=None, allow_overriding=[], cmake_args=None, cmake_target=None, cmake_target_skip_unavailable=False, cmake_clean_cache=False, cmake_clean_first=False, cmake_force_configure=False, ament_cmake_args=None, catkin_cmake_args=None, catkin_skip_building_tests=False, mixin_files=None, mixin=None, verb_parser=<colcon_mixin.mixin.mixin_argument.MixinArgumentDecorator object at 0x778dc0b47880>, verb_extension=<colcon_core.verb.build.BuildVerb object at 0x778dc0c5ff40>, main=<bound method BuildVerb.main of <colcon_core.verb.build.BuildVerb object at 0x778dc0c5ff40>>, mixin_verb=('build',))
[0.614s] Level 1:colcon.colcon_core.package_discovery:discover_packages(colcon_meta) check parameters
[0.614s] Level 1:colcon.colcon_core.package_discovery:discover_packages(recursive) check parameters
[0.614s] Level 1:colcon.colcon_core.package_discovery:discover_packages(ignore) check parameters
[0.614s] Level 1:colcon.colcon_core.package_discovery:discover_packages(path) check parameters
[0.614s] Level 1:colcon.colcon_core.package_discovery:discover_packages(colcon_meta) discover
[0.614s] Level 1:colcon.colcon_core.package_discovery:discover_packages(recursive) discover
[0.615s] INFO:colcon.colcon_core.package_discovery:Crawling recursively for packages in '/home/sathvik/git/Ros2/gbasic'
[0.615s] Level 1:colcon.colcon_core.package_identification:_identify(.) by extensions ['ignore', 'ignore_ament_install']
[0.615s] Level 1:colcon.colcon_core.package_identification:_identify(.) by extension 'ignore'
[0.615s] Level 1:colcon.colcon_core.package_identification:_identify(.) by extension 'ignore_ament_install'
[0.615s] Level 1:colcon.colcon_core.package_identification:_identify(.) by extensions ['colcon_pkg']
[0.615s] Level 1:colcon.colcon_core.package_identification:_identify(.) by extension 'colcon_pkg'
[0.615s] Level 1:colcon.colcon_core.package_identification:_identify(.) by extensions ['colcon_meta']
[0.616s] Level 1:colcon.colcon_core.package_identification:_identify(.) by extension 'colcon_meta'
[0.616s] Level 1:colcon.colcon_core.package_identification:_identify(.) by extensions ['ros']
[0.616s] Level 1:colcon.colcon_core.package_identification:_identify(.) by extension 'ros'
[0.639s] Level 1:colcon.colcon_core.package_identification:_identify(.) by extensions ['cmake', 'python']
[0.639s] Level 1:colcon.colcon_core.package_identification:_identify(.) by extension 'cmake'
[0.639s] Level 1:colcon.colcon_core.package_identification:_identify(.) by extension 'python'
[0.639s] Level 1:colcon.colcon_core.package_identification:_identify(.) by extensions ['python_setup_py']
[0.639s] Level 1:colcon.colcon_core.package_identification:_identify(.) by extension 'python_setup_py'
[0.639s] Level 1:colcon.colcon_core.package_identification:_identify(build) by extensions ['ignore', 'ignore_ament_install']
[0.640s] Level 1:colcon.colcon_core.package_identification:_identify(build) by extension 'ignore'
[0.640s] Level 1:colcon.colcon_core.package_identification:_identify(build) ignored
[0.640s] Level 1:colcon.colcon_core.package_identification:_identify(install) by extensions ['ignore', 'ignore_ament_install']
[0.640s] Level 1:colcon.colcon_core.package_identification:_identify(install) by extension 'ignore'
[0.640s] Level 1:colcon.colcon_core.package_identification:_identify(install) ignored
[0.641s] Level 1:colcon.colcon_core.package_identification:_identify(log) by extensions ['ignore', 'ignore_ament_install']
[0.641s] Level 1:colcon.colcon_core.package_identification:_identify(log) by extension 'ignore'
[0.641s] Level 1:colcon.colcon_core.package_identification:_identify(log) ignored
[0.641s] Level 1:colcon.colcon_core.package_identification:_identify(src) by extensions ['ignore', 'ignore_ament_install']
[0.641s] Level 1:colcon.colcon_core.package_identification:_identify(src) by extension 'ignore'
[0.641s] Level 1:colcon.colcon_core.package_identification:_identify(src) by extension 'ignore_ament_install'
[0.641s] Level 1:colcon.colcon_core.package_identification:_identify(src) by extensions ['colcon_pkg']
[0.641s] Level 1:colcon.colcon_core.package_identification:_identify(src) by extension 'colcon_pkg'
[0.642s] Level 1:colcon.colcon_core.package_identification:_identify(src) by extensions ['colcon_meta']
[0.642s] Level 1:colcon.colcon_core.package_identification:_identify(src) by extension 'colcon_meta'
[0.642s] Level 1:colcon.colcon_core.package_identification:_identify(src) by extensions ['ros']
[0.642s] Level 1:colcon.colcon_core.package_identification:_identify(src) by extension 'ros'
[0.642s] Level 1:colcon.colcon_core.package_identification:_identify(src) by extensions ['cmake', 'python']
[0.642s] Level 1:colcon.colcon_core.package_identification:_identify(src) by extension 'cmake'
[0.642s] Level 1:colcon.colcon_core.package_identification:_identify(src) by extension 'python'
[0.642s] Level 1:colcon.colcon_core.package_identification:_identify(src) by extensions ['python_setup_py']
[0.642s] Level 1:colcon.colcon_core.package_identification:_identify(src) by extension 'python_setup_py'
[0.642s] Level 1:colcon.colcon_core.package_identification:_identify(src/package) by extensions ['ignore', 'ignore_ament_install']
[0.643s] Level 1:colcon.colcon_core.package_identification:_identify(src/package) by extension 'ignore'
[0.643s] Level 1:colcon.colcon_core.package_identification:_identify(src/package) by extension 'ignore_ament_install'
[0.643s] Level 1:colcon.colcon_core.package_identification:_identify(src/package) by extensions ['colcon_pkg']
[0.643s] Level 1:colcon.colcon_core.package_identification:_identify(src/package) by extension 'colcon_pkg'
[0.643s] Level 1:colcon.colcon_core.package_identification:_identify(src/package) by extensions ['colcon_meta']
[0.643s] Level 1:colcon.colcon_core.package_identification:_identify(src/package) by extension 'colcon_meta'
[0.643s] Level 1:colcon.colcon_core.package_identification:_identify(src/package) by extensions ['ros']
[0.643s] Level 1:colcon.colcon_core.package_identification:_identify(src/package) by extension 'ros'
[0.648s] DEBUG:colcon.colcon_core.package_identification:Package 'src/package' with type 'ros.ament_cmake' and name 'package'
[0.648s] Level 1:colcon.colcon_core.package_discovery:discover_packages(recursive) using defaults
[0.649s] Level 1:colcon.colcon_core.package_discovery:discover_packages(ignore) discover
[0.649s] Level 1:colcon.colcon_core.package_discovery:discover_packages(ignore) using defaults
[0.649s] Level 1:colcon.colcon_core.package_discovery:discover_packages(path) discover
[0.649s] Level 1:colcon.colcon_core.package_discovery:discover_packages(path) using defaults
[0.711s] Level 1:colcon.colcon_core.package_discovery:discover_packages(prefix_path) check parameters
[0.711s] Level 1:colcon.colcon_core.package_discovery:discover_packages(prefix_path) discover
[0.715s] DEBUG:colcon.colcon_installed_package_information.package_discovery:Found 1 installed packages in /home/sathvik/git/Ros2/gbasic/install
[0.717s] DEBUG:colcon.colcon_installed_package_information.package_discovery:Found 313 installed packages in /opt/ros/iron
[0.721s] Level 1:colcon.colcon_core.package_discovery:discover_packages(prefix_path) using defaults
[0.820s] Level 5:colcon.colcon_core.verb:set package 'package' build argument 'cmake_args' from command line to 'None'
[0.820s] Level 5:colcon.colcon_core.verb:set package 'package' build argument 'cmake_target' from command line to 'None'
[0.820s] Level 5:colcon.colcon_core.verb:set package 'package' build argument 'cmake_target_skip_unavailable' from command line to 'False'
[0.820s] Level 5:colcon.colcon_core.verb:set package 'package' build argument 'cmake_clean_cache' from command line to 'False'
[0.820s] Level 5:colcon.colcon_core.verb:set package 'package' build argument 'cmake_clean_first' from command line to 'False'
[0.820s] Level 5:colcon.colcon_core.verb:set package 'package' build argument 'cmake_force_configure' from command line to 'False'
[0.820s] Level 5:colcon.colcon_core.verb:set package 'package' build argument 'ament_cmake_args' from command line to 'None'
[0.820s] Level 5:colcon.colcon_core.verb:set package 'package' build argument 'catkin_cmake_args' from command line to 'None'
[0.820s] Level 5:colcon.colcon_core.verb:set package 'package' build argument 'catkin_skip_building_tests' from command line to 'False'
[0.821s] DEBUG:colcon.colcon_core.verb:Building package 'package' with the following arguments: {'ament_cmake_args': None, 'build_base': '/home/sathvik/git/Ros2/gbasic/build/package', 'catkin_cmake_args': None, 'catkin_skip_building_tests': False, 'cmake_args': None, 'cmake_clean_cache': False, 'cmake_clean_first': False, 'cmake_force_configure': False, 'cmake_target': None, 'cmake_target_skip_unavailable': False, 'install_base': '/home/sathvik/git/Ros2/gbasic/install/package', 'merge_install': False, 'path': '/home/sathvik/git/Ros2/gbasic/src/package', 'symlink_install': False, 'test_result_base': None}
[0.821s] INFO:colcon.colcon_core.executor:Executing jobs using 'parallel' executor
[0.823s] DEBUG:colcon.colcon_parallel_executor.executor.parallel:run_until_complete
[0.823s] INFO:colcon.colcon_ros.task.ament_cmake.build:Building ROS package in '/home/sathvik/git/Ros2/gbasic/src/package' with build type 'ament_cmake'
[0.823s] INFO:colcon.colcon_cmake.task.cmake.build:Building CMake package in '/home/sathvik/git/Ros2/gbasic/src/package'
[0.827s] INFO:colcon.colcon_core.plugin_system:Skipping extension 'colcon_core.shell.bat': Not used on non-Windows systems
[0.828s] INFO:colcon.colcon_core.shell:Skip shell extension 'powershell' for command environment: Not usable outside of PowerShell
[0.828s] DEBUG:colcon.colcon_core.shell:Skip shell extension 'dsv' for command environment
[0.847s] DEBUG:colcon.colcon_core.event_handler.log_command:Invoking command in '/home/sathvik/git/Ros2/gbasic/build/package': CMAKE_PREFIX_PATH=${CMAKE_PREFIX_PATH}:/opt/ros/iron /usr/bin/cmake --build /home/sathvik/git/Ros2/gbasic/build/package -- -j4 -l4
[0.932s] DEBUG:colcon.colcon_core.event_handler.log_command:Invoked command in '/home/sathvik/git/Ros2/gbasic/build/package' returned '0': CMAKE_PREFIX_PATH=${CMAKE_PREFIX_PATH}:/opt/ros/iron /usr/bin/cmake --build /home/sathvik/git/Ros2/gbasic/build/package -- -j4 -l4
[1.001s] DEBUG:colcon.colcon_core.event_handler.log_command:Invoking command in '/home/sathvik/git/Ros2/gbasic/build/package': CMAKE_PREFIX_PATH=${CMAKE_PREFIX_PATH}:/opt/ros/iron /usr/bin/cmake --install /home/sathvik/git/Ros2/gbasic/build/package
[1.024s] Level 1:colcon.colcon_core.environment:create_environment_scripts_only(package)
[1.025s] DEBUG:colcon.colcon_core.event_handler.log_command:Invoked command in '/home/sathvik/git/Ros2/gbasic/build/package' returned '0': CMAKE_PREFIX_PATH=${CMAKE_PREFIX_PATH}:/opt/ros/iron /usr/bin/cmake --install /home/sathvik/git/Ros2/gbasic/build/package
[1.029s] Level 1:colcon.colcon_core.environment:checking '/home/sathvik/git/Ros2/gbasic/install/package' for CMake module files
[1.030s] Level 1:colcon.colcon_core.environment:checking '/home/sathvik/git/Ros2/gbasic/install/package' for CMake config files
[1.030s] Level 1:colcon.colcon_core.shell:create_environment_hook('package', 'cmake_prefix_path')
[1.031s] INFO:colcon.colcon_core.shell:Creating environment hook '/home/sathvik/git/Ros2/gbasic/install/package/share/package/hook/cmake_prefix_path.ps1'
[1.032s] INFO:colcon.colcon_core.shell:Creating environment descriptor '/home/sathvik/git/Ros2/gbasic/install/package/share/package/hook/cmake_prefix_path.dsv'
[1.033s] INFO:colcon.colcon_core.shell:Creating environment hook '/home/sathvik/git/Ros2/gbasic/install/package/share/package/hook/cmake_prefix_path.sh'
[1.035s] Level 1:colcon.colcon_core.environment:checking '/home/sathvik/git/Ros2/gbasic/install/package/bin'
[1.035s] Level 1:colcon.colcon_core.environment:checking '/home/sathvik/git/Ros2/gbasic/install/package/lib/pkgconfig/package.pc'
[1.035s] Level 1:colcon.colcon_core.environment:checking '/home/sathvik/git/Ros2/gbasic/install/package/lib/python3.10/site-packages'
[1.036s] Level 1:colcon.colcon_core.environment:checking '/home/sathvik/git/Ros2/gbasic/install/package/bin'
[1.036s] INFO:colcon.colcon_core.shell:Creating package script '/home/sathvik/git/Ros2/gbasic/install/package/share/package/package.ps1'
[1.038s] INFO:colcon.colcon_core.shell:Creating package descriptor '/home/sathvik/git/Ros2/gbasic/install/package/share/package/package.dsv'
[1.039s] INFO:colcon.colcon_core.shell:Creating package script '/home/sathvik/git/Ros2/gbasic/install/package/share/package/package.sh'
[1.040s] INFO:colcon.colcon_core.shell:Creating package script '/home/sathvik/git/Ros2/gbasic/install/package/share/package/package.bash'
[1.042s] INFO:colcon.colcon_core.shell:Creating package script '/home/sathvik/git/Ros2/gbasic/install/package/share/package/package.zsh'
[1.043s] Level 1:colcon.colcon_core.environment:create_file_with_runtime_dependencies(/home/sathvik/git/Ros2/gbasic/install/package/share/colcon-core/packages/package)
[1.087s] Level 1:colcon.colcon_core.environment:create_environment_scripts_only(package)
[1.088s] Level 1:colcon.colcon_core.environment:checking '/home/sathvik/git/Ros2/gbasic/install/package' for CMake module files
[1.089s] Level 1:colcon.colcon_core.environment:checking '/home/sathvik/git/Ros2/gbasic/install/package' for CMake config files
[1.090s] Level 1:colcon.colcon_core.shell:create_environment_hook('package', 'cmake_prefix_path')
[1.090s] INFO:colcon.colcon_core.shell:Creating environment hook '/home/sathvik/git/Ros2/gbasic/install/package/share/package/hook/cmake_prefix_path.ps1'
[1.091s] INFO:colcon.colcon_core.shell:Creating environment descriptor '/home/sathvik/git/Ros2/gbasic/install/package/share/package/hook/cmake_prefix_path.dsv'
[1.092s] INFO:colcon.colcon_core.shell:Creating environment hook '/home/sathvik/git/Ros2/gbasic/install/package/share/package/hook/cmake_prefix_path.sh'
[1.093s] Level 1:colcon.colcon_core.environment:checking '/home/sathvik/git/Ros2/gbasic/install/package/bin'
[1.093s] Level 1:colcon.colcon_core.environment:checking '/home/sathvik/git/Ros2/gbasic/install/package/lib/pkgconfig/package.pc'
[1.094s] Level 1:colcon.colcon_core.environment:checking '/home/sathvik/git/Ros2/gbasic/install/package/lib/python3.10/site-packages'
[1.094s] Level 1:colcon.colcon_core.environment:checking '/home/sathvik/git/Ros2/gbasic/install/package/bin'
[1.095s] INFO:colcon.colcon_core.shell:Creating package script '/home/sathvik/git/Ros2/gbasic/install/package/share/package/package.ps1'
[1.096s] INFO:colcon.colcon_core.shell:Creating package descriptor '/home/sathvik/git/Ros2/gbasic/install/package/share/package/package.dsv'
[1.097s] INFO:colcon.colcon_core.shell:Creating package script '/home/sathvik/git/Ros2/gbasic/install/package/share/package/package.sh'
[1.098s] INFO:colcon.colcon_core.shell:Creating package script '/home/sathvik/git/Ros2/gbasic/install/package/share/package/package.bash'
[1.098s] INFO:colcon.colcon_core.shell:Creating package script '/home/sathvik/git/Ros2/gbasic/install/package/share/package/package.zsh'
[1.099s] Level 1:colcon.colcon_core.environment:create_file_with_runtime_dependencies(/home/sathvik/git/Ros2/gbasic/install/package/share/colcon-core/packages/package)
[1.100s] DEBUG:colcon.colcon_parallel_executor.executor.parallel:closing loop
[1.100s] DEBUG:colcon.colcon_parallel_executor.executor.parallel:loop closed
[1.101s] DEBUG:colcon.colcon_parallel_executor.executor.parallel:run_until_complete finished with '0'
[1.101s] DEBUG:colcon.colcon_core.event_reactor:joining thread
[1.110s] INFO:colcon.colcon_core.plugin_system:Skipping extension 'colcon_notification.desktop_notification.terminal_notifier': Not used on non-Darwin systems
[1.111s] INFO:colcon.colcon_core.plugin_system:Skipping extension 'colcon_notification.desktop_notification.win32': Not used on non-Windows systems
[1.111s] INFO:colcon.colcon_notification.desktop_notification:Sending desktop notification using 'notify2'
[1.129s] DEBUG:colcon.colcon_core.event_reactor:joined thread
[1.130s] INFO:colcon.colcon_core.shell:Creating prefix script '/home/sathvik/git/Ros2/gbasic/install/local_setup.ps1'
[1.134s] INFO:colcon.colcon_core.shell:Creating prefix util module '/home/sathvik/git/Ros2/gbasic/install/_local_setup_util_ps1.py'
[1.138s] INFO:colcon.colcon_core.shell:Creating prefix chain script '/home/sathvik/git/Ros2/gbasic/install/setup.ps1'
[1.140s] INFO:colcon.colcon_core.shell:Creating prefix script '/home/sathvik/git/Ros2/gbasic/install/local_setup.sh'
[1.141s] INFO:colcon.colcon_core.shell:Creating prefix util module '/home/sathvik/git/Ros2/gbasic/install/_local_setup_util_sh.py'
[1.142s] INFO:colcon.colcon_core.shell:Creating prefix chain script '/home/sathvik/git/Ros2/gbasic/install/setup.sh'
[1.144s] INFO:colcon.colcon_core.shell:Creating prefix script '/home/sathvik/git/Ros2/gbasic/install/local_setup.bash'
[1.144s] INFO:colcon.colcon_core.shell:Creating prefix chain script '/home/sathvik/git/Ros2/gbasic/install/setup.bash'
[1.146s] INFO:colcon.colcon_core.shell:Creating prefix script '/home/sathvik/git/Ros2/gbasic/install/local_setup.zsh'
[1.147s] INFO:colcon.colcon_core.shell:Creating prefix chain script '/home/sathvik/git/Ros2/gbasic/install/setup.zsh'
