[0.009s] Invoking command in '/home/sathvik/git/Ros2/drone/build/package': CMAKE_PREFIX_PATH=${CMAKE_PREFIX_PATH}:/opt/ros/iron /usr/bin/cmake --build /home/sathvik/git/Ros2/drone/build/package -- -j4 -l4
[0.166s] -- Found ament_cmake: 2.0.6 (/opt/ros/iron/share/ament_cmake/cmake)
[0.733s] -- Found ament_lint_auto: 0.14.4 (/opt/ros/iron/share/ament_lint_auto/cmake)
[0.911s] -- Added test 'flake8' to check Python code syntax and style conventions
[0.911s] -- Configured 'flake8' exclude dirs and/or files: 
[0.912s] -- Added test 'lint_cmake' to check CMake code style
[0.913s] -- Added test 'pep257' to check Python code against some of the docstring style conventions in PEP 257
[0.915s] -- Added test 'xmllint' to check XML markup files
[0.917s] -- Configuring done
[0.941s] -- Generating done
[0.943s] -- Build files have been written to: /home/sathvik/git/Ros2/drone/build/package
[0.962s] Invoked command in '/home/sathvik/git/Ros2/drone/build/package' returned '0': CMAKE_PREFIX_PATH=${CMAKE_PREFIX_PATH}:/opt/ros/iron /usr/bin/cmake --build /home/sathvik/git/Ros2/drone/build/package -- -j4 -l4
[0.988s] Invoking command in '/home/sathvik/git/Ros2/drone/build/package': CMAKE_PREFIX_PATH=${CMAKE_PREFIX_PATH}:/opt/ros/iron /usr/bin/cmake --install /home/sathvik/git/Ros2/drone/build/package
[0.995s] -- Install configuration: ""
[0.995s] -- Up-to-date: /home/sathvik/git/Ros2/drone/install/package/share/package/launch
[0.995s] -- Installing: /home/sathvik/git/Ros2/drone/install/package/share/package/launch/launch.py
[0.995s] -- Up-to-date: /home/sathvik/git/Ros2/drone/install/package/share/package/urdf
[0.995s] -- Up-to-date: /home/sathvik/git/Ros2/drone/install/package/share/package/urdf/drone.urdf
[0.995s] -- Installing: /home/sathvik/git/Ros2/drone/install/package/share/package/urdf/file.world
[0.995s] -- Installing: /home/sathvik/git/Ros2/drone/install/package/share/ament_index/resource_index/package_run_dependencies/package
[0.996s] -- Installing: /home/sathvik/git/Ros2/drone/install/package/share/ament_index/resource_index/parent_prefix_path/package
[0.996s] -- Up-to-date: /home/sathvik/git/Ros2/drone/install/package/share/package/environment/ament_prefix_path.sh
[0.996s] -- Up-to-date: /home/sathvik/git/Ros2/drone/install/package/share/package/environment/ament_prefix_path.dsv
[0.996s] -- Up-to-date: /home/sathvik/git/Ros2/drone/install/package/share/package/environment/path.sh
[0.996s] -- Up-to-date: /home/sathvik/git/Ros2/drone/install/package/share/package/environment/path.dsv
[0.996s] -- Up-to-date: /home/sathvik/git/Ros2/drone/install/package/share/package/local_setup.bash
[0.996s] -- Up-to-date: /home/sathvik/git/Ros2/drone/install/package/share/package/local_setup.sh
[0.996s] -- Up-to-date: /home/sathvik/git/Ros2/drone/install/package/share/package/local_setup.zsh
[0.996s] -- Up-to-date: /home/sathvik/git/Ros2/drone/install/package/share/package/local_setup.dsv
[0.996s] -- Installing: /home/sathvik/git/Ros2/drone/install/package/share/package/package.dsv
[0.996s] -- Up-to-date: /home/sathvik/git/Ros2/drone/install/package/share/ament_index/resource_index/packages/package
[0.996s] -- Up-to-date: /home/sathvik/git/Ros2/drone/install/package/share/package/cmake/packageConfig.cmake
[0.997s] -- Up-to-date: /home/sathvik/git/Ros2/drone/install/package/share/package/cmake/packageConfig-version.cmake
[0.997s] -- Installing: /home/sathvik/git/Ros2/drone/install/package/share/package/package.xml
[0.998s] Invoked command in '/home/sathvik/git/Ros2/drone/build/package' returned '0': CMAKE_PREFIX_PATH=${CMAKE_PREFIX_PATH}:/opt/ros/iron /usr/bin/cmake --install /home/sathvik/git/Ros2/drone/build/package
