[3.392s] DEBUG:colcon:Command line arguments: ['/usr/bin/colcon', 'build']
[3.392s] DEBUG:colcon:Parsed command line arguments: Namespace(log_base=None, log_level=None, verb_name='build', build_base='build', install_base='install', merge_install=False, symlink_install=False, test_result_base=None, continue_on_error=False, executor='parallel', parallel_workers=4, event_handlers=None, ignore_user_meta=False, metas=['./colcon.meta'], base_paths=['.'], packages_ignore=None, packages_ignore_regex=None, paths=None, packages_up_to=None, packages_up_to_regex=None, packages_above=None, packages_above_and_dependencies=None, packages_above_depth=None, packages_select_by_dep=None, packages_skip_by_dep=None, packages_skip_up_to=None, packages_select_build_failed=False, packages_skip_build_finished=False, packages_select_test_failures=False, packages_skip_test_passed=False, packages_select=None, packages_skip=None, packages_select_regex=None, packages_skip_regex=None, packages_start=None, packages_end=None, allow_overriding=[], cmake_args=None, cmake_target=None, cmake_target_skip_unavailable=False, cmake_clean_cache=False, cmake_clean_first=False, cmake_force_configure=False, ament_cmake_args=None, catkin_cmake_args=None, catkin_skip_building_tests=False, mixin_files=None, mixin=None, verb_parser=<colcon_mixin.mixin.mixin_argument.MixinArgumentDecorator object at 0x7a2a9dbd7a90>, verb_extension=<colcon_core.verb.build.BuildVerb object at 0x7a2a9dd7c190>, main=<bound method BuildVerb.main of <colcon_core.verb.build.BuildVerb object at 0x7a2a9dd7c190>>, mixin_verb=('build',))
[10.283s] Level 1:colcon.colcon_core.package_discovery:discover_packages(colcon_meta) check parameters
[10.284s] Level 1:colcon.colcon_core.package_discovery:discover_packages(recursive) check parameters
[10.284s] Level 1:colcon.colcon_core.package_discovery:discover_packages(ignore) check parameters
[10.284s] Level 1:colcon.colcon_core.package_discovery:discover_packages(path) check parameters
[10.284s] Level 1:colcon.colcon_core.package_discovery:discover_packages(colcon_meta) discover
[10.284s] Level 1:colcon.colcon_core.package_discovery:discover_packages(recursive) discover
[10.284s] INFO:colcon.colcon_core.package_discovery:Crawling recursively for packages in '/home/sathvik/git/Ros2/rosnav2'
[10.284s] Level 1:colcon.colcon_core.package_identification:_identify(.) by extensions ['ignore', 'ignore_ament_install']
[10.285s] Level 1:colcon.colcon_core.package_identification:_identify(.) by extension 'ignore'
[10.285s] Level 1:colcon.colcon_core.package_identification:_identify(.) by extension 'ignore_ament_install'
[10.285s] Level 1:colcon.colcon_core.package_identification:_identify(.) by extensions ['colcon_pkg']
[10.285s] Level 1:colcon.colcon_core.package_identification:_identify(.) by extension 'colcon_pkg'
[10.285s] Level 1:colcon.colcon_core.package_identification:_identify(.) by extensions ['colcon_meta']
[10.285s] Level 1:colcon.colcon_core.package_identification:_identify(.) by extension 'colcon_meta'
[10.285s] Level 1:colcon.colcon_core.package_identification:_identify(.) by extensions ['ros']
[10.285s] Level 1:colcon.colcon_core.package_identification:_identify(.) by extension 'ros'
[10.322s] Level 1:colcon.colcon_core.package_identification:_identify(.) by extensions ['cmake', 'python']
[10.322s] Level 1:colcon.colcon_core.package_identification:_identify(.) by extension 'cmake'
[10.322s] Level 1:colcon.colcon_core.package_identification:_identify(.) by extension 'python'
[10.322s] Level 1:colcon.colcon_core.package_identification:_identify(.) by extensions ['python_setup_py']
[10.322s] Level 1:colcon.colcon_core.package_identification:_identify(.) by extension 'python_setup_py'
[10.339s] Level 1:colcon.colcon_core.package_identification:_identify(build) by extensions ['ignore', 'ignore_ament_install']
[10.340s] Level 1:colcon.colcon_core.package_identification:_identify(build) by extension 'ignore'
[10.340s] Level 1:colcon.colcon_core.package_identification:_identify(build) ignored
[10.341s] Level 1:colcon.colcon_core.package_identification:_identify(install) by extensions ['ignore', 'ignore_ament_install']
[10.341s] Level 1:colcon.colcon_core.package_identification:_identify(install) by extension 'ignore'
[10.341s] Level 1:colcon.colcon_core.package_identification:_identify(install) ignored
[10.342s] Level 1:colcon.colcon_core.package_identification:_identify(log) by extensions ['ignore', 'ignore_ament_install']
[10.342s] Level 1:colcon.colcon_core.package_identification:_identify(log) by extension 'ignore'
[10.342s] Level 1:colcon.colcon_core.package_identification:_identify(log) ignored
[10.342s] Level 1:colcon.colcon_core.package_identification:_identify(src) by extensions ['ignore', 'ignore_ament_install']
[10.342s] Level 1:colcon.colcon_core.package_identification:_identify(src) by extension 'ignore'
[10.342s] Level 1:colcon.colcon_core.package_identification:_identify(src) by extension 'ignore_ament_install'
[10.343s] Level 1:colcon.colcon_core.package_identification:_identify(src) by extensions ['colcon_pkg']
[10.343s] Level 1:colcon.colcon_core.package_identification:_identify(src) by extension 'colcon_pkg'
[10.343s] Level 1:colcon.colcon_core.package_identification:_identify(src) by extensions ['colcon_meta']
[10.343s] Level 1:colcon.colcon_core.package_identification:_identify(src) by extension 'colcon_meta'
[10.343s] Level 1:colcon.colcon_core.package_identification:_identify(src) by extensions ['ros']
[10.343s] Level 1:colcon.colcon_core.package_identification:_identify(src) by extension 'ros'
[10.343s] Level 1:colcon.colcon_core.package_identification:_identify(src) by extensions ['cmake', 'python']
[10.343s] Level 1:colcon.colcon_core.package_identification:_identify(src) by extension 'cmake'
[10.343s] Level 1:colcon.colcon_core.package_identification:_identify(src) by extension 'python'
[10.343s] Level 1:colcon.colcon_core.package_identification:_identify(src) by extensions ['python_setup_py']
[10.343s] Level 1:colcon.colcon_core.package_identification:_identify(src) by extension 'python_setup_py'
[10.343s] Level 1:colcon.colcon_core.package_identification:_identify(src/package) by extensions ['ignore', 'ignore_ament_install']
[10.344s] Level 1:colcon.colcon_core.package_identification:_identify(src/package) by extension 'ignore'
[10.344s] Level 1:colcon.colcon_core.package_identification:_identify(src/package) by extension 'ignore_ament_install'
[10.344s] Level 1:colcon.colcon_core.package_identification:_identify(src/package) by extensions ['colcon_pkg']
[10.344s] Level 1:colcon.colcon_core.package_identification:_identify(src/package) by extension 'colcon_pkg'
[10.344s] Level 1:colcon.colcon_core.package_identification:_identify(src/package) by extensions ['colcon_meta']
[10.344s] Level 1:colcon.colcon_core.package_identification:_identify(src/package) by extension 'colcon_meta'
[10.344s] Level 1:colcon.colcon_core.package_identification:_identify(src/package) by extensions ['ros']
[10.344s] Level 1:colcon.colcon_core.package_identification:_identify(src/package) by extension 'ros'
[10.376s] DEBUG:colcon.colcon_core.package_identification:Package 'src/package' with type 'ros.ament_cmake' and name 'package'
[10.376s] Level 1:colcon.colcon_core.package_discovery:discover_packages(recursive) using defaults
[10.376s] Level 1:colcon.colcon_core.package_discovery:discover_packages(ignore) discover
[10.376s] Level 1:colcon.colcon_core.package_discovery:discover_packages(ignore) using defaults
[10.377s] Level 1:colcon.colcon_core.package_discovery:discover_packages(path) discover
[10.377s] Level 1:colcon.colcon_core.package_discovery:discover_packages(path) using defaults
[10.621s] Level 1:colcon.colcon_core.package_discovery:discover_packages(prefix_path) check parameters
[10.622s] Level 1:colcon.colcon_core.package_discovery:discover_packages(prefix_path) discover
[10.647s] DEBUG:colcon.colcon_installed_package_information.package_discovery:Found 1 installed packages in /home/sathvik/git/Ros2/rosnav2/install
[10.702s] DEBUG:colcon.colcon_installed_package_information.package_discovery:Found 359 installed packages in /opt/ros/iron
[10.706s] Level 1:colcon.colcon_core.package_discovery:discover_packages(prefix_path) using defaults
[14.564s] Level 5:colcon.colcon_core.verb:set package 'package' build argument 'cmake_args' from command line to 'None'
[14.564s] Level 5:colcon.colcon_core.verb:set package 'package' build argument 'cmake_target' from command line to 'None'
[14.564s] Level 5:colcon.colcon_core.verb:set package 'package' build argument 'cmake_target_skip_unavailable' from command line to 'False'
[14.564s] Level 5:colcon.colcon_core.verb:set package 'package' build argument 'cmake_clean_cache' from command line to 'False'
[14.564s] Level 5:colcon.colcon_core.verb:set package 'package' build argument 'cmake_clean_first' from command line to 'False'
[14.564s] Level 5:colcon.colcon_core.verb:set package 'package' build argument 'cmake_force_configure' from command line to 'False'
[14.564s] Level 5:colcon.colcon_core.verb:set package 'package' build argument 'ament_cmake_args' from command line to 'None'
[14.564s] Level 5:colcon.colcon_core.verb:set package 'package' build argument 'catkin_cmake_args' from command line to 'None'
[14.564s] Level 5:colcon.colcon_core.verb:set package 'package' build argument 'catkin_skip_building_tests' from command line to 'False'
[14.564s] DEBUG:colcon.colcon_core.verb:Building package 'package' with the following arguments: {'ament_cmake_args': None, 'build_base': '/home/sathvik/git/Ros2/rosnav2/build/package', 'catkin_cmake_args': None, 'catkin_skip_building_tests': False, 'cmake_args': None, 'cmake_clean_cache': False, 'cmake_clean_first': False, 'cmake_force_configure': False, 'cmake_target': None, 'cmake_target_skip_unavailable': False, 'install_base': '/home/sathvik/git/Ros2/rosnav2/install/package', 'merge_install': False, 'path': '/home/sathvik/git/Ros2/rosnav2/src/package', 'symlink_install': False, 'test_result_base': None}
[14.564s] INFO:colcon.colcon_core.executor:Executing jobs using 'parallel' executor
[14.565s] DEBUG:colcon.colcon_parallel_executor.executor.parallel:run_until_complete
[14.565s] INFO:colcon.colcon_ros.task.ament_cmake.build:Building ROS package in '/home/sathvik/git/Ros2/rosnav2/src/package' with build type 'ament_cmake'
[14.566s] INFO:colcon.colcon_cmake.task.cmake.build:Building CMake package in '/home/sathvik/git/Ros2/rosnav2/src/package'
[14.792s] INFO:colcon.colcon_core.plugin_system:Skipping extension 'colcon_core.shell.bat': Not used on non-Windows systems
[14.792s] INFO:colcon.colcon_core.shell:Skip shell extension 'powershell' for command environment: Not usable outside of PowerShell
[14.792s] DEBUG:colcon.colcon_core.shell:Skip shell extension 'dsv' for command environment
[14.873s] DEBUG:colcon.colcon_core.event_handler.log_command:Invoking command in '/home/sathvik/git/Ros2/rosnav2/build/package': CMAKE_PREFIX_PATH=${CMAKE_PREFIX_PATH}:/opt/ros/iron /usr/bin/cmake --build /home/sathvik/git/Ros2/rosnav2/build/package -- -j4 -l4
[15.399s] DEBUG:colcon.colcon_core.event_handler.log_command:Invoked command in '/home/sathvik/git/Ros2/rosnav2/build/package' returned '0': CMAKE_PREFIX_PATH=${CMAKE_PREFIX_PATH}:/opt/ros/iron /usr/bin/cmake --build /home/sathvik/git/Ros2/rosnav2/build/package -- -j4 -l4
[15.425s] DEBUG:colcon.colcon_core.event_handler.log_command:Invoking command in '/home/sathvik/git/Ros2/rosnav2/build/package': CMAKE_PREFIX_PATH=${CMAKE_PREFIX_PATH}:/opt/ros/iron /usr/bin/cmake --install /home/sathvik/git/Ros2/rosnav2/build/package
[15.534s] Level 1:colcon.colcon_core.environment:create_environment_scripts_only(package)
[15.536s] DEBUG:colcon.colcon_core.event_handler.log_command:Invoked command in '/home/sathvik/git/Ros2/rosnav2/build/package' returned '0': CMAKE_PREFIX_PATH=${CMAKE_PREFIX_PATH}:/opt/ros/iron /usr/bin/cmake --install /home/sathvik/git/Ros2/rosnav2/build/package
[15.655s] Level 1:colcon.colcon_core.environment:checking '/home/sathvik/git/Ros2/rosnav2/install/package' for CMake module files
[15.657s] Level 1:colcon.colcon_core.environment:checking '/home/sathvik/git/Ros2/rosnav2/install/package' for CMake config files
[15.659s] Level 1:colcon.colcon_core.shell:create_environment_hook('package', 'cmake_prefix_path')
[15.660s] INFO:colcon.colcon_core.shell:Creating environment hook '/home/sathvik/git/Ros2/rosnav2/install/package/share/package/hook/cmake_prefix_path.ps1'
[15.685s] INFO:colcon.colcon_core.shell:Creating environment descriptor '/home/sathvik/git/Ros2/rosnav2/install/package/share/package/hook/cmake_prefix_path.dsv'
[15.699s] INFO:colcon.colcon_core.shell:Creating environment hook '/home/sathvik/git/Ros2/rosnav2/install/package/share/package/hook/cmake_prefix_path.sh'
[15.701s] Level 1:colcon.colcon_core.environment:checking '/home/sathvik/git/Ros2/rosnav2/install/package/bin'
[15.702s] Level 1:colcon.colcon_core.environment:checking '/home/sathvik/git/Ros2/rosnav2/install/package/lib/pkgconfig/package.pc'
[15.702s] Level 1:colcon.colcon_core.environment:checking '/home/sathvik/git/Ros2/rosnav2/install/package/lib/python3.10/site-packages'
[15.703s] Level 1:colcon.colcon_core.environment:checking '/home/sathvik/git/Ros2/rosnav2/install/package/bin'
[15.704s] INFO:colcon.colcon_core.shell:Creating package script '/home/sathvik/git/Ros2/rosnav2/install/package/share/package/package.ps1'
[15.705s] INFO:colcon.colcon_core.shell:Creating package descriptor '/home/sathvik/git/Ros2/rosnav2/install/package/share/package/package.dsv'
[15.707s] INFO:colcon.colcon_core.shell:Creating package script '/home/sathvik/git/Ros2/rosnav2/install/package/share/package/package.sh'
[15.709s] INFO:colcon.colcon_core.shell:Creating package script '/home/sathvik/git/Ros2/rosnav2/install/package/share/package/package.bash'
[15.738s] INFO:colcon.colcon_core.shell:Creating package script '/home/sathvik/git/Ros2/rosnav2/install/package/share/package/package.zsh'
[15.750s] Level 1:colcon.colcon_core.environment:create_file_with_runtime_dependencies(/home/sathvik/git/Ros2/rosnav2/install/package/share/colcon-core/packages/package)
[15.777s] Level 1:colcon.colcon_core.environment:create_environment_scripts_only(package)
[15.777s] Level 1:colcon.colcon_core.environment:checking '/home/sathvik/git/Ros2/rosnav2/install/package' for CMake module files
[15.777s] Level 1:colcon.colcon_core.environment:checking '/home/sathvik/git/Ros2/rosnav2/install/package' for CMake config files
[15.778s] Level 1:colcon.colcon_core.shell:create_environment_hook('package', 'cmake_prefix_path')
[15.778s] INFO:colcon.colcon_core.shell:Creating environment hook '/home/sathvik/git/Ros2/rosnav2/install/package/share/package/hook/cmake_prefix_path.ps1'
[15.778s] INFO:colcon.colcon_core.shell:Creating environment descriptor '/home/sathvik/git/Ros2/rosnav2/install/package/share/package/hook/cmake_prefix_path.dsv'
[15.778s] INFO:colcon.colcon_core.shell:Creating environment hook '/home/sathvik/git/Ros2/rosnav2/install/package/share/package/hook/cmake_prefix_path.sh'
[15.779s] Level 1:colcon.colcon_core.environment:checking '/home/sathvik/git/Ros2/rosnav2/install/package/bin'
[15.779s] Level 1:colcon.colcon_core.environment:checking '/home/sathvik/git/Ros2/rosnav2/install/package/lib/pkgconfig/package.pc'
[15.779s] Level 1:colcon.colcon_core.environment:checking '/home/sathvik/git/Ros2/rosnav2/install/package/lib/python3.10/site-packages'
[15.779s] Level 1:colcon.colcon_core.environment:checking '/home/sathvik/git/Ros2/rosnav2/install/package/bin'
[15.780s] INFO:colcon.colcon_core.shell:Creating package script '/home/sathvik/git/Ros2/rosnav2/install/package/share/package/package.ps1'
[15.780s] INFO:colcon.colcon_core.shell:Creating package descriptor '/home/sathvik/git/Ros2/rosnav2/install/package/share/package/package.dsv'
[15.780s] INFO:colcon.colcon_core.shell:Creating package script '/home/sathvik/git/Ros2/rosnav2/install/package/share/package/package.sh'
[15.781s] INFO:colcon.colcon_core.shell:Creating package script '/home/sathvik/git/Ros2/rosnav2/install/package/share/package/package.bash'
[15.781s] INFO:colcon.colcon_core.shell:Creating package script '/home/sathvik/git/Ros2/rosnav2/install/package/share/package/package.zsh'
[15.782s] Level 1:colcon.colcon_core.environment:create_file_with_runtime_dependencies(/home/sathvik/git/Ros2/rosnav2/install/package/share/colcon-core/packages/package)
[15.783s] DEBUG:colcon.colcon_parallel_executor.executor.parallel:closing loop
[15.783s] DEBUG:colcon.colcon_parallel_executor.executor.parallel:loop closed
[15.783s] DEBUG:colcon.colcon_parallel_executor.executor.parallel:run_until_complete finished with '0'
[15.783s] DEBUG:colcon.colcon_core.event_reactor:joining thread
[15.806s] INFO:colcon.colcon_core.plugin_system:Skipping extension 'colcon_notification.desktop_notification.terminal_notifier': Not used on non-Darwin systems
[15.806s] INFO:colcon.colcon_core.plugin_system:Skipping extension 'colcon_notification.desktop_notification.win32': Not used on non-Windows systems
[15.806s] INFO:colcon.colcon_notification.desktop_notification:Sending desktop notification using 'notify2'
[15.818s] DEBUG:colcon.colcon_core.event_reactor:joined thread
[15.819s] INFO:colcon.colcon_core.shell:Creating prefix script '/home/sathvik/git/Ros2/rosnav2/install/local_setup.ps1'
[15.821s] INFO:colcon.colcon_core.shell:Creating prefix util module '/home/sathvik/git/Ros2/rosnav2/install/_local_setup_util_ps1.py'
[15.837s] INFO:colcon.colcon_core.shell:Creating prefix chain script '/home/sathvik/git/Ros2/rosnav2/install/setup.ps1'
[15.839s] INFO:colcon.colcon_core.shell:Creating prefix script '/home/sathvik/git/Ros2/rosnav2/install/local_setup.sh'
[15.840s] INFO:colcon.colcon_core.shell:Creating prefix util module '/home/sathvik/git/Ros2/rosnav2/install/_local_setup_util_sh.py'
[15.840s] INFO:colcon.colcon_core.shell:Creating prefix chain script '/home/sathvik/git/Ros2/rosnav2/install/setup.sh'
[15.842s] INFO:colcon.colcon_core.shell:Creating prefix script '/home/sathvik/git/Ros2/rosnav2/install/local_setup.bash'
[15.856s] INFO:colcon.colcon_core.shell:Creating prefix chain script '/home/sathvik/git/Ros2/rosnav2/install/setup.bash'
[15.858s] INFO:colcon.colcon_core.shell:Creating prefix script '/home/sathvik/git/Ros2/rosnav2/install/local_setup.zsh'
[15.871s] INFO:colcon.colcon_core.shell:Creating prefix chain script '/home/sathvik/git/Ros2/rosnav2/install/setup.zsh'
