[5.110s] DEBUG:colcon:Command line arguments: ['/usr/bin/colcon', 'build']
[5.111s] DEBUG:colcon:Parsed command line arguments: Namespace(log_base=None, log_level=None, verb_name='build', build_base='build', install_base='install', merge_install=False, symlink_install=False, test_result_base=None, continue_on_error=False, executor='parallel', parallel_workers=4, event_handlers=None, ignore_user_meta=False, metas=['./colcon.meta'], base_paths=['.'], packages_ignore=None, packages_ignore_regex=None, paths=None, packages_up_to=None, packages_up_to_regex=None, packages_above=None, packages_above_and_dependencies=None, packages_above_depth=None, packages_select_by_dep=None, packages_skip_by_dep=None, packages_skip_up_to=None, packages_select_build_failed=False, packages_skip_build_finished=False, packages_select_test_failures=False, packages_skip_test_passed=False, packages_select=None, packages_skip=None, packages_select_regex=None, packages_skip_regex=None, packages_start=None, packages_end=None, allow_overriding=[], cmake_args=None, cmake_target=None, cmake_target_skip_unavailable=False, cmake_clean_cache=False, cmake_clean_first=False, cmake_force_configure=False, ament_cmake_args=None, catkin_cmake_args=None, catkin_skip_building_tests=False, mixin_files=None, mixin=None, verb_parser=<colcon_mixin.mixin.mixin_argument.MixinArgumentDecorator object at 0x7e83009afac0>, verb_extension=<colcon_core.verb.build.BuildVerb object at 0x7e8300b801c0>, main=<bound method BuildVerb.main of <colcon_core.verb.build.BuildVerb object at 0x7e8300b801c0>>, mixin_verb=('build',))
[11.247s] Level 1:colcon.colcon_core.package_discovery:discover_packages(colcon_meta) check parameters
[11.247s] Level 1:colcon.colcon_core.package_discovery:discover_packages(recursive) check parameters
[11.247s] Level 1:colcon.colcon_core.package_discovery:discover_packages(ignore) check parameters
[11.247s] Level 1:colcon.colcon_core.package_discovery:discover_packages(path) check parameters
[11.247s] Level 1:colcon.colcon_core.package_discovery:discover_packages(colcon_meta) discover
[11.248s] Level 1:colcon.colcon_core.package_discovery:discover_packages(recursive) discover
[11.248s] INFO:colcon.colcon_core.package_discovery:Crawling recursively for packages in '/home/sathvik/git/Ros2/rosnav2'
[11.248s] Level 1:colcon.colcon_core.package_identification:_identify(.) by extensions ['ignore', 'ignore_ament_install']
[11.248s] Level 1:colcon.colcon_core.package_identification:_identify(.) by extension 'ignore'
[11.248s] Level 1:colcon.colcon_core.package_identification:_identify(.) by extension 'ignore_ament_install'
[11.248s] Level 1:colcon.colcon_core.package_identification:_identify(.) by extensions ['colcon_pkg']
[11.249s] Level 1:colcon.colcon_core.package_identification:_identify(.) by extension 'colcon_pkg'
[11.249s] Level 1:colcon.colcon_core.package_identification:_identify(.) by extensions ['colcon_meta']
[11.249s] Level 1:colcon.colcon_core.package_identification:_identify(.) by extension 'colcon_meta'
[11.249s] Level 1:colcon.colcon_core.package_identification:_identify(.) by extensions ['ros']
[11.249s] Level 1:colcon.colcon_core.package_identification:_identify(.) by extension 'ros'
[11.283s] Level 1:colcon.colcon_core.package_identification:_identify(.) by extensions ['cmake', 'python']
[11.283s] Level 1:colcon.colcon_core.package_identification:_identify(.) by extension 'cmake'
[11.283s] Level 1:colcon.colcon_core.package_identification:_identify(.) by extension 'python'
[11.283s] Level 1:colcon.colcon_core.package_identification:_identify(.) by extensions ['python_setup_py']
[11.283s] Level 1:colcon.colcon_core.package_identification:_identify(.) by extension 'python_setup_py'
[11.283s] Level 1:colcon.colcon_core.package_identification:_identify(build) by extensions ['ignore', 'ignore_ament_install']
[11.283s] Level 1:colcon.colcon_core.package_identification:_identify(build) by extension 'ignore'
[11.283s] Level 1:colcon.colcon_core.package_identification:_identify(build) ignored
[11.283s] Level 1:colcon.colcon_core.package_identification:_identify(install) by extensions ['ignore', 'ignore_ament_install']
[11.284s] Level 1:colcon.colcon_core.package_identification:_identify(install) by extension 'ignore'
[11.284s] Level 1:colcon.colcon_core.package_identification:_identify(install) ignored
[11.284s] Level 1:colcon.colcon_core.package_identification:_identify(log) by extensions ['ignore', 'ignore_ament_install']
[11.284s] Level 1:colcon.colcon_core.package_identification:_identify(log) by extension 'ignore'
[11.284s] Level 1:colcon.colcon_core.package_identification:_identify(log) ignored
[11.284s] Level 1:colcon.colcon_core.package_identification:_identify(src) by extensions ['ignore', 'ignore_ament_install']
[11.284s] Level 1:colcon.colcon_core.package_identification:_identify(src) by extension 'ignore'
[11.284s] Level 1:colcon.colcon_core.package_identification:_identify(src) by extension 'ignore_ament_install'
[11.284s] Level 1:colcon.colcon_core.package_identification:_identify(src) by extensions ['colcon_pkg']
[11.284s] Level 1:colcon.colcon_core.package_identification:_identify(src) by extension 'colcon_pkg'
[11.284s] Level 1:colcon.colcon_core.package_identification:_identify(src) by extensions ['colcon_meta']
[11.284s] Level 1:colcon.colcon_core.package_identification:_identify(src) by extension 'colcon_meta'
[11.284s] Level 1:colcon.colcon_core.package_identification:_identify(src) by extensions ['ros']
[11.284s] Level 1:colcon.colcon_core.package_identification:_identify(src) by extension 'ros'
[11.284s] Level 1:colcon.colcon_core.package_identification:_identify(src) by extensions ['cmake', 'python']
[11.284s] Level 1:colcon.colcon_core.package_identification:_identify(src) by extension 'cmake'
[11.284s] Level 1:colcon.colcon_core.package_identification:_identify(src) by extension 'python'
[11.284s] Level 1:colcon.colcon_core.package_identification:_identify(src) by extensions ['python_setup_py']
[11.284s] Level 1:colcon.colcon_core.package_identification:_identify(src) by extension 'python_setup_py'
[11.284s] Level 1:colcon.colcon_core.package_identification:_identify(src/package) by extensions ['ignore', 'ignore_ament_install']
[11.284s] Level 1:colcon.colcon_core.package_identification:_identify(src/package) by extension 'ignore'
[11.285s] Level 1:colcon.colcon_core.package_identification:_identify(src/package) by extension 'ignore_ament_install'
[11.285s] Level 1:colcon.colcon_core.package_identification:_identify(src/package) by extensions ['colcon_pkg']
[11.285s] Level 1:colcon.colcon_core.package_identification:_identify(src/package) by extension 'colcon_pkg'
[11.285s] Level 1:colcon.colcon_core.package_identification:_identify(src/package) by extensions ['colcon_meta']
[11.285s] Level 1:colcon.colcon_core.package_identification:_identify(src/package) by extension 'colcon_meta'
[11.285s] Level 1:colcon.colcon_core.package_identification:_identify(src/package) by extensions ['ros']
[11.285s] Level 1:colcon.colcon_core.package_identification:_identify(src/package) by extension 'ros'
[11.311s] DEBUG:colcon.colcon_core.package_identification:Package 'src/package' with type 'ros.ament_cmake' and name 'package'
[11.311s] Level 1:colcon.colcon_core.package_discovery:discover_packages(recursive) using defaults
[11.311s] Level 1:colcon.colcon_core.package_discovery:discover_packages(ignore) discover
[11.311s] Level 1:colcon.colcon_core.package_discovery:discover_packages(ignore) using defaults
[11.311s] Level 1:colcon.colcon_core.package_discovery:discover_packages(path) discover
[11.311s] Level 1:colcon.colcon_core.package_discovery:discover_packages(path) using defaults
[11.579s] Level 1:colcon.colcon_core.package_discovery:discover_packages(prefix_path) check parameters
[11.580s] Level 1:colcon.colcon_core.package_discovery:discover_packages(prefix_path) discover
[11.587s] DEBUG:colcon.colcon_installed_package_information.package_discovery:Found 359 installed packages in /opt/ros/iron
[11.590s] Level 1:colcon.colcon_core.package_discovery:discover_packages(prefix_path) using defaults
[15.068s] Level 5:colcon.colcon_core.verb:set package 'package' build argument 'cmake_args' from command line to 'None'
[15.069s] Level 5:colcon.colcon_core.verb:set package 'package' build argument 'cmake_target' from command line to 'None'
[15.069s] Level 5:colcon.colcon_core.verb:set package 'package' build argument 'cmake_target_skip_unavailable' from command line to 'False'
[15.069s] Level 5:colcon.colcon_core.verb:set package 'package' build argument 'cmake_clean_cache' from command line to 'False'
[15.069s] Level 5:colcon.colcon_core.verb:set package 'package' build argument 'cmake_clean_first' from command line to 'False'
[15.069s] Level 5:colcon.colcon_core.verb:set package 'package' build argument 'cmake_force_configure' from command line to 'False'
[15.069s] Level 5:colcon.colcon_core.verb:set package 'package' build argument 'ament_cmake_args' from command line to 'None'
[15.069s] Level 5:colcon.colcon_core.verb:set package 'package' build argument 'catkin_cmake_args' from command line to 'None'
[15.069s] Level 5:colcon.colcon_core.verb:set package 'package' build argument 'catkin_skip_building_tests' from command line to 'False'
[15.069s] DEBUG:colcon.colcon_core.verb:Building package 'package' with the following arguments: {'ament_cmake_args': None, 'build_base': '/home/sathvik/git/Ros2/rosnav2/build/package', 'catkin_cmake_args': None, 'catkin_skip_building_tests': False, 'cmake_args': None, 'cmake_clean_cache': False, 'cmake_clean_first': False, 'cmake_force_configure': False, 'cmake_target': None, 'cmake_target_skip_unavailable': False, 'install_base': '/home/sathvik/git/Ros2/rosnav2/install/package', 'merge_install': False, 'path': '/home/sathvik/git/Ros2/rosnav2/src/package', 'symlink_install': False, 'test_result_base': None}
[15.069s] INFO:colcon.colcon_core.executor:Executing jobs using 'parallel' executor
[15.070s] DEBUG:colcon.colcon_parallel_executor.executor.parallel:run_until_complete
[15.070s] INFO:colcon.colcon_ros.task.ament_cmake.build:Building ROS package in '/home/sathvik/git/Ros2/rosnav2/src/package' with build type 'ament_cmake'
[15.070s] INFO:colcon.colcon_cmake.task.cmake.build:Building CMake package in '/home/sathvik/git/Ros2/rosnav2/src/package'
[15.299s] INFO:colcon.colcon_core.plugin_system:Skipping extension 'colcon_core.shell.bat': Not used on non-Windows systems
[15.299s] INFO:colcon.colcon_core.shell:Skip shell extension 'powershell' for command environment: Not usable outside of PowerShell
[15.299s] DEBUG:colcon.colcon_core.shell:Skip shell extension 'dsv' for command environment
[15.386s] DEBUG:colcon.colcon_core.event_handler.log_command:Invoking command in '/home/sathvik/git/Ros2/rosnav2/build/package': CMAKE_PREFIX_PATH=/opt/ros/iron /usr/bin/cmake --build /home/sathvik/git/Ros2/rosnav2/build/package -- -j4 -l4
[16.158s] DEBUG:colcon.colcon_core.event_handler.log_command:Invoked command in '/home/sathvik/git/Ros2/rosnav2/build/package' returned '0': CMAKE_PREFIX_PATH=/opt/ros/iron /usr/bin/cmake --build /home/sathvik/git/Ros2/rosnav2/build/package -- -j4 -l4
[16.184s] DEBUG:colcon.colcon_core.event_handler.log_command:Invoking command in '/home/sathvik/git/Ros2/rosnav2/build/package': CMAKE_PREFIX_PATH=/opt/ros/iron /usr/bin/cmake --install /home/sathvik/git/Ros2/rosnav2/build/package
[16.229s] Level 1:colcon.colcon_core.environment:create_environment_scripts_only(package)
[16.230s] DEBUG:colcon.colcon_core.event_handler.log_command:Invoked command in '/home/sathvik/git/Ros2/rosnav2/build/package' returned '0': CMAKE_PREFIX_PATH=/opt/ros/iron /usr/bin/cmake --install /home/sathvik/git/Ros2/rosnav2/build/package
[16.363s] Level 1:colcon.colcon_core.environment:checking '/home/sathvik/git/Ros2/rosnav2/install/package' for CMake module files
[16.365s] Level 1:colcon.colcon_core.environment:checking '/home/sathvik/git/Ros2/rosnav2/install/package' for CMake config files
[16.366s] Level 1:colcon.colcon_core.shell:create_environment_hook('package', 'cmake_prefix_path')
[16.367s] INFO:colcon.colcon_core.shell:Creating environment hook '/home/sathvik/git/Ros2/rosnav2/install/package/share/package/hook/cmake_prefix_path.ps1'
[16.395s] INFO:colcon.colcon_core.shell:Creating environment descriptor '/home/sathvik/git/Ros2/rosnav2/install/package/share/package/hook/cmake_prefix_path.dsv'
[16.405s] INFO:colcon.colcon_core.shell:Creating environment hook '/home/sathvik/git/Ros2/rosnav2/install/package/share/package/hook/cmake_prefix_path.sh'
[16.408s] Level 1:colcon.colcon_core.environment:checking '/home/sathvik/git/Ros2/rosnav2/install/package/bin'
[16.408s] Level 1:colcon.colcon_core.environment:checking '/home/sathvik/git/Ros2/rosnav2/install/package/lib/pkgconfig/package.pc'
[16.409s] Level 1:colcon.colcon_core.environment:checking '/home/sathvik/git/Ros2/rosnav2/install/package/lib/python3.10/site-packages'
[16.409s] Level 1:colcon.colcon_core.environment:checking '/home/sathvik/git/Ros2/rosnav2/install/package/bin'
[16.410s] INFO:colcon.colcon_core.shell:Creating package script '/home/sathvik/git/Ros2/rosnav2/install/package/share/package/package.ps1'
[16.412s] INFO:colcon.colcon_core.shell:Creating package descriptor '/home/sathvik/git/Ros2/rosnav2/install/package/share/package/package.dsv'
[16.413s] INFO:colcon.colcon_core.shell:Creating package script '/home/sathvik/git/Ros2/rosnav2/install/package/share/package/package.sh'
[16.415s] INFO:colcon.colcon_core.shell:Creating package script '/home/sathvik/git/Ros2/rosnav2/install/package/share/package/package.bash'
[16.445s] INFO:colcon.colcon_core.shell:Creating package script '/home/sathvik/git/Ros2/rosnav2/install/package/share/package/package.zsh'
[16.468s] Level 1:colcon.colcon_core.environment:create_file_with_runtime_dependencies(/home/sathvik/git/Ros2/rosnav2/install/package/share/colcon-core/packages/package)
[16.501s] Level 1:colcon.colcon_core.environment:create_environment_scripts_only(package)
[16.502s] Level 1:colcon.colcon_core.environment:checking '/home/sathvik/git/Ros2/rosnav2/install/package' for CMake module files
[16.502s] Level 1:colcon.colcon_core.environment:checking '/home/sathvik/git/Ros2/rosnav2/install/package' for CMake config files
[16.503s] Level 1:colcon.colcon_core.shell:create_environment_hook('package', 'cmake_prefix_path')
[16.503s] INFO:colcon.colcon_core.shell:Creating environment hook '/home/sathvik/git/Ros2/rosnav2/install/package/share/package/hook/cmake_prefix_path.ps1'
[16.503s] INFO:colcon.colcon_core.shell:Creating environment descriptor '/home/sathvik/git/Ros2/rosnav2/install/package/share/package/hook/cmake_prefix_path.dsv'
[16.504s] INFO:colcon.colcon_core.shell:Creating environment hook '/home/sathvik/git/Ros2/rosnav2/install/package/share/package/hook/cmake_prefix_path.sh'
[16.504s] Level 1:colcon.colcon_core.environment:checking '/home/sathvik/git/Ros2/rosnav2/install/package/bin'
[16.504s] Level 1:colcon.colcon_core.environment:checking '/home/sathvik/git/Ros2/rosnav2/install/package/lib/pkgconfig/package.pc'
[16.505s] Level 1:colcon.colcon_core.environment:checking '/home/sathvik/git/Ros2/rosnav2/install/package/lib/python3.10/site-packages'
[16.505s] Level 1:colcon.colcon_core.environment:checking '/home/sathvik/git/Ros2/rosnav2/install/package/bin'
[16.505s] INFO:colcon.colcon_core.shell:Creating package script '/home/sathvik/git/Ros2/rosnav2/install/package/share/package/package.ps1'
[16.505s] INFO:colcon.colcon_core.shell:Creating package descriptor '/home/sathvik/git/Ros2/rosnav2/install/package/share/package/package.dsv'
[16.506s] INFO:colcon.colcon_core.shell:Creating package script '/home/sathvik/git/Ros2/rosnav2/install/package/share/package/package.sh'
[16.506s] INFO:colcon.colcon_core.shell:Creating package script '/home/sathvik/git/Ros2/rosnav2/install/package/share/package/package.bash'
[16.506s] INFO:colcon.colcon_core.shell:Creating package script '/home/sathvik/git/Ros2/rosnav2/install/package/share/package/package.zsh'
[16.506s] Level 1:colcon.colcon_core.environment:create_file_with_runtime_dependencies(/home/sathvik/git/Ros2/rosnav2/install/package/share/colcon-core/packages/package)
[16.507s] DEBUG:colcon.colcon_parallel_executor.executor.parallel:closing loop
[16.507s] DEBUG:colcon.colcon_parallel_executor.executor.parallel:loop closed
[16.507s] DEBUG:colcon.colcon_parallel_executor.executor.parallel:run_until_complete finished with '0'
[16.507s] DEBUG:colcon.colcon_core.event_reactor:joining thread
[16.539s] INFO:colcon.colcon_core.plugin_system:Skipping extension 'colcon_notification.desktop_notification.terminal_notifier': Not used on non-Darwin systems
[16.539s] INFO:colcon.colcon_core.plugin_system:Skipping extension 'colcon_notification.desktop_notification.win32': Not used on non-Windows systems
[16.539s] INFO:colcon.colcon_notification.desktop_notification:Sending desktop notification using 'notify2'
[16.551s] DEBUG:colcon.colcon_core.event_reactor:joined thread
[16.551s] INFO:colcon.colcon_core.shell:Creating prefix script '/home/sathvik/git/Ros2/rosnav2/install/local_setup.ps1'
[16.552s] INFO:colcon.colcon_core.shell:Creating prefix util module '/home/sathvik/git/Ros2/rosnav2/install/_local_setup_util_ps1.py'
[16.570s] INFO:colcon.colcon_core.shell:Creating prefix chain script '/home/sathvik/git/Ros2/rosnav2/install/setup.ps1'
[16.572s] INFO:colcon.colcon_core.shell:Creating prefix script '/home/sathvik/git/Ros2/rosnav2/install/local_setup.sh'
[16.573s] INFO:colcon.colcon_core.shell:Creating prefix util module '/home/sathvik/git/Ros2/rosnav2/install/_local_setup_util_sh.py'
[16.573s] INFO:colcon.colcon_core.shell:Creating prefix chain script '/home/sathvik/git/Ros2/rosnav2/install/setup.sh'
[16.575s] INFO:colcon.colcon_core.shell:Creating prefix script '/home/sathvik/git/Ros2/rosnav2/install/local_setup.bash'
[16.585s] INFO:colcon.colcon_core.shell:Creating prefix chain script '/home/sathvik/git/Ros2/rosnav2/install/setup.bash'
[16.587s] INFO:colcon.colcon_core.shell:Creating prefix script '/home/sathvik/git/Ros2/rosnav2/install/local_setup.zsh'
[16.619s] INFO:colcon.colcon_core.shell:Creating prefix chain script '/home/sathvik/git/Ros2/rosnav2/install/setup.zsh'
