[0.016s] Invoking command in '/home/sathvik/git/Ros2/basic/build/package': CMAKE_PREFIX_PATH=/opt/ros/iron /usr/bin/cmake --build /home/sathvik/git/Ros2/basic/build/package -- -j4 -l4
[0.037s] -- Found ament_cmake: 2.0.6 (/opt/ros/iron/share/ament_cmake/cmake)
[0.180s] -- Found ament_lint_auto: 0.14.4 (/opt/ros/iron/share/ament_lint_auto/cmake)
[0.247s] -- Added test 'flake8' to check Python code syntax and style conventions
[0.247s] -- Configured 'flake8' exclude dirs and/or files: 
[0.247s] -- Added test 'lint_cmake' to check CMake code style
[0.248s] -- Added test 'pep257' to check Python code against some of the docstring style conventions in PEP 257
[0.248s] -- Added test 'xmllint' to check XML markup files
[0.249s] -- Configuring done
[0.252s] -- Generating done
[0.253s] -- Build files have been written to: /home/sathvik/git/Ros2/basic/build/package
[0.272s] Invoked command in '/home/sathvik/git/Ros2/basic/build/package' returned '0': CMAKE_PREFIX_PATH=/opt/ros/iron /usr/bin/cmake --build /home/sathvik/git/Ros2/basic/build/package -- -j4 -l4
[0.300s] Invoking command in '/home/sathvik/git/Ros2/basic/build/package': CMAKE_PREFIX_PATH=/opt/ros/iron /usr/bin/cmake --install /home/sathvik/git/Ros2/basic/build/package
[0.308s] -- Install configuration: ""
[0.308s] -- Installing: /home/sathvik/git/Ros2/basic/install/package/share/package/launch
[0.308s] -- Installing: /home/sathvik/git/Ros2/basic/install/package/share/package/launch/launch.py
[0.308s] -- Installing: /home/sathvik/git/Ros2/basic/install/package/share/package/urdf
[0.308s] -- Installing: /home/sathvik/git/Ros2/basic/install/package/share/package/urdf/ro.urdf
[0.308s] -- Installing: /home/sathvik/git/Ros2/basic/install/package/share/ament_index/resource_index/package_run_dependencies/package
[0.308s] -- Up-to-date: /home/sathvik/git/Ros2/basic/install/package/share/ament_index/resource_index/parent_prefix_path/package
[0.308s] -- Up-to-date: /home/sathvik/git/Ros2/basic/install/package/share/package/environment/ament_prefix_path.sh
[0.308s] -- Up-to-date: /home/sathvik/git/Ros2/basic/install/package/share/package/environment/ament_prefix_path.dsv
[0.308s] -- Up-to-date: /home/sathvik/git/Ros2/basic/install/package/share/package/environment/path.sh
[0.309s] -- Up-to-date: /home/sathvik/git/Ros2/basic/install/package/share/package/environment/path.dsv
[0.309s] -- Up-to-date: /home/sathvik/git/Ros2/basic/install/package/share/package/local_setup.bash
[0.309s] -- Up-to-date: /home/sathvik/git/Ros2/basic/install/package/share/package/local_setup.sh
[0.309s] -- Up-to-date: /home/sathvik/git/Ros2/basic/install/package/share/package/local_setup.zsh
[0.309s] -- Up-to-date: /home/sathvik/git/Ros2/basic/install/package/share/package/local_setup.dsv
[0.309s] -- Up-to-date: /home/sathvik/git/Ros2/basic/install/package/share/package/package.dsv
[0.309s] -- Up-to-date: /home/sathvik/git/Ros2/basic/install/package/share/ament_index/resource_index/packages/package
[0.309s] -- Up-to-date: /home/sathvik/git/Ros2/basic/install/package/share/package/cmake/packageConfig.cmake
[0.309s] -- Up-to-date: /home/sathvik/git/Ros2/basic/install/package/share/package/cmake/packageConfig-version.cmake
[0.309s] -- Installing: /home/sathvik/git/Ros2/basic/install/package/share/package/package.xml
[0.310s] Invoked command in '/home/sathvik/git/Ros2/basic/build/package' returned '0': CMAKE_PREFIX_PATH=/opt/ros/iron /usr/bin/cmake --install /home/sathvik/git/Ros2/basic/build/package
