[0.189s] Invoking command in '/home/sathvik/git/Ros2/gbasic/build/package': CMAKE_PREFIX_PATH=/opt/ros/iron /usr/bin/cmake --build /home/sathvik/git/Ros2/gbasic/build/package -- -j4 -l4
[0.868s] -- Found ament_cmake: 2.0.6 (/opt/ros/iron/share/ament_cmake/cmake)
[1.174s] -- Found ament_lint_auto: 0.14.4 (/opt/ros/iron/share/ament_lint_auto/cmake)
[1.353s] -- Added test 'flake8' to check Python code syntax and style conventions
[1.353s] -- Configured 'flake8' exclude dirs and/or files: 
[1.354s] -- Added test 'lint_cmake' to check CMake code style
[1.355s] -- Added test 'pep257' to check Python code against some of the docstring style conventions in PEP 257
[1.357s] -- Added test 'xmllint' to check XML markup files
[1.360s] -- Configuring done
[1.369s] -- Generating done
[1.371s] -- Build files have been written to: /home/sathvik/git/Ros2/gbasic/build/package
[1.393s] Invoked command in '/home/sathvik/git/Ros2/gbasic/build/package' returned '0': CMAKE_PREFIX_PATH=/opt/ros/iron /usr/bin/cmake --build /home/sathvik/git/Ros2/gbasic/build/package -- -j4 -l4
[1.417s] Invoking command in '/home/sathvik/git/Ros2/gbasic/build/package': CMAKE_PREFIX_PATH=/opt/ros/iron /usr/bin/cmake --install /home/sathvik/git/Ros2/gbasic/build/package
[1.424s] -- Install configuration: ""
[1.424s] -- Up-to-date: /home/sathvik/git/Ros2/gbasic/install/package/share/package/launch
[1.424s] -- Up-to-date: /home/sathvik/git/Ros2/gbasic/install/package/share/package/launch/launch.py
[1.424s] -- Up-to-date: /home/sathvik/git/Ros2/gbasic/install/package/share/package/urdf
[1.424s] -- Up-to-date: /home/sathvik/git/Ros2/gbasic/install/package/share/package/urdf/robo.urdf
[1.425s] -- Installing: /home/sathvik/git/Ros2/gbasic/install/package/share/ament_index/resource_index/package_run_dependencies/package
[1.425s] -- Installing: /home/sathvik/git/Ros2/gbasic/install/package/share/ament_index/resource_index/parent_prefix_path/package
[1.426s] -- Up-to-date: /home/sathvik/git/Ros2/gbasic/install/package/share/package/environment/ament_prefix_path.sh
[1.426s] -- Up-to-date: /home/sathvik/git/Ros2/gbasic/install/package/share/package/environment/ament_prefix_path.dsv
[1.426s] -- Up-to-date: /home/sathvik/git/Ros2/gbasic/install/package/share/package/environment/path.sh
[1.426s] -- Up-to-date: /home/sathvik/git/Ros2/gbasic/install/package/share/package/environment/path.dsv
[1.426s] -- Up-to-date: /home/sathvik/git/Ros2/gbasic/install/package/share/package/local_setup.bash
[1.426s] -- Up-to-date: /home/sathvik/git/Ros2/gbasic/install/package/share/package/local_setup.sh
[1.426s] -- Up-to-date: /home/sathvik/git/Ros2/gbasic/install/package/share/package/local_setup.zsh
[1.426s] -- Up-to-date: /home/sathvik/git/Ros2/gbasic/install/package/share/package/local_setup.dsv
[1.426s] -- Installing: /home/sathvik/git/Ros2/gbasic/install/package/share/package/package.dsv
[1.426s] -- Up-to-date: /home/sathvik/git/Ros2/gbasic/install/package/share/ament_index/resource_index/packages/package
[1.426s] -- Up-to-date: /home/sathvik/git/Ros2/gbasic/install/package/share/package/cmake/packageConfig.cmake
[1.426s] -- Up-to-date: /home/sathvik/git/Ros2/gbasic/install/package/share/package/cmake/packageConfig-version.cmake
[1.426s] -- Installing: /home/sathvik/git/Ros2/gbasic/install/package/share/package/package.xml
[1.428s] Invoked command in '/home/sathvik/git/Ros2/gbasic/build/package' returned '0': CMAKE_PREFIX_PATH=/opt/ros/iron /usr/bin/cmake --install /home/sathvik/git/Ros2/gbasic/build/package
