[5.294s] DEBUG:colcon:Command line arguments: ['/usr/bin/colcon', 'build']
[5.294s] DEBUG:colcon:Parsed command line arguments: Namespace(log_base=None, log_level=None, verb_name='build', build_base='build', install_base='install', merge_install=False, symlink_install=False, test_result_base=None, continue_on_error=False, executor='parallel', parallel_workers=4, event_handlers=None, ignore_user_meta=False, metas=['./colcon.meta'], base_paths=['.'], packages_ignore=None, packages_ignore_regex=None, paths=None, packages_up_to=None, packages_up_to_regex=None, packages_above=None, packages_above_and_dependencies=None, packages_above_depth=None, packages_select_by_dep=None, packages_skip_by_dep=None, packages_skip_up_to=None, packages_select_build_failed=False, packages_skip_build_finished=False, packages_select_test_failures=False, packages_skip_test_passed=False, packages_select=None, packages_skip=None, packages_select_regex=None, packages_skip_regex=None, packages_start=None, packages_end=None, allow_overriding=[], cmake_args=None, cmake_target=None, cmake_target_skip_unavailable=False, cmake_clean_cache=False, cmake_clean_first=False, cmake_force_configure=False, ament_cmake_args=None, catkin_cmake_args=None, catkin_skip_building_tests=False, mixin_files=None, mixin=None, verb_parser=<colcon_mixin.mixin.mixin_argument.MixinArgumentDecorator object at 0x7227e1143a90>, verb_extension=<colcon_core.verb.build.BuildVerb object at 0x7227e128c190>, main=<bound method BuildVerb.main of <colcon_core.verb.build.BuildVerb object at 0x7227e128c190>>, mixin_verb=('build',))
[12.401s] Level 1:colcon.colcon_core.package_discovery:discover_packages(colcon_meta) check parameters
[12.401s] Level 1:colcon.colcon_core.package_discovery:discover_packages(recursive) check parameters
[12.401s] Level 1:colcon.colcon_core.package_discovery:discover_packages(ignore) check parameters
[12.401s] Level 1:colcon.colcon_core.package_discovery:discover_packages(path) check parameters
[12.401s] Level 1:colcon.colcon_core.package_discovery:discover_packages(colcon_meta) discover
[12.402s] Level 1:colcon.colcon_core.package_discovery:discover_packages(recursive) discover
[12.402s] INFO:colcon.colcon_core.package_discovery:Crawling recursively for packages in '/home/sathvik/git/Ros2/rosnav2'
[12.402s] Level 1:colcon.colcon_core.package_identification:_identify(.) by extensions ['ignore', 'ignore_ament_install']
[12.402s] Level 1:colcon.colcon_core.package_identification:_identify(.) by extension 'ignore'
[12.402s] Level 1:colcon.colcon_core.package_identification:_identify(.) by extension 'ignore_ament_install'
[12.402s] Level 1:colcon.colcon_core.package_identification:_identify(.) by extensions ['colcon_pkg']
[12.402s] Level 1:colcon.colcon_core.package_identification:_identify(.) by extension 'colcon_pkg'
[12.402s] Level 1:colcon.colcon_core.package_identification:_identify(.) by extensions ['colcon_meta']
[12.403s] Level 1:colcon.colcon_core.package_identification:_identify(.) by extension 'colcon_meta'
[12.403s] Level 1:colcon.colcon_core.package_identification:_identify(.) by extensions ['ros']
[12.403s] Level 1:colcon.colcon_core.package_identification:_identify(.) by extension 'ros'
[12.480s] Level 1:colcon.colcon_core.package_identification:_identify(.) by extensions ['cmake', 'python']
[12.480s] Level 1:colcon.colcon_core.package_identification:_identify(.) by extension 'cmake'
[12.480s] Level 1:colcon.colcon_core.package_identification:_identify(.) by extension 'python'
[12.480s] Level 1:colcon.colcon_core.package_identification:_identify(.) by extensions ['python_setup_py']
[12.480s] Level 1:colcon.colcon_core.package_identification:_identify(.) by extension 'python_setup_py'
[12.480s] Level 1:colcon.colcon_core.package_identification:_identify(build) by extensions ['ignore', 'ignore_ament_install']
[12.480s] Level 1:colcon.colcon_core.package_identification:_identify(build) by extension 'ignore'
[12.481s] Level 1:colcon.colcon_core.package_identification:_identify(build) ignored
[12.481s] Level 1:colcon.colcon_core.package_identification:_identify(install) by extensions ['ignore', 'ignore_ament_install']
[12.481s] Level 1:colcon.colcon_core.package_identification:_identify(install) by extension 'ignore'
[12.481s] Level 1:colcon.colcon_core.package_identification:_identify(install) ignored
[12.482s] Level 1:colcon.colcon_core.package_identification:_identify(log) by extensions ['ignore', 'ignore_ament_install']
[12.482s] Level 1:colcon.colcon_core.package_identification:_identify(log) by extension 'ignore'
[12.482s] Level 1:colcon.colcon_core.package_identification:_identify(log) ignored
[12.482s] Level 1:colcon.colcon_core.package_identification:_identify(src) by extensions ['ignore', 'ignore_ament_install']
[12.482s] Level 1:colcon.colcon_core.package_identification:_identify(src) by extension 'ignore'
[12.482s] Level 1:colcon.colcon_core.package_identification:_identify(src) by extension 'ignore_ament_install'
[12.482s] Level 1:colcon.colcon_core.package_identification:_identify(src) by extensions ['colcon_pkg']
[12.482s] Level 1:colcon.colcon_core.package_identification:_identify(src) by extension 'colcon_pkg'
[12.483s] Level 1:colcon.colcon_core.package_identification:_identify(src) by extensions ['colcon_meta']
[12.483s] Level 1:colcon.colcon_core.package_identification:_identify(src) by extension 'colcon_meta'
[12.483s] Level 1:colcon.colcon_core.package_identification:_identify(src) by extensions ['ros']
[12.483s] Level 1:colcon.colcon_core.package_identification:_identify(src) by extension 'ros'
[12.483s] Level 1:colcon.colcon_core.package_identification:_identify(src) by extensions ['cmake', 'python']
[12.483s] Level 1:colcon.colcon_core.package_identification:_identify(src) by extension 'cmake'
[12.483s] Level 1:colcon.colcon_core.package_identification:_identify(src) by extension 'python'
[12.483s] Level 1:colcon.colcon_core.package_identification:_identify(src) by extensions ['python_setup_py']
[12.483s] Level 1:colcon.colcon_core.package_identification:_identify(src) by extension 'python_setup_py'
[12.484s] Level 1:colcon.colcon_core.package_identification:_identify(src/package) by extensions ['ignore', 'ignore_ament_install']
[12.484s] Level 1:colcon.colcon_core.package_identification:_identify(src/package) by extension 'ignore'
[12.484s] Level 1:colcon.colcon_core.package_identification:_identify(src/package) by extension 'ignore_ament_install'
[12.484s] Level 1:colcon.colcon_core.package_identification:_identify(src/package) by extensions ['colcon_pkg']
[12.484s] Level 1:colcon.colcon_core.package_identification:_identify(src/package) by extension 'colcon_pkg'
[12.484s] Level 1:colcon.colcon_core.package_identification:_identify(src/package) by extensions ['colcon_meta']
[12.484s] Level 1:colcon.colcon_core.package_identification:_identify(src/package) by extension 'colcon_meta'
[12.484s] Level 1:colcon.colcon_core.package_identification:_identify(src/package) by extensions ['ros']
[12.484s] Level 1:colcon.colcon_core.package_identification:_identify(src/package) by extension 'ros'
[12.506s] DEBUG:colcon.colcon_core.package_identification:Package 'src/package' with type 'ros.ament_cmake' and name 'package'
[12.507s] Level 1:colcon.colcon_core.package_discovery:discover_packages(recursive) using defaults
[12.507s] Level 1:colcon.colcon_core.package_discovery:discover_packages(ignore) discover
[12.507s] Level 1:colcon.colcon_core.package_discovery:discover_packages(ignore) using defaults
[12.507s] Level 1:colcon.colcon_core.package_discovery:discover_packages(path) discover
[12.507s] Level 1:colcon.colcon_core.package_discovery:discover_packages(path) using defaults
[12.773s] Level 1:colcon.colcon_core.package_discovery:discover_packages(prefix_path) check parameters
[12.773s] Level 1:colcon.colcon_core.package_discovery:discover_packages(prefix_path) discover
[12.789s] DEBUG:colcon.colcon_installed_package_information.package_discovery:Found 1 installed packages in /home/sathvik/git/Ros2/rosnav2/install
[12.792s] DEBUG:colcon.colcon_installed_package_information.package_discovery:Found 359 installed packages in /opt/ros/iron
[12.796s] Level 1:colcon.colcon_core.package_discovery:discover_packages(prefix_path) using defaults
[12.929s] Level 5:colcon.colcon_core.verb:set package 'package' build argument 'cmake_args' from command line to 'None'
[12.929s] Level 5:colcon.colcon_core.verb:set package 'package' build argument 'cmake_target' from command line to 'None'
[12.929s] Level 5:colcon.colcon_core.verb:set package 'package' build argument 'cmake_target_skip_unavailable' from command line to 'False'
[12.929s] Level 5:colcon.colcon_core.verb:set package 'package' build argument 'cmake_clean_cache' from command line to 'False'
[12.929s] Level 5:colcon.colcon_core.verb:set package 'package' build argument 'cmake_clean_first' from command line to 'False'
[12.929s] Level 5:colcon.colcon_core.verb:set package 'package' build argument 'cmake_force_configure' from command line to 'False'
[12.930s] Level 5:colcon.colcon_core.verb:set package 'package' build argument 'ament_cmake_args' from command line to 'None'
[12.930s] Level 5:colcon.colcon_core.verb:set package 'package' build argument 'catkin_cmake_args' from command line to 'None'
[12.930s] Level 5:colcon.colcon_core.verb:set package 'package' build argument 'catkin_skip_building_tests' from command line to 'False'
[12.930s] DEBUG:colcon.colcon_core.verb:Building package 'package' with the following arguments: {'ament_cmake_args': None, 'build_base': '/home/sathvik/git/Ros2/rosnav2/build/package', 'catkin_cmake_args': None, 'catkin_skip_building_tests': False, 'cmake_args': None, 'cmake_clean_cache': False, 'cmake_clean_first': False, 'cmake_force_configure': False, 'cmake_target': None, 'cmake_target_skip_unavailable': False, 'install_base': '/home/sathvik/git/Ros2/rosnav2/install/package', 'merge_install': False, 'path': '/home/sathvik/git/Ros2/rosnav2/src/package', 'symlink_install': False, 'test_result_base': None}
[12.930s] INFO:colcon.colcon_core.executor:Executing jobs using 'parallel' executor
[12.932s] DEBUG:colcon.colcon_parallel_executor.executor.parallel:run_until_complete
[12.933s] INFO:colcon.colcon_ros.task.ament_cmake.build:Building ROS package in '/home/sathvik/git/Ros2/rosnav2/src/package' with build type 'ament_cmake'
[12.933s] INFO:colcon.colcon_cmake.task.cmake.build:Building CMake package in '/home/sathvik/git/Ros2/rosnav2/src/package'
[12.951s] INFO:colcon.colcon_core.plugin_system:Skipping extension 'colcon_core.shell.bat': Not used on non-Windows systems
[12.951s] INFO:colcon.colcon_core.shell:Skip shell extension 'powershell' for command environment: Not usable outside of PowerShell
[12.951s] DEBUG:colcon.colcon_core.shell:Skip shell extension 'dsv' for command environment
[13.032s] DEBUG:colcon.colcon_core.event_handler.log_command:Invoking command in '/home/sathvik/git/Ros2/rosnav2/build/package': CMAKE_PREFIX_PATH=${CMAKE_PREFIX_PATH}:/opt/ros/iron /usr/bin/cmake --build /home/sathvik/git/Ros2/rosnav2/build/package -- -j4 -l4
[13.285s] DEBUG:colcon.colcon_core.event_handler.log_command:Invoked command in '/home/sathvik/git/Ros2/rosnav2/build/package' returned '0': CMAKE_PREFIX_PATH=${CMAKE_PREFIX_PATH}:/opt/ros/iron /usr/bin/cmake --build /home/sathvik/git/Ros2/rosnav2/build/package -- -j4 -l4
[13.350s] DEBUG:colcon.colcon_core.event_handler.log_command:Invoking command in '/home/sathvik/git/Ros2/rosnav2/build/package': CMAKE_PREFIX_PATH=${CMAKE_PREFIX_PATH}:/opt/ros/iron /usr/bin/cmake --install /home/sathvik/git/Ros2/rosnav2/build/package
[13.572s] Level 1:colcon.colcon_core.environment:create_environment_scripts_only(package)
[13.574s] DEBUG:colcon.colcon_core.event_handler.log_command:Invoked command in '/home/sathvik/git/Ros2/rosnav2/build/package' returned '0': CMAKE_PREFIX_PATH=${CMAKE_PREFIX_PATH}:/opt/ros/iron /usr/bin/cmake --install /home/sathvik/git/Ros2/rosnav2/build/package
[13.632s] Level 1:colcon.colcon_core.environment:checking '/home/sathvik/git/Ros2/rosnav2/install/package' for CMake module files
[13.633s] Level 1:colcon.colcon_core.environment:checking '/home/sathvik/git/Ros2/rosnav2/install/package' for CMake config files
[13.636s] Level 1:colcon.colcon_core.shell:create_environment_hook('package', 'cmake_prefix_path')
[13.636s] INFO:colcon.colcon_core.shell:Creating environment hook '/home/sathvik/git/Ros2/rosnav2/install/package/share/package/hook/cmake_prefix_path.ps1'
[13.638s] INFO:colcon.colcon_core.shell:Creating environment descriptor '/home/sathvik/git/Ros2/rosnav2/install/package/share/package/hook/cmake_prefix_path.dsv'
[13.639s] INFO:colcon.colcon_core.shell:Creating environment hook '/home/sathvik/git/Ros2/rosnav2/install/package/share/package/hook/cmake_prefix_path.sh'
[13.641s] Level 1:colcon.colcon_core.environment:checking '/home/sathvik/git/Ros2/rosnav2/install/package/bin'
[13.641s] Level 1:colcon.colcon_core.environment:checking '/home/sathvik/git/Ros2/rosnav2/install/package/lib/pkgconfig/package.pc'
[13.642s] Level 1:colcon.colcon_core.environment:checking '/home/sathvik/git/Ros2/rosnav2/install/package/lib/python3.10/site-packages'
[13.642s] Level 1:colcon.colcon_core.environment:checking '/home/sathvik/git/Ros2/rosnav2/install/package/bin'
[13.643s] INFO:colcon.colcon_core.shell:Creating package script '/home/sathvik/git/Ros2/rosnav2/install/package/share/package/package.ps1'
[13.645s] INFO:colcon.colcon_core.shell:Creating package descriptor '/home/sathvik/git/Ros2/rosnav2/install/package/share/package/package.dsv'
[13.646s] INFO:colcon.colcon_core.shell:Creating package script '/home/sathvik/git/Ros2/rosnav2/install/package/share/package/package.sh'
[13.648s] INFO:colcon.colcon_core.shell:Creating package script '/home/sathvik/git/Ros2/rosnav2/install/package/share/package/package.bash'
[13.650s] INFO:colcon.colcon_core.shell:Creating package script '/home/sathvik/git/Ros2/rosnav2/install/package/share/package/package.zsh'
[13.666s] Level 1:colcon.colcon_core.environment:create_file_with_runtime_dependencies(/home/sathvik/git/Ros2/rosnav2/install/package/share/colcon-core/packages/package)
[13.717s] Level 1:colcon.colcon_core.environment:create_environment_scripts_only(package)
[13.717s] Level 1:colcon.colcon_core.environment:checking '/home/sathvik/git/Ros2/rosnav2/install/package' for CMake module files
[13.718s] Level 1:colcon.colcon_core.environment:checking '/home/sathvik/git/Ros2/rosnav2/install/package' for CMake config files
[13.719s] Level 1:colcon.colcon_core.shell:create_environment_hook('package', 'cmake_prefix_path')
[13.720s] INFO:colcon.colcon_core.shell:Creating environment hook '/home/sathvik/git/Ros2/rosnav2/install/package/share/package/hook/cmake_prefix_path.ps1'
[13.721s] INFO:colcon.colcon_core.shell:Creating environment descriptor '/home/sathvik/git/Ros2/rosnav2/install/package/share/package/hook/cmake_prefix_path.dsv'
[13.721s] INFO:colcon.colcon_core.shell:Creating environment hook '/home/sathvik/git/Ros2/rosnav2/install/package/share/package/hook/cmake_prefix_path.sh'
[13.722s] Level 1:colcon.colcon_core.environment:checking '/home/sathvik/git/Ros2/rosnav2/install/package/bin'
[13.722s] Level 1:colcon.colcon_core.environment:checking '/home/sathvik/git/Ros2/rosnav2/install/package/lib/pkgconfig/package.pc'
[13.723s] Level 1:colcon.colcon_core.environment:checking '/home/sathvik/git/Ros2/rosnav2/install/package/lib/python3.10/site-packages'
[13.724s] Level 1:colcon.colcon_core.environment:checking '/home/sathvik/git/Ros2/rosnav2/install/package/bin'
[13.724s] INFO:colcon.colcon_core.shell:Creating package script '/home/sathvik/git/Ros2/rosnav2/install/package/share/package/package.ps1'
[13.725s] INFO:colcon.colcon_core.shell:Creating package descriptor '/home/sathvik/git/Ros2/rosnav2/install/package/share/package/package.dsv'
[13.726s] INFO:colcon.colcon_core.shell:Creating package script '/home/sathvik/git/Ros2/rosnav2/install/package/share/package/package.sh'
[13.727s] INFO:colcon.colcon_core.shell:Creating package script '/home/sathvik/git/Ros2/rosnav2/install/package/share/package/package.bash'
[13.728s] INFO:colcon.colcon_core.shell:Creating package script '/home/sathvik/git/Ros2/rosnav2/install/package/share/package/package.zsh'
[13.729s] Level 1:colcon.colcon_core.environment:create_file_with_runtime_dependencies(/home/sathvik/git/Ros2/rosnav2/install/package/share/colcon-core/packages/package)
[13.730s] DEBUG:colcon.colcon_parallel_executor.executor.parallel:closing loop
[13.730s] DEBUG:colcon.colcon_parallel_executor.executor.parallel:loop closed
[13.730s] DEBUG:colcon.colcon_parallel_executor.executor.parallel:run_until_complete finished with '0'
[13.731s] DEBUG:colcon.colcon_core.event_reactor:joining thread
[13.793s] INFO:colcon.colcon_core.plugin_system:Skipping extension 'colcon_notification.desktop_notification.terminal_notifier': Not used on non-Darwin systems
[13.793s] INFO:colcon.colcon_core.plugin_system:Skipping extension 'colcon_notification.desktop_notification.win32': Not used on non-Windows systems
[13.793s] INFO:colcon.colcon_notification.desktop_notification:Sending desktop notification using 'notify2'
[13.821s] DEBUG:colcon.colcon_core.event_reactor:joined thread
[13.822s] INFO:colcon.colcon_core.shell:Creating prefix script '/home/sathvik/git/Ros2/rosnav2/install/local_setup.ps1'
[13.827s] INFO:colcon.colcon_core.shell:Creating prefix util module '/home/sathvik/git/Ros2/rosnav2/install/_local_setup_util_ps1.py'
[13.831s] INFO:colcon.colcon_core.shell:Creating prefix chain script '/home/sathvik/git/Ros2/rosnav2/install/setup.ps1'
[13.835s] INFO:colcon.colcon_core.shell:Creating prefix script '/home/sathvik/git/Ros2/rosnav2/install/local_setup.sh'
[13.837s] INFO:colcon.colcon_core.shell:Creating prefix util module '/home/sathvik/git/Ros2/rosnav2/install/_local_setup_util_sh.py'
[13.838s] INFO:colcon.colcon_core.shell:Creating prefix chain script '/home/sathvik/git/Ros2/rosnav2/install/setup.sh'
[13.841s] INFO:colcon.colcon_core.shell:Creating prefix script '/home/sathvik/git/Ros2/rosnav2/install/local_setup.bash'
[13.842s] INFO:colcon.colcon_core.shell:Creating prefix chain script '/home/sathvik/git/Ros2/rosnav2/install/setup.bash'
[13.846s] INFO:colcon.colcon_core.shell:Creating prefix script '/home/sathvik/git/Ros2/rosnav2/install/local_setup.zsh'
[13.847s] INFO:colcon.colcon_core.shell:Creating prefix chain script '/home/sathvik/git/Ros2/rosnav2/install/setup.zsh'
