[0.369s] DEBUG:colcon:Command line arguments: ['/usr/bin/colcon', 'build']
[0.369s] DEBUG:colcon:Parsed command line arguments: Namespace(log_base=None, log_level=None, verb_name='build', build_base='build', install_base='install', merge_install=False, symlink_install=False, test_result_base=None, continue_on_error=False, executor='parallel', parallel_workers=4, event_handlers=None, ignore_user_meta=False, metas=['./colcon.meta'], base_paths=['.'], packages_ignore=None, packages_ignore_regex=None, paths=None, packages_up_to=None, packages_up_to_regex=None, packages_above=None, packages_above_and_dependencies=None, packages_above_depth=None, packages_select_by_dep=None, packages_skip_by_dep=None, packages_skip_up_to=None, packages_select_build_failed=False, packages_skip_build_finished=False, packages_select_test_failures=False, packages_skip_test_passed=False, packages_select=None, packages_skip=None, packages_select_regex=None, packages_skip_regex=None, packages_start=None, packages_end=None, allow_overriding=[], cmake_args=None, cmake_target=None, cmake_target_skip_unavailable=False, cmake_clean_cache=False, cmake_clean_first=False, cmake_force_configure=False, ament_cmake_args=None, catkin_cmake_args=None, catkin_skip_building_tests=False, mixin_files=None, mixin=None, verb_parser=<colcon_mixin.mixin.mixin_argument.MixinArgumentDecorator object at 0x7335c2343a90>, verb_extension=<colcon_core.verb.build.BuildVerb object at 0x7335c2490190>, main=<bound method BuildVerb.main of <colcon_core.verb.build.BuildVerb object at 0x7335c2490190>>, mixin_verb=('build',))
[0.941s] Level 1:colcon.colcon_core.package_discovery:discover_packages(colcon_meta) check parameters
[0.941s] Level 1:colcon.colcon_core.package_discovery:discover_packages(recursive) check parameters
[0.942s] Level 1:colcon.colcon_core.package_discovery:discover_packages(ignore) check parameters
[0.942s] Level 1:colcon.colcon_core.package_discovery:discover_packages(path) check parameters
[0.942s] Level 1:colcon.colcon_core.package_discovery:discover_packages(colcon_meta) discover
[0.942s] Level 1:colcon.colcon_core.package_discovery:discover_packages(recursive) discover
[0.942s] INFO:colcon.colcon_core.package_discovery:Crawling recursively for packages in '/home/sathvik/git/Ros2/rosnav2'
[0.943s] Level 1:colcon.colcon_core.package_identification:_identify(.) by extensions ['ignore', 'ignore_ament_install']
[0.943s] Level 1:colcon.colcon_core.package_identification:_identify(.) by extension 'ignore'
[0.943s] Level 1:colcon.colcon_core.package_identification:_identify(.) by extension 'ignore_ament_install'
[0.943s] Level 1:colcon.colcon_core.package_identification:_identify(.) by extensions ['colcon_pkg']
[0.944s] Level 1:colcon.colcon_core.package_identification:_identify(.) by extension 'colcon_pkg'
[0.944s] Level 1:colcon.colcon_core.package_identification:_identify(.) by extensions ['colcon_meta']
[0.944s] Level 1:colcon.colcon_core.package_identification:_identify(.) by extension 'colcon_meta'
[0.944s] Level 1:colcon.colcon_core.package_identification:_identify(.) by extensions ['ros']
[0.944s] Level 1:colcon.colcon_core.package_identification:_identify(.) by extension 'ros'
[0.986s] Level 1:colcon.colcon_core.package_identification:_identify(.) by extensions ['cmake', 'python']
[0.986s] Level 1:colcon.colcon_core.package_identification:_identify(.) by extension 'cmake'
[0.986s] Level 1:colcon.colcon_core.package_identification:_identify(.) by extension 'python'
[0.987s] Level 1:colcon.colcon_core.package_identification:_identify(.) by extensions ['python_setup_py']
[0.987s] Level 1:colcon.colcon_core.package_identification:_identify(.) by extension 'python_setup_py'
[0.987s] Level 1:colcon.colcon_core.package_identification:_identify(build) by extensions ['ignore', 'ignore_ament_install']
[0.988s] Level 1:colcon.colcon_core.package_identification:_identify(build) by extension 'ignore'
[0.988s] Level 1:colcon.colcon_core.package_identification:_identify(build) ignored
[0.988s] Level 1:colcon.colcon_core.package_identification:_identify(install) by extensions ['ignore', 'ignore_ament_install']
[0.989s] Level 1:colcon.colcon_core.package_identification:_identify(install) by extension 'ignore'
[0.989s] Level 1:colcon.colcon_core.package_identification:_identify(install) ignored
[0.989s] Level 1:colcon.colcon_core.package_identification:_identify(log) by extensions ['ignore', 'ignore_ament_install']
[0.990s] Level 1:colcon.colcon_core.package_identification:_identify(log) by extension 'ignore'
[0.990s] Level 1:colcon.colcon_core.package_identification:_identify(log) ignored
[0.990s] Level 1:colcon.colcon_core.package_identification:_identify(src) by extensions ['ignore', 'ignore_ament_install']
[0.990s] Level 1:colcon.colcon_core.package_identification:_identify(src) by extension 'ignore'
[0.991s] Level 1:colcon.colcon_core.package_identification:_identify(src) by extension 'ignore_ament_install'
[0.991s] Level 1:colcon.colcon_core.package_identification:_identify(src) by extensions ['colcon_pkg']
[0.991s] Level 1:colcon.colcon_core.package_identification:_identify(src) by extension 'colcon_pkg'
[0.991s] Level 1:colcon.colcon_core.package_identification:_identify(src) by extensions ['colcon_meta']
[0.991s] Level 1:colcon.colcon_core.package_identification:_identify(src) by extension 'colcon_meta'
[0.991s] Level 1:colcon.colcon_core.package_identification:_identify(src) by extensions ['ros']
[0.992s] Level 1:colcon.colcon_core.package_identification:_identify(src) by extension 'ros'
[0.992s] Level 1:colcon.colcon_core.package_identification:_identify(src) by extensions ['cmake', 'python']
[0.992s] Level 1:colcon.colcon_core.package_identification:_identify(src) by extension 'cmake'
[0.992s] Level 1:colcon.colcon_core.package_identification:_identify(src) by extension 'python'
[0.992s] Level 1:colcon.colcon_core.package_identification:_identify(src) by extensions ['python_setup_py']
[0.992s] Level 1:colcon.colcon_core.package_identification:_identify(src) by extension 'python_setup_py'
[0.993s] Level 1:colcon.colcon_core.package_identification:_identify(src/package) by extensions ['ignore', 'ignore_ament_install']
[0.993s] Level 1:colcon.colcon_core.package_identification:_identify(src/package) by extension 'ignore'
[0.993s] Level 1:colcon.colcon_core.package_identification:_identify(src/package) by extension 'ignore_ament_install'
[0.994s] Level 1:colcon.colcon_core.package_identification:_identify(src/package) by extensions ['colcon_pkg']
[0.994s] Level 1:colcon.colcon_core.package_identification:_identify(src/package) by extension 'colcon_pkg'
[0.994s] Level 1:colcon.colcon_core.package_identification:_identify(src/package) by extensions ['colcon_meta']
[0.994s] Level 1:colcon.colcon_core.package_identification:_identify(src/package) by extension 'colcon_meta'
[0.994s] Level 1:colcon.colcon_core.package_identification:_identify(src/package) by extensions ['ros']
[0.994s] Level 1:colcon.colcon_core.package_identification:_identify(src/package) by extension 'ros'
[1.004s] DEBUG:colcon.colcon_core.package_identification:Package 'src/package' with type 'ros.ament_cmake' and name 'package'
[1.004s] Level 1:colcon.colcon_core.package_discovery:discover_packages(recursive) using defaults
[1.004s] Level 1:colcon.colcon_core.package_discovery:discover_packages(ignore) discover
[1.004s] Level 1:colcon.colcon_core.package_discovery:discover_packages(ignore) using defaults
[1.004s] Level 1:colcon.colcon_core.package_discovery:discover_packages(path) discover
[1.004s] Level 1:colcon.colcon_core.package_discovery:discover_packages(path) using defaults
[1.093s] Level 1:colcon.colcon_core.package_discovery:discover_packages(prefix_path) check parameters
[1.093s] Level 1:colcon.colcon_core.package_discovery:discover_packages(prefix_path) discover
[1.098s] DEBUG:colcon.colcon_installed_package_information.package_discovery:Found 1 installed packages in /home/sathvik/git/Ros2/rosnav2/install
[1.103s] DEBUG:colcon.colcon_installed_package_information.package_discovery:Found 359 installed packages in /opt/ros/iron
[1.109s] Level 1:colcon.colcon_core.package_discovery:discover_packages(prefix_path) using defaults
[1.245s] Level 5:colcon.colcon_core.verb:set package 'package' build argument 'cmake_args' from command line to 'None'
[1.245s] Level 5:colcon.colcon_core.verb:set package 'package' build argument 'cmake_target' from command line to 'None'
[1.245s] Level 5:colcon.colcon_core.verb:set package 'package' build argument 'cmake_target_skip_unavailable' from command line to 'False'
[1.245s] Level 5:colcon.colcon_core.verb:set package 'package' build argument 'cmake_clean_cache' from command line to 'False'
[1.245s] Level 5:colcon.colcon_core.verb:set package 'package' build argument 'cmake_clean_first' from command line to 'False'
[1.245s] Level 5:colcon.colcon_core.verb:set package 'package' build argument 'cmake_force_configure' from command line to 'False'
[1.245s] Level 5:colcon.colcon_core.verb:set package 'package' build argument 'ament_cmake_args' from command line to 'None'
[1.245s] Level 5:colcon.colcon_core.verb:set package 'package' build argument 'catkin_cmake_args' from command line to 'None'
[1.245s] Level 5:colcon.colcon_core.verb:set package 'package' build argument 'catkin_skip_building_tests' from command line to 'False'
[1.245s] DEBUG:colcon.colcon_core.verb:Building package 'package' with the following arguments: {'ament_cmake_args': None, 'build_base': '/home/sathvik/git/Ros2/rosnav2/build/package', 'catkin_cmake_args': None, 'catkin_skip_building_tests': False, 'cmake_args': None, 'cmake_clean_cache': False, 'cmake_clean_first': False, 'cmake_force_configure': False, 'cmake_target': None, 'cmake_target_skip_unavailable': False, 'install_base': '/home/sathvik/git/Ros2/rosnav2/install/package', 'merge_install': False, 'path': '/home/sathvik/git/Ros2/rosnav2/src/package', 'symlink_install': False, 'test_result_base': None}
[1.246s] INFO:colcon.colcon_core.executor:Executing jobs using 'parallel' executor
[1.248s] DEBUG:colcon.colcon_parallel_executor.executor.parallel:run_until_complete
[1.248s] INFO:colcon.colcon_ros.task.ament_cmake.build:Building ROS package in '/home/sathvik/git/Ros2/rosnav2/src/package' with build type 'ament_cmake'
[1.249s] INFO:colcon.colcon_cmake.task.cmake.build:Building CMake package in '/home/sathvik/git/Ros2/rosnav2/src/package'
[1.254s] INFO:colcon.colcon_core.plugin_system:Skipping extension 'colcon_core.shell.bat': Not used on non-Windows systems
[1.255s] INFO:colcon.colcon_core.shell:Skip shell extension 'powershell' for command environment: Not usable outside of PowerShell
[1.255s] DEBUG:colcon.colcon_core.shell:Skip shell extension 'dsv' for command environment
[1.291s] DEBUG:colcon.colcon_core.event_handler.log_command:Invoking command in '/home/sathvik/git/Ros2/rosnav2/build/package': CMAKE_PREFIX_PATH=${CMAKE_PREFIX_PATH}:/opt/ros/iron /usr/bin/cmake --build /home/sathvik/git/Ros2/rosnav2/build/package -- -j4 -l4
[1.402s] DEBUG:colcon.colcon_core.event_handler.log_command:Invoked command in '/home/sathvik/git/Ros2/rosnav2/build/package' returned '0': CMAKE_PREFIX_PATH=${CMAKE_PREFIX_PATH}:/opt/ros/iron /usr/bin/cmake --build /home/sathvik/git/Ros2/rosnav2/build/package -- -j4 -l4
[1.486s] DEBUG:colcon.colcon_core.event_handler.log_command:Invoking command in '/home/sathvik/git/Ros2/rosnav2/build/package': CMAKE_PREFIX_PATH=${CMAKE_PREFIX_PATH}:/opt/ros/iron /usr/bin/cmake --install /home/sathvik/git/Ros2/rosnav2/build/package
[1.519s] Level 1:colcon.colcon_core.environment:create_environment_scripts_only(package)
[1.521s] DEBUG:colcon.colcon_core.event_handler.log_command:Invoked command in '/home/sathvik/git/Ros2/rosnav2/build/package' returned '0': CMAKE_PREFIX_PATH=${CMAKE_PREFIX_PATH}:/opt/ros/iron /usr/bin/cmake --install /home/sathvik/git/Ros2/rosnav2/build/package
[1.528s] Level 1:colcon.colcon_core.environment:checking '/home/sathvik/git/Ros2/rosnav2/install/package' for CMake module files
[1.530s] Level 1:colcon.colcon_core.environment:checking '/home/sathvik/git/Ros2/rosnav2/install/package' for CMake config files
[1.531s] Level 1:colcon.colcon_core.shell:create_environment_hook('package', 'cmake_prefix_path')
[1.532s] INFO:colcon.colcon_core.shell:Creating environment hook '/home/sathvik/git/Ros2/rosnav2/install/package/share/package/hook/cmake_prefix_path.ps1'
[1.534s] INFO:colcon.colcon_core.shell:Creating environment descriptor '/home/sathvik/git/Ros2/rosnav2/install/package/share/package/hook/cmake_prefix_path.dsv'
[1.536s] INFO:colcon.colcon_core.shell:Creating environment hook '/home/sathvik/git/Ros2/rosnav2/install/package/share/package/hook/cmake_prefix_path.sh'
[1.541s] Level 1:colcon.colcon_core.environment:checking '/home/sathvik/git/Ros2/rosnav2/install/package/bin'
[1.541s] Level 1:colcon.colcon_core.environment:checking '/home/sathvik/git/Ros2/rosnav2/install/package/lib/pkgconfig/package.pc'
[1.542s] Level 1:colcon.colcon_core.environment:checking '/home/sathvik/git/Ros2/rosnav2/install/package/lib/python3.10/site-packages'
[1.543s] Level 1:colcon.colcon_core.environment:checking '/home/sathvik/git/Ros2/rosnav2/install/package/bin'
[1.544s] INFO:colcon.colcon_core.shell:Creating package script '/home/sathvik/git/Ros2/rosnav2/install/package/share/package/package.ps1'
[1.547s] INFO:colcon.colcon_core.shell:Creating package descriptor '/home/sathvik/git/Ros2/rosnav2/install/package/share/package/package.dsv'
[1.550s] INFO:colcon.colcon_core.shell:Creating package script '/home/sathvik/git/Ros2/rosnav2/install/package/share/package/package.sh'
[1.554s] INFO:colcon.colcon_core.shell:Creating package script '/home/sathvik/git/Ros2/rosnav2/install/package/share/package/package.bash'
[1.556s] INFO:colcon.colcon_core.shell:Creating package script '/home/sathvik/git/Ros2/rosnav2/install/package/share/package/package.zsh'
[1.558s] Level 1:colcon.colcon_core.environment:create_file_with_runtime_dependencies(/home/sathvik/git/Ros2/rosnav2/install/package/share/colcon-core/packages/package)
[1.616s] Level 1:colcon.colcon_core.environment:create_environment_scripts_only(package)
[1.616s] Level 1:colcon.colcon_core.environment:checking '/home/sathvik/git/Ros2/rosnav2/install/package' for CMake module files
[1.618s] Level 1:colcon.colcon_core.environment:checking '/home/sathvik/git/Ros2/rosnav2/install/package' for CMake config files
[1.619s] Level 1:colcon.colcon_core.shell:create_environment_hook('package', 'cmake_prefix_path')
[1.619s] INFO:colcon.colcon_core.shell:Creating environment hook '/home/sathvik/git/Ros2/rosnav2/install/package/share/package/hook/cmake_prefix_path.ps1'
[1.620s] INFO:colcon.colcon_core.shell:Creating environment descriptor '/home/sathvik/git/Ros2/rosnav2/install/package/share/package/hook/cmake_prefix_path.dsv'
[1.621s] INFO:colcon.colcon_core.shell:Creating environment hook '/home/sathvik/git/Ros2/rosnav2/install/package/share/package/hook/cmake_prefix_path.sh'
[1.622s] Level 1:colcon.colcon_core.environment:checking '/home/sathvik/git/Ros2/rosnav2/install/package/bin'
[1.623s] Level 1:colcon.colcon_core.environment:checking '/home/sathvik/git/Ros2/rosnav2/install/package/lib/pkgconfig/package.pc'
[1.624s] Level 1:colcon.colcon_core.environment:checking '/home/sathvik/git/Ros2/rosnav2/install/package/lib/python3.10/site-packages'
[1.624s] Level 1:colcon.colcon_core.environment:checking '/home/sathvik/git/Ros2/rosnav2/install/package/bin'
[1.625s] INFO:colcon.colcon_core.shell:Creating package script '/home/sathvik/git/Ros2/rosnav2/install/package/share/package/package.ps1'
[1.626s] INFO:colcon.colcon_core.shell:Creating package descriptor '/home/sathvik/git/Ros2/rosnav2/install/package/share/package/package.dsv'
[1.627s] INFO:colcon.colcon_core.shell:Creating package script '/home/sathvik/git/Ros2/rosnav2/install/package/share/package/package.sh'
[1.628s] INFO:colcon.colcon_core.shell:Creating package script '/home/sathvik/git/Ros2/rosnav2/install/package/share/package/package.bash'
[1.629s] INFO:colcon.colcon_core.shell:Creating package script '/home/sathvik/git/Ros2/rosnav2/install/package/share/package/package.zsh'
[1.630s] Level 1:colcon.colcon_core.environment:create_file_with_runtime_dependencies(/home/sathvik/git/Ros2/rosnav2/install/package/share/colcon-core/packages/package)
[1.631s] DEBUG:colcon.colcon_parallel_executor.executor.parallel:closing loop
[1.632s] DEBUG:colcon.colcon_parallel_executor.executor.parallel:loop closed
[1.632s] DEBUG:colcon.colcon_parallel_executor.executor.parallel:run_until_complete finished with '0'
[1.632s] DEBUG:colcon.colcon_core.event_reactor:joining thread
[1.646s] INFO:colcon.colcon_core.plugin_system:Skipping extension 'colcon_notification.desktop_notification.terminal_notifier': Not used on non-Darwin systems
[1.646s] INFO:colcon.colcon_core.plugin_system:Skipping extension 'colcon_notification.desktop_notification.win32': Not used on non-Windows systems
[1.646s] INFO:colcon.colcon_notification.desktop_notification:Sending desktop notification using 'notify2'
[1.678s] DEBUG:colcon.colcon_core.event_reactor:joined thread
[1.679s] INFO:colcon.colcon_core.shell:Creating prefix script '/home/sathvik/git/Ros2/rosnav2/install/local_setup.ps1'
[1.682s] INFO:colcon.colcon_core.shell:Creating prefix util module '/home/sathvik/git/Ros2/rosnav2/install/_local_setup_util_ps1.py'
[1.688s] INFO:colcon.colcon_core.shell:Creating prefix chain script '/home/sathvik/git/Ros2/rosnav2/install/setup.ps1'
[1.692s] INFO:colcon.colcon_core.shell:Creating prefix script '/home/sathvik/git/Ros2/rosnav2/install/local_setup.sh'
[1.694s] INFO:colcon.colcon_core.shell:Creating prefix util module '/home/sathvik/git/Ros2/rosnav2/install/_local_setup_util_sh.py'
[1.696s] INFO:colcon.colcon_core.shell:Creating prefix chain script '/home/sathvik/git/Ros2/rosnav2/install/setup.sh'
[1.699s] INFO:colcon.colcon_core.shell:Creating prefix script '/home/sathvik/git/Ros2/rosnav2/install/local_setup.bash'
[1.702s] INFO:colcon.colcon_core.shell:Creating prefix chain script '/home/sathvik/git/Ros2/rosnav2/install/setup.bash'
[1.706s] INFO:colcon.colcon_core.shell:Creating prefix script '/home/sathvik/git/Ros2/rosnav2/install/local_setup.zsh'
[1.707s] INFO:colcon.colcon_core.shell:Creating prefix chain script '/home/sathvik/git/Ros2/rosnav2/install/setup.zsh'
