[0.015s] Invoking command in '/home/sathvik/git/Ros2/basic/build/package': CMAKE_PREFIX_PATH=/opt/ros/iron /usr/bin/cmake /home/sathvik/git/Ros2/basic/src/package -DCMAKE_INSTALL_PREFIX=/home/sathvik/git/Ros2/basic/install/package
[0.761s] -- The C compiler identification is GNU 11.4.0
[1.279s] -- The CXX compiler identification is GNU 11.4.0
[1.292s] -- Detecting C compiler ABI info
[1.667s] -- Detecting C compiler ABI info - done
[1.676s] -- Check for working C compiler: /usr/bin/cc - skipped
[1.677s] -- Detecting C compile features
[1.692s] -- Detecting C compile features - done
[1.696s] -- Detecting CXX compiler ABI info
[1.812s] -- Detecting CXX compiler ABI info - done
[1.819s] -- Check for working CXX compiler: /usr/bin/c++ - skipped
[1.819s] -- Detecting CXX compile features
[1.821s] -- Detecting CXX compile features - done
[1.921s] -- Found ament_cmake: 2.0.6 (/opt/ros/iron/share/ament_cmake/cmake)
[2.418s] -- Found Python3: /usr/bin/python3.10 (found version "3.10.12") found components: Interpreter 
[2.627s] -- Found ament_lint_auto: 0.14.4 (/opt/ros/iron/share/ament_lint_auto/cmake)
[2.746s] -- Added test 'flake8' to check Python code syntax and style conventions
[2.746s] -- Configured 'flake8' exclude dirs and/or files: 
[2.747s] -- Added test 'lint_cmake' to check CMake code style
[2.747s] -- Added test 'pep257' to check Python code against some of the docstring style conventions in PEP 257
[2.748s] -- Added test 'xmllint' to check XML markup files
[2.749s] -- Configuring done
[2.752s] -- Generating done
[2.754s] -- Build files have been written to: /home/sathvik/git/Ros2/basic/build/package
[2.760s] Invoked command in '/home/sathvik/git/Ros2/basic/build/package' returned '0': CMAKE_PREFIX_PATH=/opt/ros/iron /usr/bin/cmake /home/sathvik/git/Ros2/basic/src/package -DCMAKE_INSTALL_PREFIX=/home/sathvik/git/Ros2/basic/install/package
[2.761s] Invoking command in '/home/sathvik/git/Ros2/basic/build/package': CMAKE_PREFIX_PATH=/opt/ros/iron /usr/bin/cmake --build /home/sathvik/git/Ros2/basic/build/package -- -j4 -l4
[2.800s] Invoked command in '/home/sathvik/git/Ros2/basic/build/package' returned '0': CMAKE_PREFIX_PATH=/opt/ros/iron /usr/bin/cmake --build /home/sathvik/git/Ros2/basic/build/package -- -j4 -l4
[2.831s] Invoking command in '/home/sathvik/git/Ros2/basic/build/package': CMAKE_PREFIX_PATH=/opt/ros/iron /usr/bin/cmake --install /home/sathvik/git/Ros2/basic/build/package
[2.841s] -- Install configuration: ""
[2.842s] -- Installing: /home/sathvik/git/Ros2/basic/install/package/share/ament_index/resource_index/package_run_dependencies/package
[2.842s] -- Installing: /home/sathvik/git/Ros2/basic/install/package/share/ament_index/resource_index/parent_prefix_path/package
[2.843s] -- Installing: /home/sathvik/git/Ros2/basic/install/package/share/package/environment/ament_prefix_path.sh
[2.843s] -- Installing: /home/sathvik/git/Ros2/basic/install/package/share/package/environment/ament_prefix_path.dsv
[2.843s] -- Installing: /home/sathvik/git/Ros2/basic/install/package/share/package/environment/path.sh
[2.843s] -- Installing: /home/sathvik/git/Ros2/basic/install/package/share/package/environment/path.dsv
[2.843s] -- Installing: /home/sathvik/git/Ros2/basic/install/package/share/package/local_setup.bash
[2.844s] -- Installing: /home/sathvik/git/Ros2/basic/install/package/share/package/local_setup.sh
[2.844s] -- Installing: /home/sathvik/git/Ros2/basic/install/package/share/package/local_setup.zsh
[2.844s] -- Installing: /home/sathvik/git/Ros2/basic/install/package/share/package/local_setup.dsv
[2.844s] -- Installing: /home/sathvik/git/Ros2/basic/install/package/share/package/package.dsv
[2.844s] -- Installing: /home/sathvik/git/Ros2/basic/install/package/share/ament_index/resource_index/packages/package
[2.844s] -- Installing: /home/sathvik/git/Ros2/basic/install/package/share/package/cmake/packageConfig.cmake
[2.844s] -- Installing: /home/sathvik/git/Ros2/basic/install/package/share/package/cmake/packageConfig-version.cmake
[2.845s] -- Installing: /home/sathvik/git/Ros2/basic/install/package/share/package/package.xml
[2.846s] Invoked command in '/home/sathvik/git/Ros2/basic/build/package' returned '0': CMAKE_PREFIX_PATH=/opt/ros/iron /usr/bin/cmake --install /home/sathvik/git/Ros2/basic/build/package
