[0.008s] Invoking command in '/home/sathvik/git/Ros2/rosnav2/build/package': CMAKE_PREFIX_PATH=/opt/ros/iron /usr/bin/cmake /home/sathvik/git/Ros2/rosnav2/src/package -DCMAKE_INSTALL_PREFIX=/home/sathvik/git/Ros2/rosnav2/install/package
[1.228s] -- The C compiler identification is GNU 11.4.0
[1.937s] -- The CXX compiler identification is GNU 11.4.0
[1.946s] -- Detecting C compiler ABI info
[2.154s] -- Detecting C compiler ABI info - done
[2.161s] -- Check for working C compiler: /usr/bin/cc - skipped
[2.161s] -- Detecting C compile features
[2.177s] -- Detecting C compile features - done
[2.182s] -- Detecting CXX compiler ABI info
[2.293s] -- Detecting CXX compiler ABI info - done
[2.300s] -- Check for working CXX compiler: /usr/bin/c++ - skipped
[2.300s] -- Detecting CXX compile features
[2.300s] -- Detecting CXX compile features - done
[2.572s] -- Found ament_cmake: 2.0.6 (/opt/ros/iron/share/ament_cmake/cmake)
[2.951s] -- Found Python3: /usr/bin/python3.10 (found version "3.10.12") found components: Interpreter 
[3.191s] -- Found ament_lint_auto: 0.14.4 (/opt/ros/iron/share/ament_lint_auto/cmake)
[3.341s] -- Added test 'flake8' to check Python code syntax and style conventions
[3.341s] -- Configured 'flake8' exclude dirs and/or files: 
[3.342s] -- Added test 'lint_cmake' to check CMake code style
[3.343s] -- Added test 'pep257' to check Python code against some of the docstring style conventions in PEP 257
[3.345s] -- Added test 'xmllint' to check XML markup files
[3.360s] -- Configuring done
[3.365s] -- Generating done
[3.366s] -- Build files have been written to: /home/sathvik/git/Ros2/rosnav2/build/package
[3.370s] Invoked command in '/home/sathvik/git/Ros2/rosnav2/build/package' returned '0': CMAKE_PREFIX_PATH=/opt/ros/iron /usr/bin/cmake /home/sathvik/git/Ros2/rosnav2/src/package -DCMAKE_INSTALL_PREFIX=/home/sathvik/git/Ros2/rosnav2/install/package
[3.372s] Invoking command in '/home/sathvik/git/Ros2/rosnav2/build/package': CMAKE_PREFIX_PATH=/opt/ros/iron /usr/bin/cmake --build /home/sathvik/git/Ros2/rosnav2/build/package -- -j4 -l4
[3.405s] Invoked command in '/home/sathvik/git/Ros2/rosnav2/build/package' returned '0': CMAKE_PREFIX_PATH=/opt/ros/iron /usr/bin/cmake --build /home/sathvik/git/Ros2/rosnav2/build/package -- -j4 -l4
[3.432s] Invoking command in '/home/sathvik/git/Ros2/rosnav2/build/package': CMAKE_PREFIX_PATH=/opt/ros/iron /usr/bin/cmake --install /home/sathvik/git/Ros2/rosnav2/build/package
[3.440s] -- Install configuration: ""
[3.440s] -- Installing: /home/sathvik/git/Ros2/rosnav2/install/package/share/ament_index/resource_index/package_run_dependencies/package
[3.440s] -- Installing: /home/sathvik/git/Ros2/rosnav2/install/package/share/ament_index/resource_index/parent_prefix_path/package
[3.440s] -- Installing: /home/sathvik/git/Ros2/rosnav2/install/package/share/package/environment/ament_prefix_path.sh
[3.440s] -- Installing: /home/sathvik/git/Ros2/rosnav2/install/package/share/package/environment/ament_prefix_path.dsv
[3.440s] -- Installing: /home/sathvik/git/Ros2/rosnav2/install/package/share/package/environment/path.sh
[3.441s] -- Installing: /home/sathvik/git/Ros2/rosnav2/install/package/share/package/environment/path.dsv
[3.441s] -- Installing: /home/sathvik/git/Ros2/rosnav2/install/package/share/package/local_setup.bash
[3.441s] -- Installing: /home/sathvik/git/Ros2/rosnav2/install/package/share/package/local_setup.sh
[3.441s] -- Installing: /home/sathvik/git/Ros2/rosnav2/install/package/share/package/local_setup.zsh
[3.441s] -- Installing: /home/sathvik/git/Ros2/rosnav2/install/package/share/package/local_setup.dsv
[3.441s] -- Installing: /home/sathvik/git/Ros2/rosnav2/install/package/share/package/package.dsv
[3.441s] -- Installing: /home/sathvik/git/Ros2/rosnav2/install/package/share/ament_index/resource_index/packages/package
[3.441s] -- Installing: /home/sathvik/git/Ros2/rosnav2/install/package/share/package/cmake/packageConfig.cmake
[3.441s] -- Installing: /home/sathvik/git/Ros2/rosnav2/install/package/share/package/cmake/packageConfig-version.cmake
[3.441s] -- Installing: /home/sathvik/git/Ros2/rosnav2/install/package/share/package/package.xml
[3.443s] Invoked command in '/home/sathvik/git/Ros2/rosnav2/build/package' returned '0': CMAKE_PREFIX_PATH=/opt/ros/iron /usr/bin/cmake --install /home/sathvik/git/Ros2/rosnav2/build/package
