[0.290s] Invoking command in '/home/sathvik/git/Ros2/rosnav2/build/package': CMAKE_PREFIX_PATH=${CMAKE_PREFIX_PATH}:/opt/ros/iron /usr/bin/cmake --build /home/sathvik/git/Ros2/rosnav2/build/package -- -j4 -l4
[0.974s] Invoked command in '/home/sathvik/git/Ros2/rosnav2/build/package' returned '0': CMAKE_PREFIX_PATH=${CMAKE_PREFIX_PATH}:/opt/ros/iron /usr/bin/cmake --build /home/sathvik/git/Ros2/rosnav2/build/package -- -j4 -l4
[1.000s] Invoking command in '/home/sathvik/git/Ros2/rosnav2/build/package': CMAKE_PREFIX_PATH=${CMAKE_PREFIX_PATH}:/opt/ros/iron /usr/bin/cmake --install /home/sathvik/git/Ros2/rosnav2/build/package
[1.007s] -- Install configuration: ""
[1.007s] -- Up-to-date: /home/sathvik/git/Ros2/rosnav2/install/package/share/package/launch
[1.007s] -- Up-to-date: /home/sathvik/git/Ros2/rosnav2/install/package/share/package/launch/local_params.yaml
[1.007s] -- Installing: /home/sathvik/git/Ros2/rosnav2/install/package/share/package/launch/launch.py
[1.027s] -- Up-to-date: /home/sathvik/git/Ros2/rosnav2/install/package/share/package/launch/nav2params.yaml
[1.027s] -- Up-to-date: /home/sathvik/git/Ros2/rosnav2/install/package/share/package/urdf
[1.055s] -- Up-to-date: /home/sathvik/git/Ros2/rosnav2/install/package/share/package/urdf/robo.urdf
[1.055s] -- Up-to-date: /home/sathvik/git/Ros2/rosnav2/install/package/share/package/urdf/file.world
[1.056s] -- Up-to-date: /home/sathvik/git/Ros2/rosnav2/install/package/share/ament_index/resource_index/package_run_dependencies/package
[1.056s] -- Up-to-date: /home/sathvik/git/Ros2/rosnav2/install/package/share/ament_index/resource_index/parent_prefix_path/package
[1.056s] -- Up-to-date: /home/sathvik/git/Ros2/rosnav2/install/package/share/package/environment/ament_prefix_path.sh
[1.056s] -- Up-to-date: /home/sathvik/git/Ros2/rosnav2/install/package/share/package/environment/ament_prefix_path.dsv
[1.056s] -- Up-to-date: /home/sathvik/git/Ros2/rosnav2/install/package/share/package/environment/path.sh
[1.056s] -- Up-to-date: /home/sathvik/git/Ros2/rosnav2/install/package/share/package/environment/path.dsv
[1.057s] -- Up-to-date: /home/sathvik/git/Ros2/rosnav2/install/package/share/package/local_setup.bash
[1.057s] -- Up-to-date: /home/sathvik/git/Ros2/rosnav2/install/package/share/package/local_setup.sh
[1.057s] -- Up-to-date: /home/sathvik/git/Ros2/rosnav2/install/package/share/package/local_setup.zsh
[1.057s] -- Up-to-date: /home/sathvik/git/Ros2/rosnav2/install/package/share/package/local_setup.dsv
[1.057s] -- Installing: /home/sathvik/git/Ros2/rosnav2/install/package/share/package/package.dsv
[1.240s] -- Up-to-date: /home/sathvik/git/Ros2/rosnav2/install/package/share/ament_index/resource_index/packages/package
[1.240s] -- Up-to-date: /home/sathvik/git/Ros2/rosnav2/install/package/share/package/cmake/packageConfig.cmake
[1.240s] -- Up-to-date: /home/sathvik/git/Ros2/rosnav2/install/package/share/package/cmake/packageConfig-version.cmake
[1.241s] -- Up-to-date: /home/sathvik/git/Ros2/rosnav2/install/package/share/package/package.xml
[1.245s] Invoked command in '/home/sathvik/git/Ros2/rosnav2/build/package' returned '0': CMAKE_PREFIX_PATH=${CMAKE_PREFIX_PATH}:/opt/ros/iron /usr/bin/cmake --install /home/sathvik/git/Ros2/rosnav2/build/package
