[0.099s] Invoking command in '/home/sathvik/git/Ros2/rosnav2/build/package': CMAKE_PREFIX_PATH=${CMAKE_PREFIX_PATH}:/opt/ros/iron /usr/bin/cmake --build /home/sathvik/git/Ros2/rosnav2/build/package -- -j4 -l4
[0.352s] Invoked command in '/home/sathvik/git/Ros2/rosnav2/build/package' returned '0': CMAKE_PREFIX_PATH=${CMAKE_PREFIX_PATH}:/opt/ros/iron /usr/bin/cmake --build /home/sathvik/git/Ros2/rosnav2/build/package -- -j4 -l4
[0.416s] Invoking command in '/home/sathvik/git/Ros2/rosnav2/build/package': CMAKE_PREFIX_PATH=${CMAKE_PREFIX_PATH}:/opt/ros/iron /usr/bin/cmake --install /home/sathvik/git/Ros2/rosnav2/build/package
[0.570s] -- Install configuration: ""
[0.599s] -- Up-to-date: /home/sathvik/git/Ros2/rosnav2/install/package/share/package/launch
[0.599s] -- Installing: /home/sathvik/git/Ros2/rosnav2/install/package/share/package/launch/local_params.yaml
[0.616s] -- Up-to-date: /home/sathvik/git/Ros2/rosnav2/install/package/share/package/launch/slammap.yaml
[0.616s] -- Up-to-date: /home/sathvik/git/Ros2/rosnav2/install/package/share/package/launch/slammap.pgm
[0.616s] -- Up-to-date: /home/sathvik/git/Ros2/rosnav2/install/package/share/package/launch/launch.py
[0.617s] -- Up-to-date: /home/sathvik/git/Ros2/rosnav2/install/package/share/package/launch/nav2params.yaml
[0.617s] -- Up-to-date: /home/sathvik/git/Ros2/rosnav2/install/package/share/package/urdf
[0.632s] -- Up-to-date: /home/sathvik/git/Ros2/rosnav2/install/package/share/package/urdf/robo.urdf
[0.633s] -- Up-to-date: /home/sathvik/git/Ros2/rosnav2/install/package/share/package/urdf/file.world
[0.633s] -- Up-to-date: /home/sathvik/git/Ros2/rosnav2/install/package/share/ament_index/resource_index/package_run_dependencies/package
[0.634s] -- Up-to-date: /home/sathvik/git/Ros2/rosnav2/install/package/share/ament_index/resource_index/parent_prefix_path/package
[0.634s] -- Up-to-date: /home/sathvik/git/Ros2/rosnav2/install/package/share/package/environment/ament_prefix_path.sh
[0.634s] -- Up-to-date: /home/sathvik/git/Ros2/rosnav2/install/package/share/package/environment/ament_prefix_path.dsv
[0.634s] -- Up-to-date: /home/sathvik/git/Ros2/rosnav2/install/package/share/package/environment/path.sh
[0.635s] -- Up-to-date: /home/sathvik/git/Ros2/rosnav2/install/package/share/package/environment/path.dsv
[0.635s] -- Up-to-date: /home/sathvik/git/Ros2/rosnav2/install/package/share/package/local_setup.bash
[0.635s] -- Up-to-date: /home/sathvik/git/Ros2/rosnav2/install/package/share/package/local_setup.sh
[0.635s] -- Up-to-date: /home/sathvik/git/Ros2/rosnav2/install/package/share/package/local_setup.zsh
[0.636s] -- Up-to-date: /home/sathvik/git/Ros2/rosnav2/install/package/share/package/local_setup.dsv
[0.636s] -- Installing: /home/sathvik/git/Ros2/rosnav2/install/package/share/package/package.dsv
[0.636s] -- Up-to-date: /home/sathvik/git/Ros2/rosnav2/install/package/share/ament_index/resource_index/packages/package
[0.637s] -- Up-to-date: /home/sathvik/git/Ros2/rosnav2/install/package/share/package/cmake/packageConfig.cmake
[0.637s] -- Up-to-date: /home/sathvik/git/Ros2/rosnav2/install/package/share/package/cmake/packageConfig-version.cmake
[0.637s] -- Up-to-date: /home/sathvik/git/Ros2/rosnav2/install/package/share/package/package.xml
[0.640s] Invoked command in '/home/sathvik/git/Ros2/rosnav2/build/package' returned '0': CMAKE_PREFIX_PATH=${CMAKE_PREFIX_PATH}:/opt/ros/iron /usr/bin/cmake --install /home/sathvik/git/Ros2/rosnav2/build/package
