[0.010s] Invoking command in '/home/sathvik/git/Ros2/gbasic/build/package': CMAKE_PREFIX_PATH=${CMAKE_PREFIX_PATH}:/opt/ros/iron /usr/bin/cmake --build /home/sathvik/git/Ros2/gbasic/build/package -- -j4 -l4
[0.030s] -- Found ament_cmake: 2.0.6 (/opt/ros/iron/share/ament_cmake/cmake)
[0.157s] -- Found ament_lint_auto: 0.14.4 (/opt/ros/iron/share/ament_lint_auto/cmake)
[0.214s] -- Added test 'flake8' to check Python code syntax and style conventions
[0.214s] -- Configured 'flake8' exclude dirs and/or files: 
[0.215s] -- Added test 'lint_cmake' to check CMake code style
[0.215s] -- Added test 'pep257' to check Python code against some of the docstring style conventions in PEP 257
[0.216s] -- Added test 'xmllint' to check XML markup files
[0.216s] -- Configuring done
[0.219s] -- Generating done
[0.220s] -- Build files have been written to: /home/sathvik/git/Ros2/gbasic/build/package
[0.238s] Invoked command in '/home/sathvik/git/Ros2/gbasic/build/package' returned '0': CMAKE_PREFIX_PATH=${CMAKE_PREFIX_PATH}:/opt/ros/iron /usr/bin/cmake --build /home/sathvik/git/Ros2/gbasic/build/package -- -j4 -l4
[0.265s] Invoking command in '/home/sathvik/git/Ros2/gbasic/build/package': CMAKE_PREFIX_PATH=${CMAKE_PREFIX_PATH}:/opt/ros/iron /usr/bin/cmake --install /home/sathvik/git/Ros2/gbasic/build/package
[0.272s] -- Install configuration: ""
[0.272s] -- Up-to-date: /home/sathvik/git/Ros2/gbasic/install/package/share/package/launch
[0.272s] -- Up-to-date: /home/sathvik/git/Ros2/gbasic/install/package/share/package/launch/launch.py
[0.272s] -- Up-to-date: /home/sathvik/git/Ros2/gbasic/install/package/share/package/urdf
[0.272s] -- Installing: /home/sathvik/git/Ros2/gbasic/install/package/share/package/urdf/robo.urdf
[0.272s] -- Installing: /home/sathvik/git/Ros2/gbasic/install/package/share/ament_index/resource_index/package_run_dependencies/package
[0.273s] -- Up-to-date: /home/sathvik/git/Ros2/gbasic/install/package/share/ament_index/resource_index/parent_prefix_path/package
[0.273s] -- Up-to-date: /home/sathvik/git/Ros2/gbasic/install/package/share/package/environment/ament_prefix_path.sh
[0.273s] -- Up-to-date: /home/sathvik/git/Ros2/gbasic/install/package/share/package/environment/ament_prefix_path.dsv
[0.273s] -- Up-to-date: /home/sathvik/git/Ros2/gbasic/install/package/share/package/environment/path.sh
[0.273s] -- Up-to-date: /home/sathvik/git/Ros2/gbasic/install/package/share/package/environment/path.dsv
[0.273s] -- Up-to-date: /home/sathvik/git/Ros2/gbasic/install/package/share/package/local_setup.bash
[0.273s] -- Up-to-date: /home/sathvik/git/Ros2/gbasic/install/package/share/package/local_setup.sh
[0.273s] -- Up-to-date: /home/sathvik/git/Ros2/gbasic/install/package/share/package/local_setup.zsh
[0.273s] -- Up-to-date: /home/sathvik/git/Ros2/gbasic/install/package/share/package/local_setup.dsv
[0.273s] -- Installing: /home/sathvik/git/Ros2/gbasic/install/package/share/package/package.dsv
[0.273s] -- Up-to-date: /home/sathvik/git/Ros2/gbasic/install/package/share/ament_index/resource_index/packages/package
[0.273s] -- Up-to-date: /home/sathvik/git/Ros2/gbasic/install/package/share/package/cmake/packageConfig.cmake
[0.274s] -- Up-to-date: /home/sathvik/git/Ros2/gbasic/install/package/share/package/cmake/packageConfig-version.cmake
[0.274s] -- Installing: /home/sathvik/git/Ros2/gbasic/install/package/share/package/package.xml
[0.275s] Invoked command in '/home/sathvik/git/Ros2/gbasic/build/package' returned '0': CMAKE_PREFIX_PATH=${CMAKE_PREFIX_PATH}:/opt/ros/iron /usr/bin/cmake --install /home/sathvik/git/Ros2/gbasic/build/package
