[0.021s] Invoking command in '/home/sathvik/git/Ros2/gbasic/build/package': CMAKE_PREFIX_PATH=${CMAKE_PREFIX_PATH}:/opt/ros/iron /usr/bin/cmake --build /home/sathvik/git/Ros2/gbasic/build/package -- -j4 -l4
[0.314s] -- Found ament_cmake: 2.0.6 (/opt/ros/iron/share/ament_cmake/cmake)
[1.143s] -- Found ament_lint_auto: 0.14.4 (/opt/ros/iron/share/ament_lint_auto/cmake)
[1.400s] -- Added test 'flake8' to check Python code syntax and style conventions
[1.401s] -- Configured 'flake8' exclude dirs and/or files: 
[1.402s] -- Added test 'lint_cmake' to check CMake code style
[1.402s] -- Added test 'pep257' to check Python code against some of the docstring style conventions in PEP 257
[1.405s] -- Added test 'xmllint' to check XML markup files
[1.407s] -- Configuring done
[1.490s] -- Generating done
[1.492s] -- Build files have been written to: /home/sathvik/git/Ros2/gbasic/build/package
[1.537s] Invoked command in '/home/sathvik/git/Ros2/gbasic/build/package' returned '0': CMAKE_PREFIX_PATH=${CMAKE_PREFIX_PATH}:/opt/ros/iron /usr/bin/cmake --build /home/sathvik/git/Ros2/gbasic/build/package -- -j4 -l4
[1.604s] Invoking command in '/home/sathvik/git/Ros2/gbasic/build/package': CMAKE_PREFIX_PATH=${CMAKE_PREFIX_PATH}:/opt/ros/iron /usr/bin/cmake --install /home/sathvik/git/Ros2/gbasic/build/package
[1.620s] -- Install configuration: ""
[1.621s] -- Up-to-date: /home/sathvik/git/Ros2/gbasic/install/package/share/package/launch
[1.621s] -- Up-to-date: /home/sathvik/git/Ros2/gbasic/install/package/share/package/launch/launch.py
[1.621s] -- Up-to-date: /home/sathvik/git/Ros2/gbasic/install/package/share/package/urdf
[1.621s] -- Up-to-date: /home/sathvik/git/Ros2/gbasic/install/package/share/package/urdf/robo.urdf
[1.621s] -- Up-to-date: /home/sathvik/git/Ros2/gbasic/install/package/share/package/urdf/file.world
[1.622s] -- Installing: /home/sathvik/git/Ros2/gbasic/install/package/share/ament_index/resource_index/package_run_dependencies/package
[1.622s] -- Up-to-date: /home/sathvik/git/Ros2/gbasic/install/package/share/ament_index/resource_index/parent_prefix_path/package
[1.622s] -- Up-to-date: /home/sathvik/git/Ros2/gbasic/install/package/share/package/environment/ament_prefix_path.sh
[1.622s] -- Up-to-date: /home/sathvik/git/Ros2/gbasic/install/package/share/package/environment/ament_prefix_path.dsv
[1.622s] -- Up-to-date: /home/sathvik/git/Ros2/gbasic/install/package/share/package/environment/path.sh
[1.623s] -- Up-to-date: /home/sathvik/git/Ros2/gbasic/install/package/share/package/environment/path.dsv
[1.623s] -- Up-to-date: /home/sathvik/git/Ros2/gbasic/install/package/share/package/local_setup.bash
[1.623s] -- Up-to-date: /home/sathvik/git/Ros2/gbasic/install/package/share/package/local_setup.sh
[1.623s] -- Up-to-date: /home/sathvik/git/Ros2/gbasic/install/package/share/package/local_setup.zsh
[1.623s] -- Up-to-date: /home/sathvik/git/Ros2/gbasic/install/package/share/package/local_setup.dsv
[1.623s] -- Installing: /home/sathvik/git/Ros2/gbasic/install/package/share/package/package.dsv
[1.623s] -- Up-to-date: /home/sathvik/git/Ros2/gbasic/install/package/share/ament_index/resource_index/packages/package
[1.624s] -- Up-to-date: /home/sathvik/git/Ros2/gbasic/install/package/share/package/cmake/packageConfig.cmake
[1.624s] -- Up-to-date: /home/sathvik/git/Ros2/gbasic/install/package/share/package/cmake/packageConfig-version.cmake
[1.624s] -- Installing: /home/sathvik/git/Ros2/gbasic/install/package/share/package/package.xml
[1.628s] Invoked command in '/home/sathvik/git/Ros2/gbasic/build/package' returned '0': CMAKE_PREFIX_PATH=${CMAKE_PREFIX_PATH}:/opt/ros/iron /usr/bin/cmake --install /home/sathvik/git/Ros2/gbasic/build/package
