[0.010s] Invoking command in '/home/sathvik/git/Ros2/rosnav2/build/package': CMAKE_PREFIX_PATH=/opt/ros/iron CONDA_PROMPT_MODIFIER=(BB_1106) /usr/bin/cmake --build /home/sathvik/git/Ros2/rosnav2/build/package -- -j4 -l4
[0.055s] Invoked command in '/home/sathvik/git/Ros2/rosnav2/build/package' returned '0': CMAKE_PREFIX_PATH=/opt/ros/iron CONDA_PROMPT_MODIFIER=(BB_1106) /usr/bin/cmake --build /home/sathvik/git/Ros2/rosnav2/build/package -- -j4 -l4
[0.083s] Invoking command in '/home/sathvik/git/Ros2/rosnav2/build/package': CMAKE_PREFIX_PATH=/opt/ros/iron CONDA_PROMPT_MODIFIER=(BB_1106) /usr/bin/cmake --install /home/sathvik/git/Ros2/rosnav2/build/package
[0.090s] -- Install configuration: ""
[0.090s] -- Up-to-date: /home/sathvik/git/Ros2/rosnav2/install/package/share/package/launch
[0.090s] -- Up-to-date: /home/sathvik/git/Ros2/rosnav2/install/package/share/package/launch/local_params.yaml
[0.090s] -- Up-to-date: /home/sathvik/git/Ros2/rosnav2/install/package/share/package/launch/slammap.yaml
[0.090s] -- Installing: /home/sathvik/git/Ros2/rosnav2/install/package/share/package/launch/slammap.pgm
[0.412s] -- Installing: /home/sathvik/git/Ros2/rosnav2/install/package/share/package/launch/launch.py
[0.412s] -- Up-to-date: /home/sathvik/git/Ros2/rosnav2/install/package/share/package/launch/nav2params.yaml
[0.412s] -- Installing: /home/sathvik/git/Ros2/rosnav2/install/package/share/package/launch/.launch.py.swp
[0.412s] -- Up-to-date: /home/sathvik/git/Ros2/rosnav2/install/package/share/package/urdf
[0.413s] -- Installing: /home/sathvik/git/Ros2/rosnav2/install/package/share/package/urdf/robo.urdf
[0.424s] -- Installing: /home/sathvik/git/Ros2/rosnav2/install/package/share/package/urdf/file.world
[0.442s] -- Installing: /home/sathvik/git/Ros2/rosnav2/install/package/share/ament_index/resource_index/package_run_dependencies/package
[0.476s] -- Installing: /home/sathvik/git/Ros2/rosnav2/install/package/share/ament_index/resource_index/parent_prefix_path/package
[0.477s] -- Installing: /home/sathvik/git/Ros2/rosnav2/install/package/share/package/environment/ament_prefix_path.sh
[0.498s] -- Installing: /home/sathvik/git/Ros2/rosnav2/install/package/share/package/environment/ament_prefix_path.dsv
[0.516s] -- Installing: /home/sathvik/git/Ros2/rosnav2/install/package/share/package/environment/path.sh
[0.517s] -- Installing: /home/sathvik/git/Ros2/rosnav2/install/package/share/package/environment/path.dsv
[0.517s] -- Installing: /home/sathvik/git/Ros2/rosnav2/install/package/share/package/local_setup.bash
[0.518s] -- Installing: /home/sathvik/git/Ros2/rosnav2/install/package/share/package/local_setup.sh
[0.519s] -- Installing: /home/sathvik/git/Ros2/rosnav2/install/package/share/package/local_setup.zsh
[0.519s] -- Installing: /home/sathvik/git/Ros2/rosnav2/install/package/share/package/local_setup.dsv
[0.520s] -- Installing: /home/sathvik/git/Ros2/rosnav2/install/package/share/package/package.dsv
[0.520s] -- Installing: /home/sathvik/git/Ros2/rosnav2/install/package/share/ament_index/resource_index/packages/package
[0.520s] -- Installing: /home/sathvik/git/Ros2/rosnav2/install/package/share/package/cmake/packageConfig.cmake
[0.521s] -- Installing: /home/sathvik/git/Ros2/rosnav2/install/package/share/package/cmake/packageConfig-version.cmake
[0.521s] -- Installing: /home/sathvik/git/Ros2/rosnav2/install/package/share/package/package.xml
[0.527s] Invoked command in '/home/sathvik/git/Ros2/rosnav2/build/package' returned '0': CMAKE_PREFIX_PATH=/opt/ros/iron CONDA_PROMPT_MODIFIER=(BB_1106) /usr/bin/cmake --install /home/sathvik/git/Ros2/rosnav2/build/package
