[0.300s] DEBUG:colcon:Command line arguments: ['/usr/bin/colcon', 'build']
[0.300s] DEBUG:colcon:Parsed command line arguments: Namespace(log_base=None, log_level=None, verb_name='build', build_base='build', install_base='install', merge_install=False, symlink_install=False, test_result_base=None, continue_on_error=False, executor='parallel', parallel_workers=4, event_handlers=None, ignore_user_meta=False, metas=['./colcon.meta'], base_paths=['.'], packages_ignore=None, packages_ignore_regex=None, paths=None, packages_up_to=None, packages_up_to_regex=None, packages_above=None, packages_above_and_dependencies=None, packages_above_depth=None, packages_select_by_dep=None, packages_skip_by_dep=None, packages_skip_up_to=None, packages_select_build_failed=False, packages_skip_build_finished=False, packages_select_test_failures=False, packages_skip_test_passed=False, packages_select=None, packages_skip=None, packages_select_regex=None, packages_skip_regex=None, packages_start=None, packages_end=None, allow_overriding=[], cmake_args=None, cmake_target=None, cmake_target_skip_unavailable=False, cmake_clean_cache=False, cmake_clean_first=False, cmake_force_configure=False, ament_cmake_args=None, catkin_cmake_args=None, catkin_skip_building_tests=False, mixin_files=None, mixin=None, verb_parser=<colcon_mixin.mixin.mixin_argument.MixinArgumentDecorator object at 0x7a6d6c0afa90>, verb_extension=<colcon_core.verb.build.BuildVerb object at 0x7a6d6c284190>, main=<bound method BuildVerb.main of <colcon_core.verb.build.BuildVerb object at 0x7a6d6c284190>>, mixin_verb=('build',))
[0.752s] Level 1:colcon.colcon_core.package_discovery:discover_packages(colcon_meta) check parameters
[0.752s] Level 1:colcon.colcon_core.package_discovery:discover_packages(recursive) check parameters
[0.752s] Level 1:colcon.colcon_core.package_discovery:discover_packages(ignore) check parameters
[0.752s] Level 1:colcon.colcon_core.package_discovery:discover_packages(path) check parameters
[0.752s] Level 1:colcon.colcon_core.package_discovery:discover_packages(colcon_meta) discover
[0.752s] Level 1:colcon.colcon_core.package_discovery:discover_packages(recursive) discover
[0.753s] INFO:colcon.colcon_core.package_discovery:Crawling recursively for packages in '/home/sathvik/git/Ros2/rosnav2'
[0.753s] Level 1:colcon.colcon_core.package_identification:_identify(.) by extensions ['ignore', 'ignore_ament_install']
[0.753s] Level 1:colcon.colcon_core.package_identification:_identify(.) by extension 'ignore'
[0.753s] Level 1:colcon.colcon_core.package_identification:_identify(.) by extension 'ignore_ament_install'
[0.753s] Level 1:colcon.colcon_core.package_identification:_identify(.) by extensions ['colcon_pkg']
[0.753s] Level 1:colcon.colcon_core.package_identification:_identify(.) by extension 'colcon_pkg'
[0.754s] Level 1:colcon.colcon_core.package_identification:_identify(.) by extensions ['colcon_meta']
[0.754s] Level 1:colcon.colcon_core.package_identification:_identify(.) by extension 'colcon_meta'
[0.754s] Level 1:colcon.colcon_core.package_identification:_identify(.) by extensions ['ros']
[0.754s] Level 1:colcon.colcon_core.package_identification:_identify(.) by extension 'ros'
[0.784s] Level 1:colcon.colcon_core.package_identification:_identify(.) by extensions ['cmake', 'python']
[0.784s] Level 1:colcon.colcon_core.package_identification:_identify(.) by extension 'cmake'
[0.784s] Level 1:colcon.colcon_core.package_identification:_identify(.) by extension 'python'
[0.784s] Level 1:colcon.colcon_core.package_identification:_identify(.) by extensions ['python_setup_py']
[0.784s] Level 1:colcon.colcon_core.package_identification:_identify(.) by extension 'python_setup_py'
[0.785s] Level 1:colcon.colcon_core.package_identification:_identify(build) by extensions ['ignore', 'ignore_ament_install']
[0.785s] Level 1:colcon.colcon_core.package_identification:_identify(build) by extension 'ignore'
[0.785s] Level 1:colcon.colcon_core.package_identification:_identify(build) ignored
[0.786s] Level 1:colcon.colcon_core.package_identification:_identify(install) by extensions ['ignore', 'ignore_ament_install']
[0.786s] Level 1:colcon.colcon_core.package_identification:_identify(install) by extension 'ignore'
[0.786s] Level 1:colcon.colcon_core.package_identification:_identify(install) ignored
[0.786s] Level 1:colcon.colcon_core.package_identification:_identify(log) by extensions ['ignore', 'ignore_ament_install']
[0.787s] Level 1:colcon.colcon_core.package_identification:_identify(log) by extension 'ignore'
[0.787s] Level 1:colcon.colcon_core.package_identification:_identify(log) ignored
[0.787s] Level 1:colcon.colcon_core.package_identification:_identify(src) by extensions ['ignore', 'ignore_ament_install']
[0.787s] Level 1:colcon.colcon_core.package_identification:_identify(src) by extension 'ignore'
[0.787s] Level 1:colcon.colcon_core.package_identification:_identify(src) by extension 'ignore_ament_install'
[0.787s] Level 1:colcon.colcon_core.package_identification:_identify(src) by extensions ['colcon_pkg']
[0.787s] Level 1:colcon.colcon_core.package_identification:_identify(src) by extension 'colcon_pkg'
[0.787s] Level 1:colcon.colcon_core.package_identification:_identify(src) by extensions ['colcon_meta']
[0.787s] Level 1:colcon.colcon_core.package_identification:_identify(src) by extension 'colcon_meta'
[0.788s] Level 1:colcon.colcon_core.package_identification:_identify(src) by extensions ['ros']
[0.788s] Level 1:colcon.colcon_core.package_identification:_identify(src) by extension 'ros'
[0.788s] Level 1:colcon.colcon_core.package_identification:_identify(src) by extensions ['cmake', 'python']
[0.788s] Level 1:colcon.colcon_core.package_identification:_identify(src) by extension 'cmake'
[0.788s] Level 1:colcon.colcon_core.package_identification:_identify(src) by extension 'python'
[0.788s] Level 1:colcon.colcon_core.package_identification:_identify(src) by extensions ['python_setup_py']
[0.788s] Level 1:colcon.colcon_core.package_identification:_identify(src) by extension 'python_setup_py'
[0.788s] Level 1:colcon.colcon_core.package_identification:_identify(src/package) by extensions ['ignore', 'ignore_ament_install']
[0.789s] Level 1:colcon.colcon_core.package_identification:_identify(src/package) by extension 'ignore'
[0.789s] Level 1:colcon.colcon_core.package_identification:_identify(src/package) by extension 'ignore_ament_install'
[0.789s] Level 1:colcon.colcon_core.package_identification:_identify(src/package) by extensions ['colcon_pkg']
[0.789s] Level 1:colcon.colcon_core.package_identification:_identify(src/package) by extension 'colcon_pkg'
[0.789s] Level 1:colcon.colcon_core.package_identification:_identify(src/package) by extensions ['colcon_meta']
[0.789s] Level 1:colcon.colcon_core.package_identification:_identify(src/package) by extension 'colcon_meta'
[0.789s] Level 1:colcon.colcon_core.package_identification:_identify(src/package) by extensions ['ros']
[0.789s] Level 1:colcon.colcon_core.package_identification:_identify(src/package) by extension 'ros'
[0.797s] DEBUG:colcon.colcon_core.package_identification:Package 'src/package' with type 'ros.ament_cmake' and name 'package'
[0.797s] Level 1:colcon.colcon_core.package_discovery:discover_packages(recursive) using defaults
[0.797s] Level 1:colcon.colcon_core.package_discovery:discover_packages(ignore) discover
[0.797s] Level 1:colcon.colcon_core.package_discovery:discover_packages(ignore) using defaults
[0.797s] Level 1:colcon.colcon_core.package_discovery:discover_packages(path) discover
[0.797s] Level 1:colcon.colcon_core.package_discovery:discover_packages(path) using defaults
[0.875s] Level 1:colcon.colcon_core.package_discovery:discover_packages(prefix_path) check parameters
[0.876s] Level 1:colcon.colcon_core.package_discovery:discover_packages(prefix_path) discover
[0.880s] DEBUG:colcon.colcon_installed_package_information.package_discovery:Found 1 installed packages in /home/sathvik/git/Ros2/rosnav2/install
[0.884s] DEBUG:colcon.colcon_installed_package_information.package_discovery:Found 359 installed packages in /opt/ros/iron
[0.889s] Level 1:colcon.colcon_core.package_discovery:discover_packages(prefix_path) using defaults
[1.015s] Level 5:colcon.colcon_core.verb:set package 'package' build argument 'cmake_args' from command line to 'None'
[1.015s] Level 5:colcon.colcon_core.verb:set package 'package' build argument 'cmake_target' from command line to 'None'
[1.015s] Level 5:colcon.colcon_core.verb:set package 'package' build argument 'cmake_target_skip_unavailable' from command line to 'False'
[1.015s] Level 5:colcon.colcon_core.verb:set package 'package' build argument 'cmake_clean_cache' from command line to 'False'
[1.015s] Level 5:colcon.colcon_core.verb:set package 'package' build argument 'cmake_clean_first' from command line to 'False'
[1.015s] Level 5:colcon.colcon_core.verb:set package 'package' build argument 'cmake_force_configure' from command line to 'False'
[1.015s] Level 5:colcon.colcon_core.verb:set package 'package' build argument 'ament_cmake_args' from command line to 'None'
[1.015s] Level 5:colcon.colcon_core.verb:set package 'package' build argument 'catkin_cmake_args' from command line to 'None'
[1.016s] Level 5:colcon.colcon_core.verb:set package 'package' build argument 'catkin_skip_building_tests' from command line to 'False'
[1.016s] DEBUG:colcon.colcon_core.verb:Building package 'package' with the following arguments: {'ament_cmake_args': None, 'build_base': '/home/sathvik/git/Ros2/rosnav2/build/package', 'catkin_cmake_args': None, 'catkin_skip_building_tests': False, 'cmake_args': None, 'cmake_clean_cache': False, 'cmake_clean_first': False, 'cmake_force_configure': False, 'cmake_target': None, 'cmake_target_skip_unavailable': False, 'install_base': '/home/sathvik/git/Ros2/rosnav2/install/package', 'merge_install': False, 'path': '/home/sathvik/git/Ros2/rosnav2/src/package', 'symlink_install': False, 'test_result_base': None}
[1.016s] INFO:colcon.colcon_core.executor:Executing jobs using 'parallel' executor
[1.019s] DEBUG:colcon.colcon_parallel_executor.executor.parallel:run_until_complete
[1.019s] INFO:colcon.colcon_ros.task.ament_cmake.build:Building ROS package in '/home/sathvik/git/Ros2/rosnav2/src/package' with build type 'ament_cmake'
[1.020s] INFO:colcon.colcon_cmake.task.cmake.build:Building CMake package in '/home/sathvik/git/Ros2/rosnav2/src/package'
[1.024s] INFO:colcon.colcon_core.plugin_system:Skipping extension 'colcon_core.shell.bat': Not used on non-Windows systems
[1.024s] INFO:colcon.colcon_core.shell:Skip shell extension 'powershell' for command environment: Not usable outside of PowerShell
[1.024s] DEBUG:colcon.colcon_core.shell:Skip shell extension 'dsv' for command environment
[1.055s] DEBUG:colcon.colcon_core.event_handler.log_command:Invoking command in '/home/sathvik/git/Ros2/rosnav2/build/package': CMAKE_PREFIX_PATH=${CMAKE_PREFIX_PATH}:/opt/ros/iron /usr/bin/cmake --build /home/sathvik/git/Ros2/rosnav2/build/package -- -j4 -l4
[1.151s] DEBUG:colcon.colcon_core.event_handler.log_command:Invoked command in '/home/sathvik/git/Ros2/rosnav2/build/package' returned '0': CMAKE_PREFIX_PATH=${CMAKE_PREFIX_PATH}:/opt/ros/iron /usr/bin/cmake --build /home/sathvik/git/Ros2/rosnav2/build/package -- -j4 -l4
[1.230s] DEBUG:colcon.colcon_core.event_handler.log_command:Invoking command in '/home/sathvik/git/Ros2/rosnav2/build/package': CMAKE_PREFIX_PATH=${CMAKE_PREFIX_PATH}:/opt/ros/iron /usr/bin/cmake --install /home/sathvik/git/Ros2/rosnav2/build/package
[1.256s] Level 1:colcon.colcon_core.environment:create_environment_scripts_only(package)
[1.257s] DEBUG:colcon.colcon_core.event_handler.log_command:Invoked command in '/home/sathvik/git/Ros2/rosnav2/build/package' returned '0': CMAKE_PREFIX_PATH=${CMAKE_PREFIX_PATH}:/opt/ros/iron /usr/bin/cmake --install /home/sathvik/git/Ros2/rosnav2/build/package
[1.263s] Level 1:colcon.colcon_core.environment:checking '/home/sathvik/git/Ros2/rosnav2/install/package' for CMake module files
[1.264s] Level 1:colcon.colcon_core.environment:checking '/home/sathvik/git/Ros2/rosnav2/install/package' for CMake config files
[1.265s] Level 1:colcon.colcon_core.shell:create_environment_hook('package', 'cmake_prefix_path')
[1.266s] INFO:colcon.colcon_core.shell:Creating environment hook '/home/sathvik/git/Ros2/rosnav2/install/package/share/package/hook/cmake_prefix_path.ps1'
[1.268s] INFO:colcon.colcon_core.shell:Creating environment descriptor '/home/sathvik/git/Ros2/rosnav2/install/package/share/package/hook/cmake_prefix_path.dsv'
[1.269s] INFO:colcon.colcon_core.shell:Creating environment hook '/home/sathvik/git/Ros2/rosnav2/install/package/share/package/hook/cmake_prefix_path.sh'
[1.272s] Level 1:colcon.colcon_core.environment:checking '/home/sathvik/git/Ros2/rosnav2/install/package/bin'
[1.272s] Level 1:colcon.colcon_core.environment:checking '/home/sathvik/git/Ros2/rosnav2/install/package/lib/pkgconfig/package.pc'
[1.272s] Level 1:colcon.colcon_core.environment:checking '/home/sathvik/git/Ros2/rosnav2/install/package/lib/python3.10/site-packages'
[1.273s] Level 1:colcon.colcon_core.environment:checking '/home/sathvik/git/Ros2/rosnav2/install/package/bin'
[1.274s] INFO:colcon.colcon_core.shell:Creating package script '/home/sathvik/git/Ros2/rosnav2/install/package/share/package/package.ps1'
[1.276s] INFO:colcon.colcon_core.shell:Creating package descriptor '/home/sathvik/git/Ros2/rosnav2/install/package/share/package/package.dsv'
[1.277s] INFO:colcon.colcon_core.shell:Creating package script '/home/sathvik/git/Ros2/rosnav2/install/package/share/package/package.sh'
[1.279s] INFO:colcon.colcon_core.shell:Creating package script '/home/sathvik/git/Ros2/rosnav2/install/package/share/package/package.bash'
[1.280s] INFO:colcon.colcon_core.shell:Creating package script '/home/sathvik/git/Ros2/rosnav2/install/package/share/package/package.zsh'
[1.282s] Level 1:colcon.colcon_core.environment:create_file_with_runtime_dependencies(/home/sathvik/git/Ros2/rosnav2/install/package/share/colcon-core/packages/package)
[1.332s] Level 1:colcon.colcon_core.environment:create_environment_scripts_only(package)
[1.332s] Level 1:colcon.colcon_core.environment:checking '/home/sathvik/git/Ros2/rosnav2/install/package' for CMake module files
[1.333s] Level 1:colcon.colcon_core.environment:checking '/home/sathvik/git/Ros2/rosnav2/install/package' for CMake config files
[1.334s] Level 1:colcon.colcon_core.shell:create_environment_hook('package', 'cmake_prefix_path')
[1.335s] INFO:colcon.colcon_core.shell:Creating environment hook '/home/sathvik/git/Ros2/rosnav2/install/package/share/package/hook/cmake_prefix_path.ps1'
[1.335s] INFO:colcon.colcon_core.shell:Creating environment descriptor '/home/sathvik/git/Ros2/rosnav2/install/package/share/package/hook/cmake_prefix_path.dsv'
[1.336s] INFO:colcon.colcon_core.shell:Creating environment hook '/home/sathvik/git/Ros2/rosnav2/install/package/share/package/hook/cmake_prefix_path.sh'
[1.337s] Level 1:colcon.colcon_core.environment:checking '/home/sathvik/git/Ros2/rosnav2/install/package/bin'
[1.338s] Level 1:colcon.colcon_core.environment:checking '/home/sathvik/git/Ros2/rosnav2/install/package/lib/pkgconfig/package.pc'
[1.338s] Level 1:colcon.colcon_core.environment:checking '/home/sathvik/git/Ros2/rosnav2/install/package/lib/python3.10/site-packages'
[1.339s] Level 1:colcon.colcon_core.environment:checking '/home/sathvik/git/Ros2/rosnav2/install/package/bin'
[1.339s] INFO:colcon.colcon_core.shell:Creating package script '/home/sathvik/git/Ros2/rosnav2/install/package/share/package/package.ps1'
[1.341s] INFO:colcon.colcon_core.shell:Creating package descriptor '/home/sathvik/git/Ros2/rosnav2/install/package/share/package/package.dsv'
[1.342s] INFO:colcon.colcon_core.shell:Creating package script '/home/sathvik/git/Ros2/rosnav2/install/package/share/package/package.sh'
[1.343s] INFO:colcon.colcon_core.shell:Creating package script '/home/sathvik/git/Ros2/rosnav2/install/package/share/package/package.bash'
[1.344s] INFO:colcon.colcon_core.shell:Creating package script '/home/sathvik/git/Ros2/rosnav2/install/package/share/package/package.zsh'
[1.346s] Level 1:colcon.colcon_core.environment:create_file_with_runtime_dependencies(/home/sathvik/git/Ros2/rosnav2/install/package/share/colcon-core/packages/package)
[1.347s] DEBUG:colcon.colcon_parallel_executor.executor.parallel:closing loop
[1.349s] DEBUG:colcon.colcon_parallel_executor.executor.parallel:loop closed
[1.350s] DEBUG:colcon.colcon_parallel_executor.executor.parallel:run_until_complete finished with '0'
[1.350s] DEBUG:colcon.colcon_core.event_reactor:joining thread
[1.364s] INFO:colcon.colcon_core.plugin_system:Skipping extension 'colcon_notification.desktop_notification.terminal_notifier': Not used on non-Darwin systems
[1.365s] INFO:colcon.colcon_core.plugin_system:Skipping extension 'colcon_notification.desktop_notification.win32': Not used on non-Windows systems
[1.365s] INFO:colcon.colcon_notification.desktop_notification:Sending desktop notification using 'notify2'
[1.404s] DEBUG:colcon.colcon_core.event_reactor:joined thread
[1.405s] INFO:colcon.colcon_core.shell:Creating prefix script '/home/sathvik/git/Ros2/rosnav2/install/local_setup.ps1'
[1.409s] INFO:colcon.colcon_core.shell:Creating prefix util module '/home/sathvik/git/Ros2/rosnav2/install/_local_setup_util_ps1.py'
[1.418s] INFO:colcon.colcon_core.shell:Creating prefix chain script '/home/sathvik/git/Ros2/rosnav2/install/setup.ps1'
[1.424s] INFO:colcon.colcon_core.shell:Creating prefix script '/home/sathvik/git/Ros2/rosnav2/install/local_setup.sh'
[1.427s] INFO:colcon.colcon_core.shell:Creating prefix util module '/home/sathvik/git/Ros2/rosnav2/install/_local_setup_util_sh.py'
[1.428s] INFO:colcon.colcon_core.shell:Creating prefix chain script '/home/sathvik/git/Ros2/rosnav2/install/setup.sh'
[1.432s] INFO:colcon.colcon_core.shell:Creating prefix script '/home/sathvik/git/Ros2/rosnav2/install/local_setup.bash'
[1.434s] INFO:colcon.colcon_core.shell:Creating prefix chain script '/home/sathvik/git/Ros2/rosnav2/install/setup.bash'
[1.438s] INFO:colcon.colcon_core.shell:Creating prefix script '/home/sathvik/git/Ros2/rosnav2/install/local_setup.zsh'
[1.441s] INFO:colcon.colcon_core.shell:Creating prefix chain script '/home/sathvik/git/Ros2/rosnav2/install/setup.zsh'
