[5.024s] DEBUG:colcon:Command line arguments: ['/usr/bin/colcon', 'build']
[5.024s] DEBUG:colcon:Parsed command line arguments: Namespace(log_base=None, log_level=None, verb_name='build', build_base='build', install_base='install', merge_install=False, symlink_install=False, test_result_base=None, continue_on_error=False, executor='parallel', parallel_workers=4, event_handlers=None, ignore_user_meta=False, metas=['./colcon.meta'], base_paths=['.'], packages_ignore=None, packages_ignore_regex=None, paths=None, packages_up_to=None, packages_up_to_regex=None, packages_above=None, packages_above_and_dependencies=None, packages_above_depth=None, packages_select_by_dep=None, packages_skip_by_dep=None, packages_skip_up_to=None, packages_select_build_failed=False, packages_skip_build_finished=False, packages_select_test_failures=False, packages_skip_test_passed=False, packages_select=None, packages_skip=None, packages_select_regex=None, packages_skip_regex=None, packages_start=None, packages_end=None, allow_overriding=[], cmake_args=None, cmake_target=None, cmake_target_skip_unavailable=False, cmake_clean_cache=False, cmake_clean_first=False, cmake_force_configure=False, ament_cmake_args=None, catkin_cmake_args=None, catkin_skip_building_tests=False, mixin_files=None, mixin=None, verb_parser=<colcon_mixin.mixin.mixin_argument.MixinArgumentDecorator object at 0x71a0885ff880>, verb_extension=<colcon_core.verb.build.BuildVerb object at 0x71a08875bf40>, main=<bound method BuildVerb.main of <colcon_core.verb.build.BuildVerb object at 0x71a08875bf40>>, mixin_verb=('build',))
[10.550s] Level 1:colcon.colcon_core.package_discovery:discover_packages(colcon_meta) check parameters
[10.550s] Level 1:colcon.colcon_core.package_discovery:discover_packages(recursive) check parameters
[10.550s] Level 1:colcon.colcon_core.package_discovery:discover_packages(ignore) check parameters
[10.550s] Level 1:colcon.colcon_core.package_discovery:discover_packages(path) check parameters
[10.550s] Level 1:colcon.colcon_core.package_discovery:discover_packages(colcon_meta) discover
[10.551s] Level 1:colcon.colcon_core.package_discovery:discover_packages(recursive) discover
[10.551s] INFO:colcon.colcon_core.package_discovery:Crawling recursively for packages in '/home/sathvik/git/Ros2/gbasic'
[10.551s] Level 1:colcon.colcon_core.package_identification:_identify(.) by extensions ['ignore', 'ignore_ament_install']
[10.551s] Level 1:colcon.colcon_core.package_identification:_identify(.) by extension 'ignore'
[10.551s] Level 1:colcon.colcon_core.package_identification:_identify(.) by extension 'ignore_ament_install'
[10.551s] Level 1:colcon.colcon_core.package_identification:_identify(.) by extensions ['colcon_pkg']
[10.552s] Level 1:colcon.colcon_core.package_identification:_identify(.) by extension 'colcon_pkg'
[10.552s] Level 1:colcon.colcon_core.package_identification:_identify(.) by extensions ['colcon_meta']
[10.552s] Level 1:colcon.colcon_core.package_identification:_identify(.) by extension 'colcon_meta'
[10.552s] Level 1:colcon.colcon_core.package_identification:_identify(.) by extensions ['ros']
[10.552s] Level 1:colcon.colcon_core.package_identification:_identify(.) by extension 'ros'
[10.595s] Level 1:colcon.colcon_core.package_identification:_identify(.) by extensions ['cmake', 'python']
[10.595s] Level 1:colcon.colcon_core.package_identification:_identify(.) by extension 'cmake'
[10.595s] Level 1:colcon.colcon_core.package_identification:_identify(.) by extension 'python'
[10.595s] Level 1:colcon.colcon_core.package_identification:_identify(.) by extensions ['python_setup_py']
[10.596s] Level 1:colcon.colcon_core.package_identification:_identify(.) by extension 'python_setup_py'
[10.596s] Level 1:colcon.colcon_core.package_identification:_identify(build) by extensions ['ignore', 'ignore_ament_install']
[10.596s] Level 1:colcon.colcon_core.package_identification:_identify(build) by extension 'ignore'
[10.596s] Level 1:colcon.colcon_core.package_identification:_identify(build) ignored
[10.596s] Level 1:colcon.colcon_core.package_identification:_identify(install) by extensions ['ignore', 'ignore_ament_install']
[10.596s] Level 1:colcon.colcon_core.package_identification:_identify(install) by extension 'ignore'
[10.596s] Level 1:colcon.colcon_core.package_identification:_identify(install) ignored
[10.597s] Level 1:colcon.colcon_core.package_identification:_identify(log) by extensions ['ignore', 'ignore_ament_install']
[10.597s] Level 1:colcon.colcon_core.package_identification:_identify(log) by extension 'ignore'
[10.597s] Level 1:colcon.colcon_core.package_identification:_identify(log) ignored
[10.597s] Level 1:colcon.colcon_core.package_identification:_identify(src) by extensions ['ignore', 'ignore_ament_install']
[10.597s] Level 1:colcon.colcon_core.package_identification:_identify(src) by extension 'ignore'
[10.597s] Level 1:colcon.colcon_core.package_identification:_identify(src) by extension 'ignore_ament_install'
[10.597s] Level 1:colcon.colcon_core.package_identification:_identify(src) by extensions ['colcon_pkg']
[10.597s] Level 1:colcon.colcon_core.package_identification:_identify(src) by extension 'colcon_pkg'
[10.597s] Level 1:colcon.colcon_core.package_identification:_identify(src) by extensions ['colcon_meta']
[10.597s] Level 1:colcon.colcon_core.package_identification:_identify(src) by extension 'colcon_meta'
[10.597s] Level 1:colcon.colcon_core.package_identification:_identify(src) by extensions ['ros']
[10.597s] Level 1:colcon.colcon_core.package_identification:_identify(src) by extension 'ros'
[10.597s] Level 1:colcon.colcon_core.package_identification:_identify(src) by extensions ['cmake', 'python']
[10.597s] Level 1:colcon.colcon_core.package_identification:_identify(src) by extension 'cmake'
[10.598s] Level 1:colcon.colcon_core.package_identification:_identify(src) by extension 'python'
[10.598s] Level 1:colcon.colcon_core.package_identification:_identify(src) by extensions ['python_setup_py']
[10.598s] Level 1:colcon.colcon_core.package_identification:_identify(src) by extension 'python_setup_py'
[10.598s] Level 1:colcon.colcon_core.package_identification:_identify(src/package) by extensions ['ignore', 'ignore_ament_install']
[10.598s] Level 1:colcon.colcon_core.package_identification:_identify(src/package) by extension 'ignore'
[10.598s] Level 1:colcon.colcon_core.package_identification:_identify(src/package) by extension 'ignore_ament_install'
[10.598s] Level 1:colcon.colcon_core.package_identification:_identify(src/package) by extensions ['colcon_pkg']
[10.598s] Level 1:colcon.colcon_core.package_identification:_identify(src/package) by extension 'colcon_pkg'
[10.598s] Level 1:colcon.colcon_core.package_identification:_identify(src/package) by extensions ['colcon_meta']
[10.598s] Level 1:colcon.colcon_core.package_identification:_identify(src/package) by extension 'colcon_meta'
[10.598s] Level 1:colcon.colcon_core.package_identification:_identify(src/package) by extensions ['ros']
[10.598s] Level 1:colcon.colcon_core.package_identification:_identify(src/package) by extension 'ros'
[10.642s] DEBUG:colcon.colcon_core.package_identification:Package 'src/package' with type 'ros.ament_cmake' and name 'package'
[10.642s] Level 1:colcon.colcon_core.package_discovery:discover_packages(recursive) using defaults
[10.642s] Level 1:colcon.colcon_core.package_discovery:discover_packages(ignore) discover
[10.642s] Level 1:colcon.colcon_core.package_discovery:discover_packages(ignore) using defaults
[10.642s] Level 1:colcon.colcon_core.package_discovery:discover_packages(path) discover
[10.642s] Level 1:colcon.colcon_core.package_discovery:discover_packages(path) using defaults
[10.894s] Level 1:colcon.colcon_core.package_discovery:discover_packages(prefix_path) check parameters
[10.895s] Level 1:colcon.colcon_core.package_discovery:discover_packages(prefix_path) discover
[10.900s] DEBUG:colcon.colcon_installed_package_information.package_discovery:Found 1 installed packages in /home/sathvik/git/Ros2/gbasic/install
[10.902s] DEBUG:colcon.colcon_installed_package_information.package_discovery:Found 313 installed packages in /opt/ros/iron
[10.905s] Level 1:colcon.colcon_core.package_discovery:discover_packages(prefix_path) using defaults
[11.004s] Level 5:colcon.colcon_core.verb:set package 'package' build argument 'cmake_args' from command line to 'None'
[11.004s] Level 5:colcon.colcon_core.verb:set package 'package' build argument 'cmake_target' from command line to 'None'
[11.004s] Level 5:colcon.colcon_core.verb:set package 'package' build argument 'cmake_target_skip_unavailable' from command line to 'False'
[11.004s] Level 5:colcon.colcon_core.verb:set package 'package' build argument 'cmake_clean_cache' from command line to 'False'
[11.004s] Level 5:colcon.colcon_core.verb:set package 'package' build argument 'cmake_clean_first' from command line to 'False'
[11.004s] Level 5:colcon.colcon_core.verb:set package 'package' build argument 'cmake_force_configure' from command line to 'False'
[11.004s] Level 5:colcon.colcon_core.verb:set package 'package' build argument 'ament_cmake_args' from command line to 'None'
[11.004s] Level 5:colcon.colcon_core.verb:set package 'package' build argument 'catkin_cmake_args' from command line to 'None'
[11.004s] Level 5:colcon.colcon_core.verb:set package 'package' build argument 'catkin_skip_building_tests' from command line to 'False'
[11.004s] DEBUG:colcon.colcon_core.verb:Building package 'package' with the following arguments: {'ament_cmake_args': None, 'build_base': '/home/sathvik/git/Ros2/gbasic/build/package', 'catkin_cmake_args': None, 'catkin_skip_building_tests': False, 'cmake_args': None, 'cmake_clean_cache': False, 'cmake_clean_first': False, 'cmake_force_configure': False, 'cmake_target': None, 'cmake_target_skip_unavailable': False, 'install_base': '/home/sathvik/git/Ros2/gbasic/install/package', 'merge_install': False, 'path': '/home/sathvik/git/Ros2/gbasic/src/package', 'symlink_install': False, 'test_result_base': None}
[11.005s] INFO:colcon.colcon_core.executor:Executing jobs using 'parallel' executor
[11.006s] DEBUG:colcon.colcon_parallel_executor.executor.parallel:run_until_complete
[11.006s] INFO:colcon.colcon_ros.task.ament_cmake.build:Building ROS package in '/home/sathvik/git/Ros2/gbasic/src/package' with build type 'ament_cmake'
[11.006s] INFO:colcon.colcon_cmake.task.cmake.build:Building CMake package in '/home/sathvik/git/Ros2/gbasic/src/package'
[11.058s] INFO:colcon.colcon_core.plugin_system:Skipping extension 'colcon_core.shell.bat': Not used on non-Windows systems
[11.058s] INFO:colcon.colcon_core.shell:Skip shell extension 'powershell' for command environment: Not usable outside of PowerShell
[11.058s] DEBUG:colcon.colcon_core.shell:Skip shell extension 'dsv' for command environment
[11.171s] DEBUG:colcon.colcon_core.event_handler.log_command:Invoking command in '/home/sathvik/git/Ros2/gbasic/build/package': CMAKE_PREFIX_PATH=${CMAKE_PREFIX_PATH}:/opt/ros/iron /usr/bin/cmake --build /home/sathvik/git/Ros2/gbasic/build/package -- -j4 -l4
[11.785s] DEBUG:colcon.colcon_core.event_handler.log_command:Invoked command in '/home/sathvik/git/Ros2/gbasic/build/package' returned '0': CMAKE_PREFIX_PATH=${CMAKE_PREFIX_PATH}:/opt/ros/iron /usr/bin/cmake --build /home/sathvik/git/Ros2/gbasic/build/package -- -j4 -l4
[11.811s] DEBUG:colcon.colcon_core.event_handler.log_command:Invoking command in '/home/sathvik/git/Ros2/gbasic/build/package': CMAKE_PREFIX_PATH=${CMAKE_PREFIX_PATH}:/opt/ros/iron /usr/bin/cmake --install /home/sathvik/git/Ros2/gbasic/build/package
[11.861s] Level 1:colcon.colcon_core.environment:create_environment_scripts_only(package)
[11.862s] DEBUG:colcon.colcon_core.event_handler.log_command:Invoked command in '/home/sathvik/git/Ros2/gbasic/build/package' returned '0': CMAKE_PREFIX_PATH=${CMAKE_PREFIX_PATH}:/opt/ros/iron /usr/bin/cmake --install /home/sathvik/git/Ros2/gbasic/build/package
[11.899s] Level 1:colcon.colcon_core.environment:checking '/home/sathvik/git/Ros2/gbasic/install/package' for CMake module files
[11.900s] Level 1:colcon.colcon_core.environment:checking '/home/sathvik/git/Ros2/gbasic/install/package' for CMake config files
[11.915s] Level 1:colcon.colcon_core.shell:create_environment_hook('package', 'cmake_prefix_path')
[11.916s] INFO:colcon.colcon_core.shell:Creating environment hook '/home/sathvik/git/Ros2/gbasic/install/package/share/package/hook/cmake_prefix_path.ps1'
[11.917s] INFO:colcon.colcon_core.shell:Creating environment descriptor '/home/sathvik/git/Ros2/gbasic/install/package/share/package/hook/cmake_prefix_path.dsv'
[11.918s] INFO:colcon.colcon_core.shell:Creating environment hook '/home/sathvik/git/Ros2/gbasic/install/package/share/package/hook/cmake_prefix_path.sh'
[11.921s] Level 1:colcon.colcon_core.environment:checking '/home/sathvik/git/Ros2/gbasic/install/package/bin'
[11.921s] Level 1:colcon.colcon_core.environment:checking '/home/sathvik/git/Ros2/gbasic/install/package/lib/pkgconfig/package.pc'
[11.921s] Level 1:colcon.colcon_core.environment:checking '/home/sathvik/git/Ros2/gbasic/install/package/lib/python3.10/site-packages'
[11.922s] Level 1:colcon.colcon_core.environment:checking '/home/sathvik/git/Ros2/gbasic/install/package/bin'
[11.922s] INFO:colcon.colcon_core.shell:Creating package script '/home/sathvik/git/Ros2/gbasic/install/package/share/package/package.ps1'
[11.925s] INFO:colcon.colcon_core.shell:Creating package descriptor '/home/sathvik/git/Ros2/gbasic/install/package/share/package/package.dsv'
[11.926s] INFO:colcon.colcon_core.shell:Creating package script '/home/sathvik/git/Ros2/gbasic/install/package/share/package/package.sh'
[11.928s] INFO:colcon.colcon_core.shell:Creating package script '/home/sathvik/git/Ros2/gbasic/install/package/share/package/package.bash'
[11.929s] INFO:colcon.colcon_core.shell:Creating package script '/home/sathvik/git/Ros2/gbasic/install/package/share/package/package.zsh'
[11.937s] Level 1:colcon.colcon_core.environment:create_file_with_runtime_dependencies(/home/sathvik/git/Ros2/gbasic/install/package/share/colcon-core/packages/package)
[11.959s] Level 1:colcon.colcon_core.environment:create_environment_scripts_only(package)
[11.959s] Level 1:colcon.colcon_core.environment:checking '/home/sathvik/git/Ros2/gbasic/install/package' for CMake module files
[11.960s] Level 1:colcon.colcon_core.environment:checking '/home/sathvik/git/Ros2/gbasic/install/package' for CMake config files
[11.960s] Level 1:colcon.colcon_core.shell:create_environment_hook('package', 'cmake_prefix_path')
[11.960s] INFO:colcon.colcon_core.shell:Creating environment hook '/home/sathvik/git/Ros2/gbasic/install/package/share/package/hook/cmake_prefix_path.ps1'
[11.960s] INFO:colcon.colcon_core.shell:Creating environment descriptor '/home/sathvik/git/Ros2/gbasic/install/package/share/package/hook/cmake_prefix_path.dsv'
[11.961s] INFO:colcon.colcon_core.shell:Creating environment hook '/home/sathvik/git/Ros2/gbasic/install/package/share/package/hook/cmake_prefix_path.sh'
[11.961s] Level 1:colcon.colcon_core.environment:checking '/home/sathvik/git/Ros2/gbasic/install/package/bin'
[11.961s] Level 1:colcon.colcon_core.environment:checking '/home/sathvik/git/Ros2/gbasic/install/package/lib/pkgconfig/package.pc'
[11.961s] Level 1:colcon.colcon_core.environment:checking '/home/sathvik/git/Ros2/gbasic/install/package/lib/python3.10/site-packages'
[11.962s] Level 1:colcon.colcon_core.environment:checking '/home/sathvik/git/Ros2/gbasic/install/package/bin'
[11.962s] INFO:colcon.colcon_core.shell:Creating package script '/home/sathvik/git/Ros2/gbasic/install/package/share/package/package.ps1'
[11.962s] INFO:colcon.colcon_core.shell:Creating package descriptor '/home/sathvik/git/Ros2/gbasic/install/package/share/package/package.dsv'
[11.963s] INFO:colcon.colcon_core.shell:Creating package script '/home/sathvik/git/Ros2/gbasic/install/package/share/package/package.sh'
[11.963s] INFO:colcon.colcon_core.shell:Creating package script '/home/sathvik/git/Ros2/gbasic/install/package/share/package/package.bash'
[11.963s] INFO:colcon.colcon_core.shell:Creating package script '/home/sathvik/git/Ros2/gbasic/install/package/share/package/package.zsh'
[11.963s] Level 1:colcon.colcon_core.environment:create_file_with_runtime_dependencies(/home/sathvik/git/Ros2/gbasic/install/package/share/colcon-core/packages/package)
[11.964s] DEBUG:colcon.colcon_parallel_executor.executor.parallel:closing loop
[11.964s] DEBUG:colcon.colcon_parallel_executor.executor.parallel:loop closed
[11.964s] DEBUG:colcon.colcon_parallel_executor.executor.parallel:run_until_complete finished with '0'
[11.964s] DEBUG:colcon.colcon_core.event_reactor:joining thread
[11.991s] INFO:colcon.colcon_core.plugin_system:Skipping extension 'colcon_notification.desktop_notification.terminal_notifier': Not used on non-Darwin systems
[11.991s] INFO:colcon.colcon_core.plugin_system:Skipping extension 'colcon_notification.desktop_notification.win32': Not used on non-Windows systems
[11.991s] INFO:colcon.colcon_notification.desktop_notification:Sending desktop notification using 'notify2'
[12.037s] DEBUG:colcon.colcon_core.event_reactor:joined thread
[12.039s] INFO:colcon.colcon_core.shell:Creating prefix script '/home/sathvik/git/Ros2/gbasic/install/local_setup.ps1'
[12.042s] INFO:colcon.colcon_core.shell:Creating prefix util module '/home/sathvik/git/Ros2/gbasic/install/_local_setup_util_ps1.py'
[12.068s] INFO:colcon.colcon_core.shell:Creating prefix chain script '/home/sathvik/git/Ros2/gbasic/install/setup.ps1'
[12.069s] INFO:colcon.colcon_core.shell:Creating prefix script '/home/sathvik/git/Ros2/gbasic/install/local_setup.sh'
[12.070s] INFO:colcon.colcon_core.shell:Creating prefix util module '/home/sathvik/git/Ros2/gbasic/install/_local_setup_util_sh.py'
[12.070s] INFO:colcon.colcon_core.shell:Creating prefix chain script '/home/sathvik/git/Ros2/gbasic/install/setup.sh'
[12.071s] INFO:colcon.colcon_core.shell:Creating prefix script '/home/sathvik/git/Ros2/gbasic/install/local_setup.bash'
[12.072s] INFO:colcon.colcon_core.shell:Creating prefix chain script '/home/sathvik/git/Ros2/gbasic/install/setup.bash'
[12.073s] INFO:colcon.colcon_core.shell:Creating prefix script '/home/sathvik/git/Ros2/gbasic/install/local_setup.zsh'
[12.073s] INFO:colcon.colcon_core.shell:Creating prefix chain script '/home/sathvik/git/Ros2/gbasic/install/setup.zsh'
