[2.876s] DEBUG:colcon:Command line arguments: ['/usr/bin/colcon', 'build']
[2.876s] DEBUG:colcon:Parsed command line arguments: Namespace(log_base=None, log_level=None, verb_name='build', build_base='build', install_base='install', merge_install=False, symlink_install=False, test_result_base=None, continue_on_error=False, executor='parallel', parallel_workers=4, event_handlers=None, ignore_user_meta=False, metas=['./colcon.meta'], base_paths=['.'], packages_ignore=None, packages_ignore_regex=None, paths=None, packages_up_to=None, packages_up_to_regex=None, packages_above=None, packages_above_and_dependencies=None, packages_above_depth=None, packages_select_by_dep=None, packages_skip_by_dep=None, packages_skip_up_to=None, packages_select_build_failed=False, packages_skip_build_finished=False, packages_select_test_failures=False, packages_skip_test_passed=False, packages_select=None, packages_skip=None, packages_select_regex=None, packages_skip_regex=None, packages_start=None, packages_end=None, allow_overriding=[], cmake_args=None, cmake_target=None, cmake_target_skip_unavailable=False, cmake_clean_cache=False, cmake_clean_first=False, cmake_force_configure=False, ament_cmake_args=None, catkin_cmake_args=None, catkin_skip_building_tests=False, mixin_files=None, mixin=None, verb_parser=<colcon_mixin.mixin.mixin_argument.MixinArgumentDecorator object at 0x78a2339f7a90>, verb_extension=<colcon_core.verb.build.BuildVerb object at 0x78a233b8c190>, main=<bound method BuildVerb.main of <colcon_core.verb.build.BuildVerb object at 0x78a233b8c190>>, mixin_verb=('build',))
[10.250s] Level 1:colcon.colcon_core.package_discovery:discover_packages(colcon_meta) check parameters
[10.250s] Level 1:colcon.colcon_core.package_discovery:discover_packages(recursive) check parameters
[10.250s] Level 1:colcon.colcon_core.package_discovery:discover_packages(ignore) check parameters
[10.250s] Level 1:colcon.colcon_core.package_discovery:discover_packages(path) check parameters
[10.251s] Level 1:colcon.colcon_core.package_discovery:discover_packages(colcon_meta) discover
[10.251s] Level 1:colcon.colcon_core.package_discovery:discover_packages(recursive) discover
[10.251s] INFO:colcon.colcon_core.package_discovery:Crawling recursively for packages in '/home/sathvik/git/Ros2/gbasic'
[10.251s] Level 1:colcon.colcon_core.package_identification:_identify(.) by extensions ['ignore', 'ignore_ament_install']
[10.251s] Level 1:colcon.colcon_core.package_identification:_identify(.) by extension 'ignore'
[10.251s] Level 1:colcon.colcon_core.package_identification:_identify(.) by extension 'ignore_ament_install'
[10.252s] Level 1:colcon.colcon_core.package_identification:_identify(.) by extensions ['colcon_pkg']
[10.252s] Level 1:colcon.colcon_core.package_identification:_identify(.) by extension 'colcon_pkg'
[10.252s] Level 1:colcon.colcon_core.package_identification:_identify(.) by extensions ['colcon_meta']
[10.252s] Level 1:colcon.colcon_core.package_identification:_identify(.) by extension 'colcon_meta'
[10.252s] Level 1:colcon.colcon_core.package_identification:_identify(.) by extensions ['ros']
[10.252s] Level 1:colcon.colcon_core.package_identification:_identify(.) by extension 'ros'
[10.306s] Level 1:colcon.colcon_core.package_identification:_identify(.) by extensions ['cmake', 'python']
[10.306s] Level 1:colcon.colcon_core.package_identification:_identify(.) by extension 'cmake'
[10.306s] Level 1:colcon.colcon_core.package_identification:_identify(.) by extension 'python'
[10.306s] Level 1:colcon.colcon_core.package_identification:_identify(.) by extensions ['python_setup_py']
[10.306s] Level 1:colcon.colcon_core.package_identification:_identify(.) by extension 'python_setup_py'
[10.327s] Level 1:colcon.colcon_core.package_identification:_identify(build) by extensions ['ignore', 'ignore_ament_install']
[10.327s] Level 1:colcon.colcon_core.package_identification:_identify(build) by extension 'ignore'
[10.327s] Level 1:colcon.colcon_core.package_identification:_identify(build) ignored
[10.349s] Level 1:colcon.colcon_core.package_identification:_identify(install) by extensions ['ignore', 'ignore_ament_install']
[10.350s] Level 1:colcon.colcon_core.package_identification:_identify(install) by extension 'ignore'
[10.350s] Level 1:colcon.colcon_core.package_identification:_identify(install) ignored
[10.350s] Level 1:colcon.colcon_core.package_identification:_identify(log) by extensions ['ignore', 'ignore_ament_install']
[10.350s] Level 1:colcon.colcon_core.package_identification:_identify(log) by extension 'ignore'
[10.351s] Level 1:colcon.colcon_core.package_identification:_identify(log) ignored
[10.369s] Level 1:colcon.colcon_core.package_identification:_identify(src) by extensions ['ignore', 'ignore_ament_install']
[10.370s] Level 1:colcon.colcon_core.package_identification:_identify(src) by extension 'ignore'
[10.370s] Level 1:colcon.colcon_core.package_identification:_identify(src) by extension 'ignore_ament_install'
[10.370s] Level 1:colcon.colcon_core.package_identification:_identify(src) by extensions ['colcon_pkg']
[10.370s] Level 1:colcon.colcon_core.package_identification:_identify(src) by extension 'colcon_pkg'
[10.370s] Level 1:colcon.colcon_core.package_identification:_identify(src) by extensions ['colcon_meta']
[10.370s] Level 1:colcon.colcon_core.package_identification:_identify(src) by extension 'colcon_meta'
[10.370s] Level 1:colcon.colcon_core.package_identification:_identify(src) by extensions ['ros']
[10.371s] Level 1:colcon.colcon_core.package_identification:_identify(src) by extension 'ros'
[10.371s] Level 1:colcon.colcon_core.package_identification:_identify(src) by extensions ['cmake', 'python']
[10.371s] Level 1:colcon.colcon_core.package_identification:_identify(src) by extension 'cmake'
[10.371s] Level 1:colcon.colcon_core.package_identification:_identify(src) by extension 'python'
[10.371s] Level 1:colcon.colcon_core.package_identification:_identify(src) by extensions ['python_setup_py']
[10.371s] Level 1:colcon.colcon_core.package_identification:_identify(src) by extension 'python_setup_py'
[10.371s] Level 1:colcon.colcon_core.package_identification:_identify(src/package) by extensions ['ignore', 'ignore_ament_install']
[10.372s] Level 1:colcon.colcon_core.package_identification:_identify(src/package) by extension 'ignore'
[10.372s] Level 1:colcon.colcon_core.package_identification:_identify(src/package) by extension 'ignore_ament_install'
[10.372s] Level 1:colcon.colcon_core.package_identification:_identify(src/package) by extensions ['colcon_pkg']
[10.372s] Level 1:colcon.colcon_core.package_identification:_identify(src/package) by extension 'colcon_pkg'
[10.372s] Level 1:colcon.colcon_core.package_identification:_identify(src/package) by extensions ['colcon_meta']
[10.372s] Level 1:colcon.colcon_core.package_identification:_identify(src/package) by extension 'colcon_meta'
[10.372s] Level 1:colcon.colcon_core.package_identification:_identify(src/package) by extensions ['ros']
[10.372s] Level 1:colcon.colcon_core.package_identification:_identify(src/package) by extension 'ros'
[10.404s] DEBUG:colcon.colcon_core.package_identification:Package 'src/package' with type 'ros.ament_cmake' and name 'package'
[10.404s] Level 1:colcon.colcon_core.package_discovery:discover_packages(recursive) using defaults
[10.404s] Level 1:colcon.colcon_core.package_discovery:discover_packages(ignore) discover
[10.404s] Level 1:colcon.colcon_core.package_discovery:discover_packages(ignore) using defaults
[10.404s] Level 1:colcon.colcon_core.package_discovery:discover_packages(path) discover
[10.404s] Level 1:colcon.colcon_core.package_discovery:discover_packages(path) using defaults
[10.598s] Level 1:colcon.colcon_core.package_discovery:discover_packages(prefix_path) check parameters
[10.598s] Level 1:colcon.colcon_core.package_discovery:discover_packages(prefix_path) discover
[10.624s] DEBUG:colcon.colcon_installed_package_information.package_discovery:Found 1 installed packages in /home/sathvik/git/Ros2/gbasic/install
[10.661s] DEBUG:colcon.colcon_installed_package_information.package_discovery:Found 359 installed packages in /opt/ros/iron
[10.667s] Level 1:colcon.colcon_core.package_discovery:discover_packages(prefix_path) using defaults
[15.201s] Level 5:colcon.colcon_core.verb:set package 'package' build argument 'cmake_args' from command line to 'None'
[15.201s] Level 5:colcon.colcon_core.verb:set package 'package' build argument 'cmake_target' from command line to 'None'
[15.201s] Level 5:colcon.colcon_core.verb:set package 'package' build argument 'cmake_target_skip_unavailable' from command line to 'False'
[15.201s] Level 5:colcon.colcon_core.verb:set package 'package' build argument 'cmake_clean_cache' from command line to 'False'
[15.201s] Level 5:colcon.colcon_core.verb:set package 'package' build argument 'cmake_clean_first' from command line to 'False'
[15.201s] Level 5:colcon.colcon_core.verb:set package 'package' build argument 'cmake_force_configure' from command line to 'False'
[15.201s] Level 5:colcon.colcon_core.verb:set package 'package' build argument 'ament_cmake_args' from command line to 'None'
[15.201s] Level 5:colcon.colcon_core.verb:set package 'package' build argument 'catkin_cmake_args' from command line to 'None'
[15.201s] Level 5:colcon.colcon_core.verb:set package 'package' build argument 'catkin_skip_building_tests' from command line to 'False'
[15.201s] DEBUG:colcon.colcon_core.verb:Building package 'package' with the following arguments: {'ament_cmake_args': None, 'build_base': '/home/sathvik/git/Ros2/gbasic/build/package', 'catkin_cmake_args': None, 'catkin_skip_building_tests': False, 'cmake_args': None, 'cmake_clean_cache': False, 'cmake_clean_first': False, 'cmake_force_configure': False, 'cmake_target': None, 'cmake_target_skip_unavailable': False, 'install_base': '/home/sathvik/git/Ros2/gbasic/install/package', 'merge_install': False, 'path': '/home/sathvik/git/Ros2/gbasic/src/package', 'symlink_install': False, 'test_result_base': None}
[15.201s] INFO:colcon.colcon_core.executor:Executing jobs using 'parallel' executor
[15.202s] DEBUG:colcon.colcon_parallel_executor.executor.parallel:run_until_complete
[15.203s] INFO:colcon.colcon_ros.task.ament_cmake.build:Building ROS package in '/home/sathvik/git/Ros2/gbasic/src/package' with build type 'ament_cmake'
[15.203s] INFO:colcon.colcon_cmake.task.cmake.build:Building CMake package in '/home/sathvik/git/Ros2/gbasic/src/package'
[15.301s] INFO:colcon.colcon_core.plugin_system:Skipping extension 'colcon_core.shell.bat': Not used on non-Windows systems
[15.302s] INFO:colcon.colcon_core.shell:Skip shell extension 'powershell' for command environment: Not usable outside of PowerShell
[15.302s] DEBUG:colcon.colcon_core.shell:Skip shell extension 'dsv' for command environment
[15.353s] DEBUG:colcon.colcon_core.event_handler.log_command:Invoking command in '/home/sathvik/git/Ros2/gbasic/build/package': CMAKE_PREFIX_PATH=${CMAKE_PREFIX_PATH}:/opt/ros/iron /usr/bin/cmake --build /home/sathvik/git/Ros2/gbasic/build/package -- -j4 -l4
[15.523s] DEBUG:colcon.colcon_core.event_handler.log_command:Invoked command in '/home/sathvik/git/Ros2/gbasic/build/package' returned '0': CMAKE_PREFIX_PATH=${CMAKE_PREFIX_PATH}:/opt/ros/iron /usr/bin/cmake --build /home/sathvik/git/Ros2/gbasic/build/package -- -j4 -l4
[15.556s] DEBUG:colcon.colcon_core.event_handler.log_command:Invoking command in '/home/sathvik/git/Ros2/gbasic/build/package': CMAKE_PREFIX_PATH=${CMAKE_PREFIX_PATH}:/opt/ros/iron /usr/bin/cmake --install /home/sathvik/git/Ros2/gbasic/build/package
[15.657s] Level 1:colcon.colcon_core.environment:create_environment_scripts_only(package)
[15.658s] DEBUG:colcon.colcon_core.event_handler.log_command:Invoked command in '/home/sathvik/git/Ros2/gbasic/build/package' returned '0': CMAKE_PREFIX_PATH=${CMAKE_PREFIX_PATH}:/opt/ros/iron /usr/bin/cmake --install /home/sathvik/git/Ros2/gbasic/build/package
[15.700s] Level 1:colcon.colcon_core.environment:checking '/home/sathvik/git/Ros2/gbasic/install/package' for CMake module files
[15.717s] Level 1:colcon.colcon_core.environment:checking '/home/sathvik/git/Ros2/gbasic/install/package' for CMake config files
[15.887s] Level 1:colcon.colcon_core.shell:create_environment_hook('package', 'cmake_prefix_path')
[15.888s] INFO:colcon.colcon_core.shell:Creating environment hook '/home/sathvik/git/Ros2/gbasic/install/package/share/package/hook/cmake_prefix_path.ps1'
[15.899s] INFO:colcon.colcon_core.shell:Creating environment descriptor '/home/sathvik/git/Ros2/gbasic/install/package/share/package/hook/cmake_prefix_path.dsv'
[15.900s] INFO:colcon.colcon_core.shell:Creating environment hook '/home/sathvik/git/Ros2/gbasic/install/package/share/package/hook/cmake_prefix_path.sh'
[15.903s] Level 1:colcon.colcon_core.environment:checking '/home/sathvik/git/Ros2/gbasic/install/package/bin'
[15.903s] Level 1:colcon.colcon_core.environment:checking '/home/sathvik/git/Ros2/gbasic/install/package/lib/pkgconfig/package.pc'
[15.904s] Level 1:colcon.colcon_core.environment:checking '/home/sathvik/git/Ros2/gbasic/install/package/lib/python3.10/site-packages'
[15.904s] Level 1:colcon.colcon_core.environment:checking '/home/sathvik/git/Ros2/gbasic/install/package/bin'
[15.905s] INFO:colcon.colcon_core.shell:Creating package script '/home/sathvik/git/Ros2/gbasic/install/package/share/package/package.ps1'
[15.907s] INFO:colcon.colcon_core.shell:Creating package descriptor '/home/sathvik/git/Ros2/gbasic/install/package/share/package/package.dsv'
[15.909s] INFO:colcon.colcon_core.shell:Creating package script '/home/sathvik/git/Ros2/gbasic/install/package/share/package/package.sh'
[15.910s] INFO:colcon.colcon_core.shell:Creating package script '/home/sathvik/git/Ros2/gbasic/install/package/share/package/package.bash'
[15.931s] INFO:colcon.colcon_core.shell:Creating package script '/home/sathvik/git/Ros2/gbasic/install/package/share/package/package.zsh'
[15.949s] Level 1:colcon.colcon_core.environment:create_file_with_runtime_dependencies(/home/sathvik/git/Ros2/gbasic/install/package/share/colcon-core/packages/package)
[15.977s] Level 1:colcon.colcon_core.environment:create_environment_scripts_only(package)
[15.978s] Level 1:colcon.colcon_core.environment:checking '/home/sathvik/git/Ros2/gbasic/install/package' for CMake module files
[15.979s] Level 1:colcon.colcon_core.environment:checking '/home/sathvik/git/Ros2/gbasic/install/package' for CMake config files
[15.979s] Level 1:colcon.colcon_core.shell:create_environment_hook('package', 'cmake_prefix_path')
[15.980s] INFO:colcon.colcon_core.shell:Creating environment hook '/home/sathvik/git/Ros2/gbasic/install/package/share/package/hook/cmake_prefix_path.ps1'
[15.980s] INFO:colcon.colcon_core.shell:Creating environment descriptor '/home/sathvik/git/Ros2/gbasic/install/package/share/package/hook/cmake_prefix_path.dsv'
[15.981s] INFO:colcon.colcon_core.shell:Creating environment hook '/home/sathvik/git/Ros2/gbasic/install/package/share/package/hook/cmake_prefix_path.sh'
[15.981s] Level 1:colcon.colcon_core.environment:checking '/home/sathvik/git/Ros2/gbasic/install/package/bin'
[15.981s] Level 1:colcon.colcon_core.environment:checking '/home/sathvik/git/Ros2/gbasic/install/package/lib/pkgconfig/package.pc'
[15.981s] Level 1:colcon.colcon_core.environment:checking '/home/sathvik/git/Ros2/gbasic/install/package/lib/python3.10/site-packages'
[15.982s] Level 1:colcon.colcon_core.environment:checking '/home/sathvik/git/Ros2/gbasic/install/package/bin'
[15.982s] INFO:colcon.colcon_core.shell:Creating package script '/home/sathvik/git/Ros2/gbasic/install/package/share/package/package.ps1'
[15.982s] INFO:colcon.colcon_core.shell:Creating package descriptor '/home/sathvik/git/Ros2/gbasic/install/package/share/package/package.dsv'
[15.983s] INFO:colcon.colcon_core.shell:Creating package script '/home/sathvik/git/Ros2/gbasic/install/package/share/package/package.sh'
[15.983s] INFO:colcon.colcon_core.shell:Creating package script '/home/sathvik/git/Ros2/gbasic/install/package/share/package/package.bash'
[15.983s] INFO:colcon.colcon_core.shell:Creating package script '/home/sathvik/git/Ros2/gbasic/install/package/share/package/package.zsh'
[15.984s] Level 1:colcon.colcon_core.environment:create_file_with_runtime_dependencies(/home/sathvik/git/Ros2/gbasic/install/package/share/colcon-core/packages/package)
[15.984s] DEBUG:colcon.colcon_parallel_executor.executor.parallel:closing loop
[15.984s] DEBUG:colcon.colcon_parallel_executor.executor.parallel:loop closed
[15.984s] DEBUG:colcon.colcon_parallel_executor.executor.parallel:run_until_complete finished with '0'
[15.984s] DEBUG:colcon.colcon_core.event_reactor:joining thread
[16.001s] INFO:colcon.colcon_core.plugin_system:Skipping extension 'colcon_notification.desktop_notification.terminal_notifier': Not used on non-Darwin systems
[16.001s] INFO:colcon.colcon_core.plugin_system:Skipping extension 'colcon_notification.desktop_notification.win32': Not used on non-Windows systems
[16.001s] INFO:colcon.colcon_notification.desktop_notification:Sending desktop notification using 'notify2'
[16.015s] DEBUG:colcon.colcon_core.event_reactor:joined thread
[16.015s] INFO:colcon.colcon_core.shell:Creating prefix script '/home/sathvik/git/Ros2/gbasic/install/local_setup.ps1'
[16.017s] INFO:colcon.colcon_core.shell:Creating prefix util module '/home/sathvik/git/Ros2/gbasic/install/_local_setup_util_ps1.py'
[16.035s] INFO:colcon.colcon_core.shell:Creating prefix chain script '/home/sathvik/git/Ros2/gbasic/install/setup.ps1'
[16.037s] INFO:colcon.colcon_core.shell:Creating prefix script '/home/sathvik/git/Ros2/gbasic/install/local_setup.sh'
[16.038s] INFO:colcon.colcon_core.shell:Creating prefix util module '/home/sathvik/git/Ros2/gbasic/install/_local_setup_util_sh.py'
[16.039s] INFO:colcon.colcon_core.shell:Creating prefix chain script '/home/sathvik/git/Ros2/gbasic/install/setup.sh'
[16.041s] INFO:colcon.colcon_core.shell:Creating prefix script '/home/sathvik/git/Ros2/gbasic/install/local_setup.bash'
[16.041s] INFO:colcon.colcon_core.shell:Creating prefix chain script '/home/sathvik/git/Ros2/gbasic/install/setup.bash'
[16.043s] INFO:colcon.colcon_core.shell:Creating prefix script '/home/sathvik/git/Ros2/gbasic/install/local_setup.zsh'
[16.043s] INFO:colcon.colcon_core.shell:Creating prefix chain script '/home/sathvik/git/Ros2/gbasic/install/setup.zsh'
