[0.124s] Invoking command in '/home/sathvik/git/Ros2/rosnav2/build/package': CMAKE_PREFIX_PATH=${CMAKE_PREFIX_PATH}:/opt/ros/iron /usr/bin/cmake --build /home/sathvik/git/Ros2/rosnav2/build/package -- -j4 -l4
[0.767s] Invoked command in '/home/sathvik/git/Ros2/rosnav2/build/package' returned '0': CMAKE_PREFIX_PATH=${CMAKE_PREFIX_PATH}:/opt/ros/iron /usr/bin/cmake --build /home/sathvik/git/Ros2/rosnav2/build/package -- -j4 -l4
[0.816s] Invoking command in '/home/sathvik/git/Ros2/rosnav2/build/package': CMAKE_PREFIX_PATH=${CMAKE_PREFIX_PATH}:/opt/ros/iron /usr/bin/cmake --install /home/sathvik/git/Ros2/rosnav2/build/package
[0.830s] -- Install configuration: ""
[0.833s] -- Up-to-date: /home/sathvik/git/Ros2/rosnav2/install/package/share/package/launch
[0.852s] -- Up-to-date: /home/sathvik/git/Ros2/rosnav2/install/package/share/package/launch/local_params.yaml
[0.852s] -- Up-to-date: /home/sathvik/git/Ros2/rosnav2/install/package/share/package/launch/slammap.yaml
[0.852s] -- Up-to-date: /home/sathvik/git/Ros2/rosnav2/install/package/share/package/launch/slammap.pgm
[0.852s] -- Up-to-date: /home/sathvik/git/Ros2/rosnav2/install/package/share/package/launch/launch.py
[0.852s] -- Up-to-date: /home/sathvik/git/Ros2/rosnav2/install/package/share/package/launch/nav2params.yaml
[0.853s] -- Up-to-date: /home/sathvik/git/Ros2/rosnav2/install/package/share/package/urdf
[0.853s] -- Up-to-date: /home/sathvik/git/Ros2/rosnav2/install/package/share/package/urdf/robo.urdf
[0.853s] -- Up-to-date: /home/sathvik/git/Ros2/rosnav2/install/package/share/package/urdf/file.world
[0.854s] -- Up-to-date: /home/sathvik/git/Ros2/rosnav2/install/package/share/ament_index/resource_index/package_run_dependencies/package
[0.855s] -- Up-to-date: /home/sathvik/git/Ros2/rosnav2/install/package/share/ament_index/resource_index/parent_prefix_path/package
[0.855s] -- Up-to-date: /home/sathvik/git/Ros2/rosnav2/install/package/share/package/environment/ament_prefix_path.sh
[0.855s] -- Up-to-date: /home/sathvik/git/Ros2/rosnav2/install/package/share/package/environment/ament_prefix_path.dsv
[0.856s] -- Up-to-date: /home/sathvik/git/Ros2/rosnav2/install/package/share/package/environment/path.sh
[0.856s] -- Up-to-date: /home/sathvik/git/Ros2/rosnav2/install/package/share/package/environment/path.dsv
[0.856s] -- Up-to-date: /home/sathvik/git/Ros2/rosnav2/install/package/share/package/local_setup.bash
[0.856s] -- Up-to-date: /home/sathvik/git/Ros2/rosnav2/install/package/share/package/local_setup.sh
[0.857s] -- Up-to-date: /home/sathvik/git/Ros2/rosnav2/install/package/share/package/local_setup.zsh
[0.857s] -- Up-to-date: /home/sathvik/git/Ros2/rosnav2/install/package/share/package/local_setup.dsv
[0.857s] -- Installing: /home/sathvik/git/Ros2/rosnav2/install/package/share/package/package.dsv
[0.858s] -- Up-to-date: /home/sathvik/git/Ros2/rosnav2/install/package/share/ament_index/resource_index/packages/package
[0.859s] -- Up-to-date: /home/sathvik/git/Ros2/rosnav2/install/package/share/package/cmake/packageConfig.cmake
[0.860s] -- Up-to-date: /home/sathvik/git/Ros2/rosnav2/install/package/share/package/cmake/packageConfig-version.cmake
[0.861s] -- Up-to-date: /home/sathvik/git/Ros2/rosnav2/install/package/share/package/package.xml
[0.865s] Invoked command in '/home/sathvik/git/Ros2/rosnav2/build/package' returned '0': CMAKE_PREFIX_PATH=${CMAKE_PREFIX_PATH}:/opt/ros/iron /usr/bin/cmake --install /home/sathvik/git/Ros2/rosnav2/build/package
