-- Install configuration: ""
-- Up-to-date: /home/sathvik/git/Ros2/rosnav2/install/package/share/package/launch
-- Up-to-date: /home/sathvik/git/Ros2/rosnav2/install/package/share/package/launch/local_params.yaml
-- Installing: /home/sathvik/git/Ros2/rosnav2/install/package/share/package/launch/slammap.yaml
-- Up-to-date: /home/sathvik/git/Ros2/rosnav2/install/package/share/package/launch/slammap.pgm
-- Up-to-date: /home/sathvik/git/Ros2/rosnav2/install/package/share/package/launch/launch.py
-- Up-to-date: /home/sathvik/git/Ros2/rosnav2/install/package/share/package/launch/nav2params.yaml
-- Up-to-date: /home/sathvik/git/Ros2/rosnav2/install/package/share/package/urdf
-- Up-to-date: /home/sathvik/git/Ros2/rosnav2/install/package/share/package/urdf/robo.urdf
-- Up-to-date: /home/sathvik/git/Ros2/rosnav2/install/package/share/package/urdf/file.world
-- Up-to-date: /home/sathvik/git/Ros2/rosnav2/install/package/share/ament_index/resource_index/package_run_dependencies/package
-- Up-to-date: /home/sathvik/git/Ros2/rosnav2/install/package/share/ament_index/resource_index/parent_prefix_path/package
-- Up-to-date: /home/sathvik/git/Ros2/rosnav2/install/package/share/package/environment/ament_prefix_path.sh
-- Up-to-date: /home/sathvik/git/Ros2/rosnav2/install/package/share/package/environment/ament_prefix_path.dsv
-- Up-to-date: /home/sathvik/git/Ros2/rosnav2/install/package/share/package/environment/path.sh
-- Up-to-date: /home/sathvik/git/Ros2/rosnav2/install/package/share/package/environment/path.dsv
-- Up-to-date: /home/sathvik/git/Ros2/rosnav2/install/package/share/package/local_setup.bash
-- Up-to-date: /home/sathvik/git/Ros2/rosnav2/install/package/share/package/local_setup.sh
-- Up-to-date: /home/sathvik/git/Ros2/rosnav2/install/package/share/package/local_setup.zsh
-- Up-to-date: /home/sathvik/git/Ros2/rosnav2/install/package/share/package/local_setup.dsv
-- Installing: /home/sathvik/git/Ros2/rosnav2/install/package/share/package/package.dsv
-- Up-to-date: /home/sathvik/git/Ros2/rosnav2/install/package/share/ament_index/resource_index/packages/package
-- Up-to-date: /home/sathvik/git/Ros2/rosnav2/install/package/share/package/cmake/packageConfig.cmake
-- Up-to-date: /home/sathvik/git/Ros2/rosnav2/install/package/share/package/cmake/packageConfig-version.cmake
-- Up-to-date: /home/sathvik/git/Ros2/rosnav2/install/package/share/package/package.xml
