[0.057s] Invoking command in '/home/sathvik/git/Ros2/gbasic/build/package': CMAKE_PREFIX_PATH=${CMAKE_PREFIX_PATH}:/opt/ros/iron /usr/bin/cmake /home/sathvik/git/Ros2/gbasic/src/package -DCMAKE_INSTALL_PREFIX=/home/sathvik/git/Ros2/gbasic/install/package
[1.389s] -- The C compiler identification is GNU 11.4.0
[1.967s] -- The CXX compiler identification is GNU 11.4.0
[1.997s] -- Detecting C compiler ABI info
[2.192s] -- Detecting C compiler ABI info - done
[2.198s] -- Check for working C compiler: /usr/bin/cc - skipped
[2.199s] -- Detecting C compile features
[2.216s] -- Detecting C compile features - done
[2.222s] -- Detecting CXX compiler ABI info
[2.316s] -- Detecting CXX compiler ABI info - done
[2.323s] -- Check for working CXX compiler: /usr/bin/c++ - skipped
[2.323s] -- Detecting CXX compile features
[2.323s] -- Detecting CXX compile features - done
[2.362s] -- Found ament_cmake: 2.0.6 (/opt/ros/iron/share/ament_cmake/cmake)
[2.641s] -- Found Python3: /usr/bin/python3.10 (found version "3.10.12") found components: Interpreter 
[2.902s] -- Found ament_lint_auto: 0.14.4 (/opt/ros/iron/share/ament_lint_auto/cmake)
[3.096s] -- Added test 'lint_cmake' to check CMake code style
[3.100s] -- Added test 'xmllint' to check XML markup files
[3.103s] -- Configuring done
[3.109s] -- Generating done
[3.110s] -- Build files have been written to: /home/sathvik/git/Ros2/gbasic/build/package
[3.115s] Invoked command in '/home/sathvik/git/Ros2/gbasic/build/package' returned '0': CMAKE_PREFIX_PATH=${CMAKE_PREFIX_PATH}:/opt/ros/iron /usr/bin/cmake /home/sathvik/git/Ros2/gbasic/src/package -DCMAKE_INSTALL_PREFIX=/home/sathvik/git/Ros2/gbasic/install/package
[3.117s] Invoking command in '/home/sathvik/git/Ros2/gbasic/build/package': CMAKE_PREFIX_PATH=${CMAKE_PREFIX_PATH}:/opt/ros/iron /usr/bin/cmake --build /home/sathvik/git/Ros2/gbasic/build/package -- -j4 -l4
[3.156s] Invoked command in '/home/sathvik/git/Ros2/gbasic/build/package' returned '0': CMAKE_PREFIX_PATH=${CMAKE_PREFIX_PATH}:/opt/ros/iron /usr/bin/cmake --build /home/sathvik/git/Ros2/gbasic/build/package -- -j4 -l4
[3.182s] Invoking command in '/home/sathvik/git/Ros2/gbasic/build/package': CMAKE_PREFIX_PATH=${CMAKE_PREFIX_PATH}:/opt/ros/iron /usr/bin/cmake --install /home/sathvik/git/Ros2/gbasic/build/package
[3.190s] -- Install configuration: ""
[3.190s] -- Installing: /home/sathvik/git/Ros2/gbasic/install/package/share/package/launch
[3.190s] -- Installing: /home/sathvik/git/Ros2/gbasic/install/package/share/package/launch/launch.xml
[3.190s] -- Installing: /home/sathvik/git/Ros2/gbasic/install/package/share/package/urdf
[3.190s] -- Installing: /home/sathvik/git/Ros2/gbasic/install/package/share/package/urdf/robo.urdf
[3.190s] -- Installing: /home/sathvik/git/Ros2/gbasic/install/package/share/ament_index/resource_index/package_run_dependencies/package
[3.190s] -- Installing: /home/sathvik/git/Ros2/gbasic/install/package/share/ament_index/resource_index/parent_prefix_path/package
[3.191s] -- Installing: /home/sathvik/git/Ros2/gbasic/install/package/share/package/environment/ament_prefix_path.sh
[3.191s] -- Installing: /home/sathvik/git/Ros2/gbasic/install/package/share/package/environment/ament_prefix_path.dsv
[3.191s] -- Installing: /home/sathvik/git/Ros2/gbasic/install/package/share/package/environment/path.sh
[3.191s] -- Installing: /home/sathvik/git/Ros2/gbasic/install/package/share/package/environment/path.dsv
[3.191s] -- Installing: /home/sathvik/git/Ros2/gbasic/install/package/share/package/local_setup.bash
[3.191s] -- Installing: /home/sathvik/git/Ros2/gbasic/install/package/share/package/local_setup.sh
[3.191s] -- Installing: /home/sathvik/git/Ros2/gbasic/install/package/share/package/local_setup.zsh
[3.191s] -- Installing: /home/sathvik/git/Ros2/gbasic/install/package/share/package/local_setup.dsv
[3.191s] -- Installing: /home/sathvik/git/Ros2/gbasic/install/package/share/package/package.dsv
[3.191s] -- Installing: /home/sathvik/git/Ros2/gbasic/install/package/share/ament_index/resource_index/packages/package
[3.192s] -- Installing: /home/sathvik/git/Ros2/gbasic/install/package/share/package/cmake/packageConfig.cmake
[3.192s] -- Installing: /home/sathvik/git/Ros2/gbasic/install/package/share/package/cmake/packageConfig-version.cmake
[3.192s] -- Installing: /home/sathvik/git/Ros2/gbasic/install/package/share/package/package.xml
[3.193s] Invoked command in '/home/sathvik/git/Ros2/gbasic/build/package' returned '0': CMAKE_PREFIX_PATH=${CMAKE_PREFIX_PATH}:/opt/ros/iron /usr/bin/cmake --install /home/sathvik/git/Ros2/gbasic/build/package
